{"D:\\meter\\backend\\src\\services\\ai-engine.js": {"path":"D:\\meter\\backend\\src\\services\\ai-engine.js","statementMap":{"0":{"start":{"line":11,"column":12},"end":{"line":11,"column":null}},"1":{"start":{"line":12,"column":18},"end":{"line":12,"column":null}},"2":{"start":{"line":15,"column":2},"end":{"line":19,"column":null}},"3":{"start":{"line":16,"column":20},"end":{"line":16,"column":null}},"4":{"start":{"line":17,"column":18},"end":{"line":17,"column":null}},"5":{"start":{"line":18,"column":4},"end":{"line":18,"column":null}},"6":{"start":{"line":20,"column":2},"end":{"line":24,"column":null}},"7":{"start":{"line":21,"column":19},"end":{"line":21,"column":null}},"8":{"start":{"line":22,"column":22},"end":{"line":22,"column":null}},"9":{"start":{"line":23,"column":4},"end":{"line":23,"column":null}},"10":{"start":{"line":25,"column":2},"end":{"line":28,"column":null}},"11":{"start":{"line":26,"column":18},"end":{"line":26,"column":null}},"12":{"start":{"line":27,"column":4},"end":{"line":27,"column":null}},"13":{"start":{"line":29,"column":2},"end":{"line":33,"column":null}},"14":{"start":{"line":30,"column":18},"end":{"line":30,"column":28}},"15":{"start":{"line":30,"column":30},"end":{"line":30,"column":null}},"16":{"start":{"line":31,"column":18},"end":{"line":31,"column":null}},"17":{"start":{"line":32,"column":4},"end":{"line":32,"column":null}},"18":{"start":{"line":34,"column":2},"end":{"line":37,"column":null}},"19":{"start":{"line":35,"column":18},"end":{"line":35,"column":null}},"20":{"start":{"line":36,"column":4},"end":{"line":36,"column":null}},"21":{"start":{"line":38,"column":2},"end":{"line":41,"column":null}},"22":{"start":{"line":39,"column":18},"end":{"line":39,"column":null}},"23":{"start":{"line":40,"column":4},"end":{"line":40,"column":null}},"24":{"start":{"line":40,"column":69},"end":{"line":40,"column":75}},"25":{"start":{"line":40,"column":105},"end":{"line":40,"column":111}},"26":{"start":{"line":40,"column":122},"end":{"line":40,"column":153}},"27":{"start":{"line":43,"column":2},"end":{"line":45,"column":null}},"28":{"start":{"line":44,"column":4},"end":{"line":44,"column":null}},"29":{"start":{"line":47,"column":2},"end":{"line":47,"column":null}},"30":{"start":{"line":53,"column":18},"end":{"line":53,"column":null}},"31":{"start":{"line":54,"column":2},"end":{"line":54,"column":null}},"32":{"start":{"line":54,"column":16},"end":{"line":54,"column":null}},"33":{"start":{"line":56,"column":19},"end":{"line":66,"column":null}},"34":{"start":{"line":62,"column":50},"end":{"line":62,"column":62}},"35":{"start":{"line":63,"column":64},"end":{"line":63,"column":76}},"36":{"start":{"line":68,"column":16},"end":{"line":68,"column":null}},"37":{"start":{"line":69,"column":2},"end":{"line":72,"column":null}},"38":{"start":{"line":69,"column":34},"end":{"line":69,"column":null}},"39":{"start":{"line":70,"column":7},"end":{"line":72,"column":null}},"40":{"start":{"line":70,"column":42},"end":{"line":70,"column":null}},"41":{"start":{"line":71,"column":7},"end":{"line":72,"column":null}},"42":{"start":{"line":71,"column":42},"end":{"line":71,"column":null}},"43":{"start":{"line":72,"column":7},"end":{"line":72,"column":null}},"44":{"start":{"line":74,"column":2},"end":{"line":74,"column":null}},"45":{"start":{"line":80,"column":19},"end":{"line":80,"column":null}},"46":{"start":{"line":81,"column":2},"end":{"line":81,"column":null}},"47":{"start":{"line":81,"column":27},"end":{"line":81,"column":null}},"48":{"start":{"line":83,"column":20},"end":{"line":83,"column":null}},"49":{"start":{"line":84,"column":2},"end":{"line":90,"column":null}},"50":{"start":{"line":84,"column":15},"end":{"line":84,"column":16}},"51":{"start":{"line":85,"column":17},"end":{"line":85,"column":null}},"52":{"start":{"line":86,"column":20},"end":{"line":86,"column":null}},"53":{"start":{"line":86,"column":60},"end":{"line":86,"column":103}},"54":{"start":{"line":87,"column":4},"end":{"line":89,"column":null}},"55":{"start":{"line":88,"column":6},"end":{"line":88,"column":null}},"56":{"start":{"line":92,"column":2},"end":{"line":99,"column":null}},"57":{"start":{"line":105,"column":19},"end":{"line":105,"column":null}},"58":{"start":{"line":106,"column":2},"end":{"line":106,"column":null}},"59":{"start":{"line":106,"column":28},"end":{"line":106,"column":null}},"60":{"start":{"line":109,"column":18},"end":{"line":109,"column":null}},"61":{"start":{"line":109,"column":39},"end":{"line":109,"column":50}},"62":{"start":{"line":110,"column":21},"end":{"line":110,"column":null}},"63":{"start":{"line":110,"column":54},"end":{"line":110,"column":65}},"64":{"start":{"line":110,"column":76},"end":{"line":110,"column":83}},"65":{"start":{"line":111,"column":35},"end":{"line":111,"column":null}},"66":{"start":{"line":112,"column":25},"end":{"line":112,"column":null}},"67":{"start":{"line":112,"column":55},"end":{"line":112,"column":62}},"68":{"start":{"line":114,"column":20},"end":{"line":114,"column":null}},"69":{"start":{"line":116,"column":2},"end":{"line":127,"column":null}},"70":{"start":{"line":133,"column":14},"end":{"line":133,"column":null}},"71":{"start":{"line":134,"column":25},"end":{"line":134,"column":null}},"72":{"start":{"line":136,"column":2},"end":{"line":136,"column":null}},"73":{"start":{"line":136,"column":33},"end":{"line":136,"column":null}},"74":{"start":{"line":138,"column":26},"end":{"line":138,"column":null}},"75":{"start":{"line":138,"column":58},"end":{"line":138,"column":69}},"76":{"start":{"line":139,"column":20},"end":{"line":139,"column":null}},"77":{"start":{"line":140,"column":25},"end":{"line":140,"column":null}},"78":{"start":{"line":143,"column":17},"end":{"line":143,"column":null}},"79":{"start":{"line":143,"column":52},"end":{"line":143,"column":117}},"80":{"start":{"line":144,"column":16},"end":{"line":144,"column":null}},"81":{"start":{"line":145,"column":15},"end":{"line":145,"column":null}},"82":{"start":{"line":146,"column":16},"end":{"line":146,"column":null}},"83":{"start":{"line":147,"column":21},"end":{"line":147,"column":null}},"84":{"start":{"line":149,"column":2},"end":{"line":158,"column":null}},"85":{"start":{"line":164,"column":18},"end":{"line":164,"column":null}},"86":{"start":{"line":165,"column":2},"end":{"line":165,"column":null}},"87":{"start":{"line":165,"column":16},"end":{"line":165,"column":null}},"88":{"start":{"line":167,"column":17},"end":{"line":167,"column":null}},"89":{"start":{"line":168,"column":2},"end":{"line":170,"column":null}},"90":{"start":{"line":169,"column":4},"end":{"line":169,"column":null}},"91":{"start":{"line":171,"column":2},"end":{"line":173,"column":null}},"92":{"start":{"line":172,"column":4},"end":{"line":172,"column":null}},"93":{"start":{"line":174,"column":2},"end":{"line":176,"column":null}},"94":{"start":{"line":175,"column":4},"end":{"line":175,"column":null}},"95":{"start":{"line":178,"column":2},"end":{"line":187,"column":null}},"96":{"start":{"line":186,"column":119},"end":{"line":186,"column":140}},"97":{"start":{"line":193,"column":77},"end":{"line":193,"column":null}},"98":{"start":{"line":195,"column":14},"end":{"line":195,"column":null}},"99":{"start":{"line":196,"column":20},"end":{"line":196,"column":null}},"100":{"start":{"line":197,"column":18},"end":{"line":197,"column":null}},"101":{"start":{"line":198,"column":19},"end":{"line":198,"column":null}},"102":{"start":{"line":199,"column":19},"end":{"line":199,"column":null}},"103":{"start":{"line":200,"column":23},"end":{"line":200,"column":null}},"104":{"start":{"line":202,"column":17},"end":{"line":208,"column":null}},"105":{"start":{"line":211,"column":2},"end":{"line":216,"column":null}},"106":{"start":{"line":212,"column":24},"end":{"line":212,"column":null}},"107":{"start":{"line":213,"column":4},"end":{"line":213,"column":null}},"108":{"start":{"line":214,"column":4},"end":{"line":214,"column":null}},"109":{"start":{"line":215,"column":4},"end":{"line":215,"column":null}},"110":{"start":{"line":218,"column":2},"end":{"line":218,"column":null}},"111":{"start":{"line":224,"column":12},"end":{"line":224,"column":null}},"112":{"start":{"line":226,"column":19},"end":{"line":234,"column":null}},"113":{"start":{"line":236,"column":18},"end":{"line":236,"column":null}},"114":{"start":{"line":236,"column":39},"end":{"line":236,"column":56}},"115":{"start":{"line":237,"column":2},"end":{"line":239,"column":null}},"116":{"start":{"line":238,"column":4},"end":{"line":238,"column":null}},"117":{"start":{"line":238,"column":52},"end":{"line":238,"column":57}},"118":{"start":{"line":238,"column":90},"end":{"line":238,"column":103}},"119":{"start":{"line":241,"column":2},"end":{"line":241,"column":null}},"120":{"start":{"line":247,"column":12},"end":{"line":247,"column":null}},"121":{"start":{"line":249,"column":20},"end":{"line":255,"column":null}},"122":{"start":{"line":258,"column":18},"end":{"line":258,"column":null}},"123":{"start":{"line":258,"column":40},"end":{"line":258,"column":80}},"124":{"start":{"line":259,"column":2},"end":{"line":259,"column":null}},"125":{"start":{"line":259,"column":26},"end":{"line":259,"column":null}},"126":{"start":{"line":262,"column":2},"end":{"line":262,"column":null}}},"fnMap":{"0":{"name":"aiOperator","decl":{"start":{"line":10,"column":22},"end":{"line":10,"column":32}},"loc":{"start":{"line":10,"column":40},"end":{"line":48,"column":null}},"line":10},"1":{"name":"(anonymous_1)","decl":{"start":{"line":40,"column":64},"end":{"line":40,"column":65}},"loc":{"start":{"line":40,"column":69},"end":{"line":40,"column":75}},"line":40},"2":{"name":"(anonymous_2)","decl":{"start":{"line":40,"column":100},"end":{"line":40,"column":101}},"loc":{"start":{"line":40,"column":105},"end":{"line":40,"column":111}},"line":40},"3":{"name":"(anonymous_3)","decl":{"start":{"line":40,"column":117},"end":{"line":40,"column":118}},"loc":{"start":{"line":40,"column":122},"end":{"line":40,"column":153}},"line":40},"4":{"name":"aiBillingAssistant","decl":{"start":{"line":52,"column":22},"end":{"line":52,"column":40}},"loc":{"start":{"line":52,"column":52},"end":{"line":75,"column":null}},"line":52},"5":{"name":"(anonymous_5)","decl":{"start":{"line":62,"column":40},"end":{"line":62,"column":41}},"loc":{"start":{"line":62,"column":50},"end":{"line":62,"column":62}},"line":62},"6":{"name":"(anonymous_6)","decl":{"start":{"line":63,"column":54},"end":{"line":63,"column":55}},"loc":{"start":{"line":63,"column":64},"end":{"line":63,"column":76}},"line":63},"7":{"name":"aiReadingValidator","decl":{"start":{"line":79,"column":22},"end":{"line":79,"column":40}},"loc":{"start":{"line":79,"column":50},"end":{"line":100,"column":null}},"line":79},"8":{"name":"(anonymous_8)","decl":{"start":{"line":86,"column":45},"end":{"line":86,"column":46}},"loc":{"start":{"line":86,"column":60},"end":{"line":86,"column":103}},"line":86},"9":{"name":"aiLeakDetection","decl":{"start":{"line":104,"column":22},"end":{"line":104,"column":37}},"loc":{"start":{"line":104,"column":47},"end":{"line":128,"column":null}},"line":104},"10":{"name":"(anonymous_10)","decl":{"start":{"line":109,"column":34},"end":{"line":109,"column":35}},"loc":{"start":{"line":109,"column":39},"end":{"line":109,"column":50}},"line":109},"11":{"name":"(anonymous_11)","decl":{"start":{"line":110,"column":49},"end":{"line":110,"column":50}},"loc":{"start":{"line":110,"column":54},"end":{"line":110,"column":65}},"line":110},"12":{"name":"(anonymous_12)","decl":{"start":{"line":110,"column":71},"end":{"line":110,"column":72}},"loc":{"start":{"line":110,"column":76},"end":{"line":110,"column":83}},"line":110},"13":{"name":"(anonymous_13)","decl":{"start":{"line":112,"column":50},"end":{"line":112,"column":51}},"loc":{"start":{"line":112,"column":55},"end":{"line":112,"column":62}},"line":112},"14":{"name":"aiForecasting","decl":{"start":{"line":132,"column":22},"end":{"line":132,"column":35}},"loc":{"start":{"line":132,"column":77},"end":{"line":159,"column":null}},"line":132},"15":{"name":"(anonymous_15)","decl":{"start":{"line":138,"column":48},"end":{"line":138,"column":49}},"loc":{"start":{"line":138,"column":58},"end":{"line":138,"column":69}},"line":138},"16":{"name":"(anonymous_16)","decl":{"start":{"line":143,"column":42},"end":{"line":143,"column":43}},"loc":{"start":{"line":143,"column":52},"end":{"line":143,"column":117}},"line":143},"17":{"name":"aiRootCauseAnalysis","decl":{"start":{"line":163,"column":22},"end":{"line":163,"column":41}},"loc":{"start":{"line":163,"column":53},"end":{"line":188,"column":null}},"line":163},"18":{"name":"(anonymous_18)","decl":{"start":{"line":186,"column":114},"end":{"line":186,"column":115}},"loc":{"start":{"line":186,"column":119},"end":{"line":186,"column":140}},"line":186},"19":{"name":"aiReportBuilder","decl":{"start":{"line":192,"column":22},"end":{"line":192,"column":37}},"loc":{"start":{"line":192,"column":46},"end":{"line":219,"column":null}},"line":192},"20":{"name":"aiSqlAssistant","decl":{"start":{"line":223,"column":22},"end":{"line":223,"column":36}},"loc":{"start":{"line":223,"column":54},"end":{"line":242,"column":null}},"line":223},"21":{"name":"(anonymous_21)","decl":{"start":{"line":236,"column":34},"end":{"line":236,"column":35}},"loc":{"start":{"line":236,"column":39},"end":{"line":236,"column":56}},"line":236},"22":{"name":"(anonymous_22)","decl":{"start":{"line":238,"column":47},"end":{"line":238,"column":48}},"loc":{"start":{"line":238,"column":52},"end":{"line":238,"column":57}},"line":238},"23":{"name":"(anonymous_23)","decl":{"start":{"line":238,"column":85},"end":{"line":238,"column":86}},"loc":{"start":{"line":238,"column":90},"end":{"line":238,"column":103}},"line":238},"24":{"name":"aiWorkflowGenerator","decl":{"start":{"line":246,"column":22},"end":{"line":246,"column":41}},"loc":{"start":{"line":246,"column":55},"end":{"line":263,"column":null}},"line":246},"25":{"name":"(anonymous_25)","decl":{"start":{"line":258,"column":35},"end":{"line":258,"column":36}},"loc":{"start":{"line":258,"column":40},"end":{"line":258,"column":80}},"line":258}},"branchMap":{"0":{"loc":{"start":{"line":15,"column":2},"end":{"line":19,"column":null}},"type":"if","locations":[{"start":{"line":15,"column":2},"end":{"line":19,"column":null}},{"start":{},"end":{}}],"line":15},"1":{"loc":{"start":{"line":15,"column":6},"end":{"line":15,"column":51}},"type":"binary-expr","locations":[{"start":{"line":15,"column":6},"end":{"line":15,"column":27}},{"start":{"line":15,"column":31},"end":{"line":15,"column":51}}],"line":15},"2":{"loc":{"start":{"line":18,"column":78},"end":{"line":18,"column":100}},"type":"binary-expr","locations":[{"start":{"line":18,"column":78},"end":{"line":18,"column":95}},{"start":{"line":18,"column":99},"end":{"line":18,"column":100}}],"line":18},"3":{"loc":{"start":{"line":18,"column":164},"end":{"line":18,"column":186}},"type":"binary-expr","locations":[{"start":{"line":18,"column":164},"end":{"line":18,"column":181}},{"start":{"line":18,"column":185},"end":{"line":18,"column":186}}],"line":18},"4":{"loc":{"start":{"line":20,"column":2},"end":{"line":24,"column":null}},"type":"if","locations":[{"start":{"line":20,"column":2},"end":{"line":24,"column":null}},{"start":{},"end":{}}],"line":20},"5":{"loc":{"start":{"line":20,"column":6},"end":{"line":20,"column":77}},"type":"binary-expr","locations":[{"start":{"line":20,"column":6},"end":{"line":20,"column":26}},{"start":{"line":20,"column":31},"end":{"line":20,"column":50}},{"start":{"line":20,"column":54},"end":{"line":20,"column":76}}],"line":20},"6":{"loc":{"start":{"line":25,"column":2},"end":{"line":28,"column":null}},"type":"if","locations":[{"start":{"line":25,"column":2},"end":{"line":28,"column":null}},{"start":{},"end":{}}],"line":25},"7":{"loc":{"start":{"line":25,"column":6},"end":{"line":25,"column":75}},"type":"binary-expr","locations":[{"start":{"line":25,"column":6},"end":{"line":25,"column":27}},{"start":{"line":25,"column":31},"end":{"line":25,"column":50}},{"start":{"line":25,"column":54},"end":{"line":25,"column":75}}],"line":25},"8":{"loc":{"start":{"line":27,"column":59},"end":{"line":27,"column":81}},"type":"binary-expr","locations":[{"start":{"line":27,"column":59},"end":{"line":27,"column":76}},{"start":{"line":27,"column":80},"end":{"line":27,"column":81}}],"line":27},"9":{"loc":{"start":{"line":27,"column":118},"end":{"line":27,"column":140}},"type":"binary-expr","locations":[{"start":{"line":27,"column":118},"end":{"line":27,"column":135}},{"start":{"line":27,"column":139},"end":{"line":27,"column":140}}],"line":27},"10":{"loc":{"start":{"line":29,"column":2},"end":{"line":33,"column":null}},"type":"if","locations":[{"start":{"line":29,"column":2},"end":{"line":33,"column":null}},{"start":{},"end":{}}],"line":29},"11":{"loc":{"start":{"line":29,"column":6},"end":{"line":29,"column":76}},"type":"binary-expr","locations":[{"start":{"line":29,"column":6},"end":{"line":29,"column":27}},{"start":{"line":29,"column":32},"end":{"line":29,"column":51}},{"start":{"line":29,"column":55},"end":{"line":29,"column":75}}],"line":29},"12":{"loc":{"start":{"line":34,"column":2},"end":{"line":37,"column":null}},"type":"if","locations":[{"start":{"line":34,"column":2},"end":{"line":37,"column":null}},{"start":{},"end":{}}],"line":34},"13":{"loc":{"start":{"line":34,"column":6},"end":{"line":34,"column":47}},"type":"binary-expr","locations":[{"start":{"line":34,"column":6},"end":{"line":34,"column":25}},{"start":{"line":34,"column":29},"end":{"line":34,"column":47}}],"line":34},"14":{"loc":{"start":{"line":38,"column":2},"end":{"line":41,"column":null}},"type":"if","locations":[{"start":{"line":38,"column":2},"end":{"line":41,"column":null}},{"start":{},"end":{}}],"line":38},"15":{"loc":{"start":{"line":38,"column":6},"end":{"line":38,"column":73}},"type":"binary-expr","locations":[{"start":{"line":38,"column":6},"end":{"line":38,"column":25}},{"start":{"line":38,"column":30},"end":{"line":38,"column":48}},{"start":{"line":38,"column":52},"end":{"line":38,"column":72}}],"line":38},"16":{"loc":{"start":{"line":43,"column":2},"end":{"line":45,"column":null}},"type":"if","locations":[{"start":{"line":43,"column":2},"end":{"line":45,"column":null}},{"start":{},"end":{}}],"line":43},"17":{"loc":{"start":{"line":54,"column":2},"end":{"line":54,"column":null}},"type":"if","locations":[{"start":{"line":54,"column":2},"end":{"line":54,"column":null}},{"start":{},"end":{}}],"line":54},"18":{"loc":{"start":{"line":58,"column":14},"end":{"line":58,"column":49}},"type":"binary-expr","locations":[{"start":{"line":58,"column":14},"end":{"line":58,"column":36}},{"start":{"line":58,"column":40},"end":{"line":58,"column":49}}],"line":58},"19":{"loc":{"start":{"line":65,"column":17},"end":{"line":65,"column":144}},"type":"cond-expr","locations":[{"start":{"line":65,"column":67},"end":{"line":65,"column":140}},{"start":{"line":65,"column":143},"end":{"line":65,"column":144}}],"line":65},"20":{"loc":{"start":{"line":65,"column":17},"end":{"line":65,"column":64}},"type":"binary-expr","locations":[{"start":{"line":65,"column":17},"end":{"line":65,"column":45}},{"start":{"line":65,"column":49},"end":{"line":65,"column":64}}],"line":65},"21":{"loc":{"start":{"line":69,"column":2},"end":{"line":72,"column":null}},"type":"if","locations":[{"start":{"line":69,"column":2},"end":{"line":72,"column":null}},{"start":{"line":70,"column":7},"end":{"line":72,"column":null}}],"line":69},"22":{"loc":{"start":{"line":70,"column":7},"end":{"line":72,"column":null}},"type":"if","locations":[{"start":{"line":70,"column":7},"end":{"line":72,"column":null}},{"start":{"line":71,"column":7},"end":{"line":72,"column":null}}],"line":70},"23":{"loc":{"start":{"line":71,"column":7},"end":{"line":72,"column":null}},"type":"if","locations":[{"start":{"line":71,"column":7},"end":{"line":72,"column":null}},{"start":{"line":72,"column":7},"end":{"line":72,"column":null}}],"line":71},"24":{"loc":{"start":{"line":81,"column":2},"end":{"line":81,"column":null}},"type":"if","locations":[{"start":{"line":81,"column":2},"end":{"line":81,"column":null}},{"start":{},"end":{}}],"line":81},"25":{"loc":{"start":{"line":87,"column":4},"end":{"line":89,"column":null}},"type":"if","locations":[{"start":{"line":87,"column":4},"end":{"line":89,"column":null}},{"start":{},"end":{}}],"line":87},"26":{"loc":{"start":{"line":97,"column":12},"end":{"line":97,"column":66}},"type":"cond-expr","locations":[{"start":{"line":97,"column":37},"end":{"line":97,"column":45}},{"start":{"line":97,"column":48},"end":{"line":97,"column":66}}],"line":97},"27":{"loc":{"start":{"line":98,"column":20},"end":{"line":98,"column":149}},"type":"cond-expr","locations":[{"start":{"line":98,"column":43},"end":{"line":98,"column":111}},{"start":{"line":98,"column":114},"end":{"line":98,"column":149}}],"line":98},"28":{"loc":{"start":{"line":106,"column":2},"end":{"line":106,"column":null}},"type":"if","locations":[{"start":{"line":106,"column":2},"end":{"line":106,"column":null}},{"start":{},"end":{}}],"line":106},"29":{"loc":{"start":{"line":114,"column":20},"end":{"line":114,"column":null}},"type":"cond-expr","locations":[{"start":{"line":114,"column":69},"end":{"line":114,"column":136}},{"start":{"line":114,"column":139},"end":{"line":114,"column":null}}],"line":114},"30":{"loc":{"start":{"line":114,"column":20},"end":{"line":114,"column":66}},"type":"binary-expr","locations":[{"start":{"line":114,"column":20},"end":{"line":114,"column":44}},{"start":{"line":114,"column":48},"end":{"line":114,"column":66}}],"line":114},"31":{"loc":{"start":{"line":120,"column":12},"end":{"line":120,"column":91}},"type":"cond-expr","locations":[{"start":{"line":120,"column":29},"end":{"line":120,"column":45}},{"start":{"line":120,"column":48},"end":{"line":120,"column":91}}],"line":120},"32":{"loc":{"start":{"line":120,"column":48},"end":{"line":120,"column":91}},"type":"cond-expr","locations":[{"start":{"line":120,"column":65},"end":{"line":120,"column":80}},{"start":{"line":120,"column":83},"end":{"line":120,"column":91}}],"line":120},"33":{"loc":{"start":{"line":126,"column":20},"end":{"line":126,"column":225}},"type":"cond-expr","locations":[{"start":{"line":126,"column":37},"end":{"line":126,"column":108}},{"start":{"line":126,"column":111},"end":{"line":126,"column":225}}],"line":126},"34":{"loc":{"start":{"line":126,"column":111},"end":{"line":126,"column":225}},"type":"cond-expr","locations":[{"start":{"line":126,"column":128},"end":{"line":126,"column":193}},{"start":{"line":126,"column":196},"end":{"line":126,"column":225}}],"line":126},"35":{"loc":{"start":{"line":132,"column":36},"end":{"line":132,"column":62}},"type":"default-arg","locations":[{"start":{"line":132,"column":49},"end":{"line":132,"column":62}}],"line":132},"36":{"loc":{"start":{"line":132,"column":64},"end":{"line":132,"column":75}},"type":"default-arg","locations":[{"start":{"line":132,"column":73},"end":{"line":132,"column":75}}],"line":132},"37":{"loc":{"start":{"line":136,"column":2},"end":{"line":136,"column":null}},"type":"if","locations":[{"start":{"line":136,"column":2},"end":{"line":136,"column":null}},{"start":{},"end":{}}],"line":136},"38":{"loc":{"start":{"line":146,"column":16},"end":{"line":146,"column":null}},"type":"cond-expr","locations":[{"start":{"line":146,"column":31},"end":{"line":146,"column":43}},{"start":{"line":146,"column":46},"end":{"line":146,"column":null}}],"line":146},"39":{"loc":{"start":{"line":146,"column":46},"end":{"line":146,"column":null}},"type":"cond-expr","locations":[{"start":{"line":146,"column":61},"end":{"line":146,"column":73}},{"start":{"line":146,"column":76},"end":{"line":146,"column":null}}],"line":146},"40":{"loc":{"start":{"line":147,"column":21},"end":{"line":147,"column":null}},"type":"cond-expr","locations":[{"start":{"line":147,"column":33},"end":{"line":147,"column":73}},{"start":{"line":147,"column":76},"end":{"line":147,"column":null}}],"line":147},"41":{"loc":{"start":{"line":156,"column":19},"end":{"line":156,"column":44}},"type":"cond-expr","locations":[{"start":{"line":156,"column":36},"end":{"line":156,"column":39}},{"start":{"line":156,"column":42},"end":{"line":156,"column":44}}],"line":156},"42":{"loc":{"start":{"line":157,"column":16},"end":{"line":157,"column":99}},"type":"cond-expr","locations":[{"start":{"line":157,"column":45},"end":{"line":157,"column":51}},{"start":{"line":157,"column":54},"end":{"line":157,"column":99}}],"line":157},"43":{"loc":{"start":{"line":157,"column":54},"end":{"line":157,"column":99}},"type":"cond-expr","locations":[{"start":{"line":157,"column":83},"end":{"line":157,"column":91}},{"start":{"line":157,"column":94},"end":{"line":157,"column":99}}],"line":157},"44":{"loc":{"start":{"line":165,"column":2},"end":{"line":165,"column":null}},"type":"if","locations":[{"start":{"line":165,"column":2},"end":{"line":165,"column":null}},{"start":{},"end":{}}],"line":165},"45":{"loc":{"start":{"line":168,"column":2},"end":{"line":170,"column":null}},"type":"if","locations":[{"start":{"line":168,"column":2},"end":{"line":170,"column":null}},{"start":{},"end":{}}],"line":168},"46":{"loc":{"start":{"line":168,"column":6},"end":{"line":168,"column":95}},"type":"binary-expr","locations":[{"start":{"line":168,"column":6},"end":{"line":168,"column":34}},{"start":{"line":168,"column":38},"end":{"line":168,"column":53}},{"start":{"line":168,"column":57},"end":{"line":168,"column":95}}],"line":168},"47":{"loc":{"start":{"line":171,"column":2},"end":{"line":173,"column":null}},"type":"if","locations":[{"start":{"line":171,"column":2},"end":{"line":173,"column":null}},{"start":{},"end":{}}],"line":171},"48":{"loc":{"start":{"line":171,"column":6},"end":{"line":171,"column":67}},"type":"binary-expr","locations":[{"start":{"line":171,"column":6},"end":{"line":171,"column":35}},{"start":{"line":171,"column":39},"end":{"line":171,"column":67}}],"line":171},"49":{"loc":{"start":{"line":174,"column":2},"end":{"line":176,"column":null}},"type":"if","locations":[{"start":{"line":174,"column":2},"end":{"line":176,"column":null}},{"start":{},"end":{}}],"line":174},"50":{"loc":{"start":{"line":181,"column":14},"end":{"line":181,"column":49}},"type":"binary-expr","locations":[{"start":{"line":181,"column":14},"end":{"line":181,"column":36}},{"start":{"line":181,"column":40},"end":{"line":181,"column":49}}],"line":181},"51":{"loc":{"start":{"line":186,"column":20},"end":{"line":186,"column":165}},"type":"cond-expr","locations":[{"start":{"line":186,"column":42},"end":{"line":186,"column":63}},{"start":{"line":186,"column":66},"end":{"line":186,"column":165}}],"line":186},"52":{"loc":{"start":{"line":193,"column":10},"end":{"line":193,"column":32}},"type":"default-arg","locations":[{"start":{"line":193,"column":23},"end":{"line":193,"column":32}}],"line":193},"53":{"loc":{"start":{"line":193,"column":34},"end":{"line":193,"column":52}},"type":"default-arg","locations":[{"start":{"line":193,"column":43},"end":{"line":193,"column":52}}],"line":193},"54":{"loc":{"start":{"line":193,"column":54},"end":{"line":193,"column":72}},"type":"default-arg","locations":[{"start":{"line":193,"column":63},"end":{"line":193,"column":72}}],"line":193},"55":{"loc":{"start":{"line":206,"column":24},"end":{"line":206,"column":48}},"type":"binary-expr","locations":[{"start":{"line":206,"column":24},"end":{"line":206,"column":43}},{"start":{"line":206,"column":47},"end":{"line":206,"column":48}}],"line":206},"56":{"loc":{"start":{"line":207,"column":21},"end":{"line":207,"column":45}},"type":"binary-expr","locations":[{"start":{"line":207,"column":21},"end":{"line":207,"column":40}},{"start":{"line":207,"column":44},"end":{"line":207,"column":45}}],"line":207},"57":{"loc":{"start":{"line":211,"column":2},"end":{"line":216,"column":null}},"type":"if","locations":[{"start":{"line":211,"column":2},"end":{"line":216,"column":null}},{"start":{},"end":{}}],"line":211},"58":{"loc":{"start":{"line":211,"column":6},"end":{"line":211,"column":59}},"type":"binary-expr","locations":[{"start":{"line":211,"column":6},"end":{"line":211,"column":30}},{"start":{"line":211,"column":34},"end":{"line":211,"column":59}}],"line":211},"59":{"loc":{"start":{"line":213,"column":33},"end":{"line":213,"column":null}},"type":"binary-expr","locations":[{"start":{"line":213,"column":33},"end":{"line":213,"column":55}},{"start":{"line":213,"column":59},"end":{"line":213,"column":null}}],"line":213},"60":{"loc":{"start":{"line":214,"column":35},"end":{"line":214,"column":null}},"type":"cond-expr","locations":[{"start":{"line":214,"column":50},"end":{"line":214,"column":99}},{"start":{"line":214,"column":102},"end":{"line":214,"column":null}}],"line":214},"61":{"loc":{"start":{"line":214,"column":62},"end":{"line":214,"column":86}},"type":"binary-expr","locations":[{"start":{"line":214,"column":62},"end":{"line":214,"column":81}},{"start":{"line":214,"column":85},"end":{"line":214,"column":86}}],"line":214},"62":{"loc":{"start":{"line":215,"column":46},"end":{"line":215,"column":73}},"type":"binary-expr","locations":[{"start":{"line":215,"column":46},"end":{"line":215,"column":68}},{"start":{"line":215,"column":72},"end":{"line":215,"column":73}}],"line":215},"63":{"loc":{"start":{"line":237,"column":2},"end":{"line":239,"column":null}},"type":"if","locations":[{"start":{"line":237,"column":2},"end":{"line":239,"column":null}},{"start":{},"end":{}}],"line":237},"64":{"loc":{"start":{"line":259,"column":2},"end":{"line":259,"column":null}},"type":"if","locations":[{"start":{"line":259,"column":2},"end":{"line":259,"column":null}},{"start":{},"end":{}}],"line":259}},"s":{"0":4,"1":4,"2":4,"3":1,"4":1,"5":1,"6":4,"7":1,"8":1,"9":1,"10":4,"11":1,"12":1,"13":4,"14":0,"15":0,"16":0,"17":0,"18":4,"19":0,"20":0,"21":4,"22":0,"23":0,"24":0,"25":0,"26":0,"27":4,"28":1,"29":4,"30":3,"31":3,"32":1,"33":2,"34":1,"35":1,"36":3,"37":3,"38":1,"39":1,"40":1,"41":0,"42":0,"43":0,"44":2,"45":2,"46":2,"47":1,"48":1,"49":1,"50":1,"51":4,"52":4,"53":16,"54":4,"55":0,"56":4,"57":2,"58":2,"59":1,"60":1,"61":15,"62":1,"63":15,"64":15,"65":1,"66":1,"67":15,"68":1,"69":2,"70":2,"71":2,"72":2,"73":1,"74":1,"75":60,"76":1,"77":1,"78":1,"79":59,"80":1,"81":1,"82":1,"83":2,"84":2,"85":2,"86":2,"87":0,"88":2,"89":2,"90":1,"91":2,"92":0,"93":2,"94":1,"95":2,"96":2,"97":1,"98":1,"99":1,"100":1,"101":1,"102":1,"103":1,"104":1,"105":1,"106":0,"107":0,"108":0,"109":0,"110":1,"111":2,"112":2,"113":2,"114":14,"115":2,"116":1,"117":1,"118":1,"119":1,"120":2,"121":2,"122":2,"123":10,"124":2,"125":1,"126":1},"f":{"0":4,"1":0,"2":0,"3":0,"4":3,"5":1,"6":1,"7":2,"8":16,"9":2,"10":15,"11":15,"12":15,"13":15,"14":2,"15":60,"16":59,"17":2,"18":2,"19":1,"20":2,"21":14,"22":1,"23":1,"24":2,"25":10},"b":{"0":[1,3],"1":[4,3],"2":[1,0],"3":[1,0],"4":[1,3],"5":[4,1,0],"6":[1,3],"7":[4,3,0],"8":[1,0],"9":[1,0],"10":[0,4],"11":[4,0,0],"12":[0,4],"13":[4,4],"14":[0,4],"15":[4,1,1],"16":[1,3],"17":[1,2],"18":[2,0],"19":[1,1],"20":[3,1],"21":[1,1],"22":[1,0],"23":[0,0],"24":[1,1],"25":[0,4],"26":[1,0],"27":[0,1],"28":[1,1],"29":[1,0],"30":[1,1],"31":[1,0],"32":[0,0],"33":[1,0],"34":[0,0],"35":[2],"36":[2],"37":[1,1],"38":[0,1],"39":[1,0],"40":[1,0],"41":[0,1],"42":[1,0],"43":[0,0],"44":[0,2],"45":[1,1],"46":[2,1,1],"47":[0,2],"48":[2,1],"49":[1,1],"50":[2,0],"51":[1,1],"52":[1],"53":[1],"54":[1],"55":[1,0],"56":[1,0],"57":[0,1],"58":[1,1],"59":[0,0],"60":[0,0],"61":[0,0],"62":[0,0],"63":[1,1],"64":[1,1]},"meta":{"lastBranch":65,"lastFunction":26,"lastStatement":127,"seen":{"f:10:22:10:32":0,"s:11:12:11:Infinity":0,"s:12:18:12:Infinity":1,"b:15:2:19:Infinity:undefined:undefined:undefined:undefined":0,"s:15:2:19:Infinity":2,"b:15:6:15:27:15:31:15:51":1,"s:16:20:16:Infinity":3,"s:17:18:17:Infinity":4,"s:18:4:18:Infinity":5,"b:18:78:18:95:18:99:18:100":2,"b:18:164:18:181:18:185:18:186":3,"b:20:2:24:Infinity:undefined:undefined:undefined:undefined":4,"s:20:2:24:Infinity":6,"b:20:6:20:26:20:31:20:50:20:54:20:76":5,"s:21:19:21:Infinity":7,"s:22:22:22:Infinity":8,"s:23:4:23:Infinity":9,"b:25:2:28:Infinity:undefined:undefined:undefined:undefined":6,"s:25:2:28:Infinity":10,"b:25:6:25:27:25:31:25:50:25:54:25:75":7,"s:26:18:26:Infinity":11,"s:27:4:27:Infinity":12,"b:27:59:27:76:27:80:27:81":8,"b:27:118:27:135:27:139:27:140":9,"b:29:2:33:Infinity:undefined:undefined:undefined:undefined":10,"s:29:2:33:Infinity":13,"b:29:6:29:27:29:32:29:51:29:55:29:75":11,"s:30:18:30:28":14,"s:30:30:30:Infinity":15,"s:31:18:31:Infinity":16,"s:32:4:32:Infinity":17,"b:34:2:37:Infinity:undefined:undefined:undefined:undefined":12,"s:34:2:37:Infinity":18,"b:34:6:34:25:34:29:34:47":13,"s:35:18:35:Infinity":19,"s:36:4:36:Infinity":20,"b:38:2:41:Infinity:undefined:undefined:undefined:undefined":14,"s:38:2:41:Infinity":21,"b:38:6:38:25:38:30:38:48:38:52:38:72":15,"s:39:18:39:Infinity":22,"s:40:4:40:Infinity":23,"f:40:64:40:65":1,"s:40:69:40:75":24,"f:40:100:40:101":2,"s:40:105:40:111":25,"f:40:117:40:118":3,"s:40:122:40:153":26,"b:43:2:45:Infinity:undefined:undefined:undefined:undefined":16,"s:43:2:45:Infinity":27,"s:44:4:44:Infinity":28,"s:47:2:47:Infinity":29,"f:52:22:52:40":4,"s:53:18:53:Infinity":30,"b:54:2:54:Infinity:undefined:undefined:undefined:undefined":17,"s:54:2:54:Infinity":31,"s:54:16:54:Infinity":32,"s:56:19:66:Infinity":33,"b:58:14:58:36:58:40:58:49":18,"f:62:40:62:41":5,"s:62:50:62:62":34,"f:63:54:63:55":6,"s:63:64:63:76":35,"b:65:67:65:140:65:143:65:144":19,"b:65:17:65:45:65:49:65:64":20,"s:68:16:68:Infinity":36,"b:69:2:72:Infinity:70:7:72:Infinity":21,"s:69:2:72:Infinity":37,"s:69:34:69:Infinity":38,"b:70:7:72:Infinity:71:7:72:Infinity":22,"s:70:7:72:Infinity":39,"s:70:42:70:Infinity":40,"b:71:7:72:Infinity:72:7:72:Infinity":23,"s:71:7:72:Infinity":41,"s:71:42:71:Infinity":42,"s:72:7:72:Infinity":43,"s:74:2:74:Infinity":44,"f:79:22:79:40":7,"s:80:19:80:Infinity":45,"b:81:2:81:Infinity:undefined:undefined:undefined:undefined":24,"s:81:2:81:Infinity":46,"s:81:27:81:Infinity":47,"s:83:20:83:Infinity":48,"s:84:2:90:Infinity":49,"s:84:15:84:16":50,"s:85:17:85:Infinity":51,"s:86:20:86:Infinity":52,"f:86:45:86:46":8,"s:86:60:86:103":53,"b:87:4:89:Infinity:undefined:undefined:undefined:undefined":25,"s:87:4:89:Infinity":54,"s:88:6:88:Infinity":55,"s:92:2:99:Infinity":56,"b:97:37:97:45:97:48:97:66":26,"b:98:43:98:111:98:114:98:149":27,"f:104:22:104:37":9,"s:105:19:105:Infinity":57,"b:106:2:106:Infinity:undefined:undefined:undefined:undefined":28,"s:106:2:106:Infinity":58,"s:106:28:106:Infinity":59,"s:109:18:109:Infinity":60,"f:109:34:109:35":10,"s:109:39:109:50":61,"s:110:21:110:Infinity":62,"f:110:49:110:50":11,"s:110:54:110:65":63,"f:110:71:110:72":12,"s:110:76:110:83":64,"s:111:35:111:Infinity":65,"s:112:25:112:Infinity":66,"f:112:50:112:51":13,"s:112:55:112:62":67,"s:114:20:114:Infinity":68,"b:114:69:114:136:114:139:114:Infinity":29,"b:114:20:114:44:114:48:114:66":30,"s:116:2:127:Infinity":69,"b:120:29:120:45:120:48:120:91":31,"b:120:65:120:80:120:83:120:91":32,"b:126:37:126:108:126:111:126:225":33,"b:126:128:126:193:126:196:126:225":34,"f:132:22:132:35":14,"b:132:49:132:62":35,"b:132:73:132:75":36,"s:133:14:133:Infinity":70,"s:134:25:134:Infinity":71,"b:136:2:136:Infinity:undefined:undefined:undefined:undefined":37,"s:136:2:136:Infinity":72,"s:136:33:136:Infinity":73,"s:138:26:138:Infinity":74,"f:138:48:138:49":15,"s:138:58:138:69":75,"s:139:20:139:Infinity":76,"s:140:25:140:Infinity":77,"s:143:17:143:Infinity":78,"f:143:42:143:43":16,"s:143:52:143:117":79,"s:144:16:144:Infinity":80,"s:145:15:145:Infinity":81,"s:146:16:146:Infinity":82,"b:146:31:146:43:146:46:146:Infinity":38,"b:146:61:146:73:146:76:146:Infinity":39,"s:147:21:147:Infinity":83,"b:147:33:147:73:147:76:147:Infinity":40,"s:149:2:158:Infinity":84,"b:156:36:156:39:156:42:156:44":41,"b:157:45:157:51:157:54:157:99":42,"b:157:83:157:91:157:94:157:99":43,"f:163:22:163:41":17,"s:164:18:164:Infinity":85,"b:165:2:165:Infinity:undefined:undefined:undefined:undefined":44,"s:165:2:165:Infinity":86,"s:165:16:165:Infinity":87,"s:167:17:167:Infinity":88,"b:168:2:170:Infinity:undefined:undefined:undefined:undefined":45,"s:168:2:170:Infinity":89,"b:168:6:168:34:168:38:168:53:168:57:168:95":46,"s:169:4:169:Infinity":90,"b:171:2:173:Infinity:undefined:undefined:undefined:undefined":47,"s:171:2:173:Infinity":91,"b:171:6:171:35:171:39:171:67":48,"s:172:4:172:Infinity":92,"b:174:2:176:Infinity:undefined:undefined:undefined:undefined":49,"s:174:2:176:Infinity":93,"s:175:4:175:Infinity":94,"s:178:2:187:Infinity":95,"b:181:14:181:36:181:40:181:49":50,"b:186:42:186:63:186:66:186:165":51,"f:186:114:186:115":18,"s:186:119:186:140":96,"f:192:22:192:37":19,"s:193:77:193:Infinity":97,"b:193:23:193:32":52,"b:193:43:193:52":53,"b:193:63:193:72":54,"s:195:14:195:Infinity":98,"s:196:20:196:Infinity":99,"s:197:18:197:Infinity":100,"s:198:19:198:Infinity":101,"s:199:19:199:Infinity":102,"s:200:23:200:Infinity":103,"s:202:17:208:Infinity":104,"b:206:24:206:43:206:47:206:48":55,"b:207:21:207:40:207:44:207:45":56,"b:211:2:216:Infinity:undefined:undefined:undefined:undefined":57,"s:211:2:216:Infinity":105,"b:211:6:211:30:211:34:211:59":58,"s:212:24:212:Infinity":106,"s:213:4:213:Infinity":107,"b:213:33:213:55:213:59:213:Infinity":59,"s:214:4:214:Infinity":108,"b:214:50:214:99:214:102:214:Infinity":60,"b:214:62:214:81:214:85:214:86":61,"s:215:4:215:Infinity":109,"b:215:46:215:68:215:72:215:73":62,"s:218:2:218:Infinity":110,"f:223:22:223:36":20,"s:224:12:224:Infinity":111,"s:226:19:234:Infinity":112,"s:236:18:236:Infinity":113,"f:236:34:236:35":21,"s:236:39:236:56":114,"b:237:2:239:Infinity:undefined:undefined:undefined:undefined":63,"s:237:2:239:Infinity":115,"s:238:4:238:Infinity":116,"f:238:47:238:48":22,"s:238:52:238:57":117,"f:238:85:238:86":23,"s:238:90:238:103":118,"s:241:2:241:Infinity":119,"f:246:22:246:41":24,"s:247:12:247:Infinity":120,"s:249:20:255:Infinity":121,"s:258:18:258:Infinity":122,"f:258:35:258:36":25,"s:258:40:258:80":123,"b:259:2:259:Infinity:undefined:undefined:undefined:undefined":64,"s:259:2:259:Infinity":124,"s:259:26:259:Infinity":125,"s:262:2:262:Infinity":126},"fnNames":{}}}
,"D:\\meter\\backend\\src\\services\\alert-engine.js": {"path":"D:\\meter\\backend\\src\\services\\alert-engine.js","statementMap":{"0":{"start":{"line":4,"column":16},"end":{"line":4,"column":null}},"1":{"start":{"line":5,"column":17},"end":{"line":5,"column":null}},"2":{"start":{"line":6,"column":2},"end":{"line":17,"column":null}},"3":{"start":{"line":7,"column":4},"end":{"line":16,"column":null}},"4":{"start":{"line":8,"column":24},"end":{"line":8,"column":null}},"5":{"start":{"line":9,"column":22},"end":{"line":9,"column":null}},"6":{"start":{"line":9,"column":70},"end":{"line":9,"column":87}},"7":{"start":{"line":10,"column":6},"end":{"line":15,"column":null}},"8":{"start":{"line":11,"column":22},"end":{"line":13,"column":null}},"9":{"start":{"line":14,"column":8},"end":{"line":14,"column":null}},"10":{"start":{"line":18,"column":2},"end":{"line":18,"column":null}}},"fnMap":{"0":{"name":"evaluateAlerts","decl":{"start":{"line":3,"column":22},"end":{"line":3,"column":36}},"loc":{"start":{"line":3,"column":65},"end":{"line":19,"column":null}},"line":3},"1":{"name":"(anonymous_1)","decl":{"start":{"line":9,"column":54},"end":{"line":9,"column":55}},"loc":{"start":{"line":9,"column":70},"end":{"line":9,"column":87}},"line":9}},"branchMap":{"0":{"loc":{"start":{"line":10,"column":6},"end":{"line":15,"column":null}},"type":"if","locations":[{"start":{"line":10,"column":6},"end":{"line":15,"column":null}},{"start":{},"end":{}}],"line":10}},"s":{"0":2,"1":2,"2":2,"3":1,"4":1,"5":1,"6":1,"7":1,"8":0,"9":0,"10":2},"f":{"0":2,"1":1},"b":{"0":[0,1]},"meta":{"lastBranch":1,"lastFunction":2,"lastStatement":11,"seen":{"f:3:22:3:36":0,"s:4:16:4:Infinity":0,"s:5:17:5:Infinity":1,"s:6:2:17:Infinity":2,"s:7:4:16:Infinity":3,"s:8:24:8:Infinity":4,"s:9:22:9:Infinity":5,"f:9:54:9:55":1,"s:9:70:9:87":6,"b:10:6:15:Infinity:undefined:undefined:undefined:undefined":0,"s:10:6:15:Infinity":7,"s:11:22:13:Infinity":8,"s:14:8:14:Infinity":9,"s:18:2:18:Infinity":10},"fnNames":{}}}
,"D:\\meter\\backend\\src\\services\\auth-engine.js": {"path":"D:\\meter\\backend\\src\\services\\auth-engine.js","statementMap":{"0":{"start":{"line":5,"column":19},"end":{"line":5,"column":null}},"1":{"start":{"line":6,"column":0},"end":{"line":6,"column":null}},"2":{"start":{"line":6,"column":19},"end":{"line":6,"column":63}},"3":{"start":{"line":6,"column":64},"end":{"line":6,"column":79}},"4":{"start":{"line":8,"column":27},"end":{"line":8,"column":null}},"5":{"start":{"line":9,"column":28},"end":{"line":9,"column":null}},"6":{"start":{"line":11,"column":22},"end":{"line":15,"column":null}},"7":{"start":{"line":18,"column":17},"end":{"line":18,"column":null}},"8":{"start":{"line":19,"column":2},"end":{"line":19,"column":null}},"9":{"start":{"line":19,"column":15},"end":{"line":19,"column":null}},"10":{"start":{"line":21,"column":15},"end":{"line":21,"column":null}},"11":{"start":{"line":22,"column":2},"end":{"line":22,"column":null}},"12":{"start":{"line":22,"column":13},"end":{"line":22,"column":null}},"13":{"start":{"line":25,"column":2},"end":{"line":28,"column":null}},"14":{"start":{"line":26,"column":22},"end":{"line":26,"column":null}},"15":{"start":{"line":27,"column":4},"end":{"line":27,"column":null}},"16":{"start":{"line":30,"column":16},"end":{"line":30,"column":null}},"17":{"start":{"line":31,"column":2},"end":{"line":40,"column":null}},"18":{"start":{"line":33,"column":21},"end":{"line":33,"column":null}},"19":{"start":{"line":34,"column":23},"end":{"line":34,"column":null}},"20":{"start":{"line":35,"column":4},"end":{"line":37,"column":null}},"21":{"start":{"line":36,"column":6},"end":{"line":36,"column":null}},"22":{"start":{"line":38,"column":4},"end":{"line":38,"column":null}},"23":{"start":{"line":39,"column":4},"end":{"line":39,"column":null}},"24":{"start":{"line":43,"column":2},"end":{"line":43,"column":null}},"25":{"start":{"line":46,"column":2},"end":{"line":48,"column":null}},"26":{"start":{"line":47,"column":4},"end":{"line":47,"column":null}},"27":{"start":{"line":50,"column":2},"end":{"line":50,"column":null}},"28":{"start":{"line":54,"column":18},"end":{"line":60,"column":null}},"29":{"start":{"line":62,"column":22},"end":{"line":62,"column":null}},"30":{"start":{"line":65,"column":18},"end":{"line":74,"column":null}},"31":{"start":{"line":74,"column":17},"end":{"line":74,"column":21}},"32":{"start":{"line":76,"column":19},"end":{"line":83,"column":null}},"33":{"start":{"line":85,"column":2},"end":{"line":94,"column":null}},"34":{"start":{"line":98,"column":2},"end":{"line":98,"column":null}},"35":{"start":{"line":102,"column":2},"end":{"line":111,"column":null}},"36":{"start":{"line":103,"column":20},"end":{"line":103,"column":null}},"37":{"start":{"line":104,"column":4},"end":{"line":106,"column":null}},"38":{"start":{"line":105,"column":6},"end":{"line":105,"column":null}},"39":{"start":{"line":107,"column":4},"end":{"line":107,"column":null}},"40":{"start":{"line":109,"column":4},"end":{"line":109,"column":null}},"41":{"start":{"line":109,"column":42},"end":{"line":109,"column":null}},"42":{"start":{"line":110,"column":4},"end":{"line":110,"column":null}},"43":{"start":{"line":115,"column":16},"end":{"line":121,"column":null}},"44":{"start":{"line":122,"column":2},"end":{"line":122,"column":null}},"45":{"start":{"line":126,"column":15},"end":{"line":126,"column":null}},"46":{"start":{"line":127,"column":14},"end":{"line":127,"column":null}},"47":{"start":{"line":128,"column":2},"end":{"line":128,"column":null}},"48":{"start":{"line":128,"column":20},"end":{"line":128,"column":null}},"49":{"start":{"line":129,"column":2},"end":{"line":129,"column":null}},"50":{"start":{"line":129,"column":20},"end":{"line":129,"column":null}},"51":{"start":{"line":130,"column":2},"end":{"line":130,"column":null}},"52":{"start":{"line":130,"column":20},"end":{"line":130,"column":null}},"53":{"start":{"line":131,"column":2},"end":{"line":131,"column":null}}},"fnMap":{"0":{"name":"authenticateUser","decl":{"start":{"line":17,"column":22},"end":{"line":17,"column":38}},"loc":{"start":{"line":17,"column":89},"end":{"line":51,"column":null}},"line":17},"1":{"name":"createSession","decl":{"start":{"line":53,"column":15},"end":{"line":53,"column":28}},"loc":{"start":{"line":53,"column":59},"end":{"line":95,"column":null}},"line":53},"2":{"name":"(anonymous_2)","decl":{"start":{"line":74,"column":11},"end":{"line":74,"column":12}},"loc":{"start":{"line":74,"column":17},"end":{"line":74,"column":21}},"line":74},"3":{"name":"verifyMfa","decl":{"start":{"line":97,"column":22},"end":{"line":97,"column":31}},"loc":{"start":{"line":97,"column":46},"end":{"line":99,"column":null}},"line":97},"4":{"name":"verifyToken","decl":{"start":{"line":101,"column":16},"end":{"line":101,"column":27}},"loc":{"start":{"line":101,"column":81},"end":{"line":112,"column":null}},"line":101},"5":{"name":"getUserPermissions","decl":{"start":{"line":114,"column":9},"end":{"line":114,"column":27}},"loc":{"start":{"line":114,"column":34},"end":{"line":123,"column":null}},"line":114},"6":{"name":"parseExpiry","decl":{"start":{"line":125,"column":9},"end":{"line":125,"column":20}},"loc":{"start":{"line":125,"column":25},"end":{"line":132,"column":null}},"line":125}},"branchMap":{"0":{"loc":{"start":{"line":6,"column":0},"end":{"line":6,"column":null}},"type":"if","locations":[{"start":{"line":6,"column":0},"end":{"line":6,"column":null}},{"start":{},"end":{}}],"line":6},"1":{"loc":{"start":{"line":17,"column":56},"end":{"line":17,"column":76}},"type":"default-arg","locations":[{"start":{"line":17,"column":69},"end":{"line":17,"column":76}}],"line":17},"2":{"loc":{"start":{"line":17,"column":78},"end":{"line":17,"column":87}},"type":"default-arg","locations":[{"start":{"line":17,"column":83},"end":{"line":17,"column":87}}],"line":17},"3":{"loc":{"start":{"line":19,"column":2},"end":{"line":19,"column":null}},"type":"if","locations":[{"start":{"line":19,"column":2},"end":{"line":19,"column":null}},{"start":{},"end":{}}],"line":19},"4":{"loc":{"start":{"line":22,"column":2},"end":{"line":22,"column":null}},"type":"if","locations":[{"start":{"line":22,"column":2},"end":{"line":22,"column":null}},{"start":{},"end":{}}],"line":22},"5":{"loc":{"start":{"line":25,"column":2},"end":{"line":28,"column":null}},"type":"if","locations":[{"start":{"line":25,"column":2},"end":{"line":28,"column":null}},{"start":{},"end":{}}],"line":25},"6":{"loc":{"start":{"line":25,"column":6},"end":{"line":25,"column":65}},"type":"binary-expr","locations":[{"start":{"line":25,"column":6},"end":{"line":25,"column":22}},{"start":{"line":25,"column":26},"end":{"line":25,"column":65}}],"line":25},"7":{"loc":{"start":{"line":31,"column":2},"end":{"line":40,"column":null}},"type":"if","locations":[{"start":{"line":31,"column":2},"end":{"line":40,"column":null}},{"start":{},"end":{}}],"line":31},"8":{"loc":{"start":{"line":33,"column":22},"end":{"line":33,"column":45}},"type":"binary-expr","locations":[{"start":{"line":33,"column":22},"end":{"line":33,"column":40}},{"start":{"line":33,"column":44},"end":{"line":33,"column":45}}],"line":33},"9":{"loc":{"start":{"line":35,"column":4},"end":{"line":37,"column":null}},"type":"if","locations":[{"start":{"line":35,"column":4},"end":{"line":37,"column":null}},{"start":{},"end":{}}],"line":35},"10":{"loc":{"start":{"line":46,"column":2},"end":{"line":48,"column":null}},"type":"if","locations":[{"start":{"line":46,"column":2},"end":{"line":48,"column":null}},{"start":{},"end":{}}],"line":46},"11":{"loc":{"start":{"line":59,"column":11},"end":{"line":59,"column":87}},"type":"cond-expr","locations":[{"start":{"line":59,"column":36},"end":{"line":59,"column":43}},{"start":{"line":59,"column":46},"end":{"line":59,"column":87}}],"line":59},"12":{"loc":{"start":{"line":59,"column":46},"end":{"line":59,"column":87}},"type":"cond-expr","locations":[{"start":{"line":59,"column":70},"end":{"line":59,"column":76}},{"start":{"line":59,"column":79},"end":{"line":59,"column":87}}],"line":59},"13":{"loc":{"start":{"line":69,"column":10},"end":{"line":69,"column":25}},"type":"binary-expr","locations":[{"start":{"line":69,"column":10},"end":{"line":69,"column":12}},{"start":{"line":69,"column":16},"end":{"line":69,"column":25}}],"line":69},"14":{"loc":{"start":{"line":76,"column":19},"end":{"line":83,"column":null}},"type":"cond-expr","locations":[{"start":{"line":77,"column":6},"end":{"line":82,"column":null}},{"start":{"line":83,"column":6},"end":{"line":83,"column":null}}],"line":76},"15":{"loc":{"start":{"line":101,"column":35},"end":{"line":101,"column":79}},"type":"default-arg","locations":[{"start":{"line":101,"column":52},"end":{"line":101,"column":79}}],"line":101},"16":{"loc":{"start":{"line":104,"column":4},"end":{"line":106,"column":null}},"type":"if","locations":[{"start":{"line":104,"column":4},"end":{"line":106,"column":null}},{"start":{},"end":{}}],"line":104},"17":{"loc":{"start":{"line":109,"column":4},"end":{"line":109,"column":null}},"type":"if","locations":[{"start":{"line":109,"column":4},"end":{"line":109,"column":null}},{"start":{},"end":{}}],"line":109},"18":{"loc":{"start":{"line":122,"column":9},"end":{"line":122,"column":null}},"type":"binary-expr","locations":[{"start":{"line":122,"column":9},"end":{"line":122,"column":20}},{"start":{"line":122,"column":24},"end":{"line":122,"column":null}}],"line":122},"19":{"loc":{"start":{"line":128,"column":2},"end":{"line":128,"column":null}},"type":"if","locations":[{"start":{"line":128,"column":2},"end":{"line":128,"column":null}},{"start":{},"end":{}}],"line":128},"20":{"loc":{"start":{"line":129,"column":2},"end":{"line":129,"column":null}},"type":"if","locations":[{"start":{"line":129,"column":2},"end":{"line":129,"column":null}},{"start":{},"end":{}}],"line":129},"21":{"loc":{"start":{"line":130,"column":2},"end":{"line":130,"column":null}},"type":"if","locations":[{"start":{"line":130,"column":2},"end":{"line":130,"column":null}},{"start":{},"end":{}}],"line":130}},"s":{"0":1,"1":1,"2":0,"3":0,"4":1,"5":1,"6":1,"7":8,"8":8,"9":1,"10":7,"11":7,"12":1,"13":6,"14":1,"15":1,"16":5,"17":5,"18":2,"19":2,"20":2,"21":1,"22":2,"23":2,"24":3,"25":3,"26":1,"27":2,"28":2,"29":2,"30":2,"31":0,"32":2,"33":2,"34":1,"35":4,"36":4,"37":4,"38":1,"39":1,"40":2,"41":1,"42":1,"43":1,"44":1,"45":4,"46":4,"47":4,"48":4,"49":0,"50":0,"51":0,"52":0,"53":0},"f":{"0":8,"1":2,"2":0,"3":1,"4":4,"5":1,"6":4},"b":{"0":[0,1],"1":[8],"2":[8],"3":[1,7],"4":[1,6],"5":[1,5],"6":[6,1],"7":[2,3],"8":[2,0],"9":[1,1],"10":[1,2],"11":[1,1],"12":[1,0],"13":[2,2],"14":[1,1],"15":[4],"16":[1,3],"17":[1,1],"18":[1,0],"19":[4,0],"20":[0,0],"21":[0,0]},"meta":{"lastBranch":22,"lastFunction":7,"lastStatement":54,"seen":{"s:5:19:5:Infinity":0,"b:6:0:6:Infinity:undefined:undefined:undefined:undefined":0,"s:6:0:6:Infinity":1,"s:6:19:6:63":2,"s:6:64:6:79":3,"s:8:27:8:Infinity":4,"s:9:28:9:Infinity":5,"s:11:22:15:Infinity":6,"f:17:22:17:38":0,"b:17:69:17:76":1,"b:17:83:17:87":2,"s:18:17:18:Infinity":7,"b:19:2:19:Infinity:undefined:undefined:undefined:undefined":3,"s:19:2:19:Infinity":8,"s:19:15:19:Infinity":9,"s:21:15:21:Infinity":10,"b:22:2:22:Infinity:undefined:undefined:undefined:undefined":4,"s:22:2:22:Infinity":11,"s:22:13:22:Infinity":12,"b:25:2:28:Infinity:undefined:undefined:undefined:undefined":5,"s:25:2:28:Infinity":13,"b:25:6:25:22:25:26:25:65":6,"s:26:22:26:Infinity":14,"s:27:4:27:Infinity":15,"s:30:16:30:Infinity":16,"b:31:2:40:Infinity:undefined:undefined:undefined:undefined":7,"s:31:2:40:Infinity":17,"s:33:21:33:Infinity":18,"b:33:22:33:40:33:44:33:45":8,"s:34:23:34:Infinity":19,"b:35:4:37:Infinity:undefined:undefined:undefined:undefined":9,"s:35:4:37:Infinity":20,"s:36:6:36:Infinity":21,"s:38:4:38:Infinity":22,"s:39:4:39:Infinity":23,"s:43:2:43:Infinity":24,"b:46:2:48:Infinity:undefined:undefined:undefined:undefined":10,"s:46:2:48:Infinity":25,"s:47:4:47:Infinity":26,"s:50:2:50:Infinity":27,"f:53:15:53:28":1,"s:54:18:60:Infinity":28,"b:59:36:59:43:59:46:59:87":11,"b:59:70:59:76:59:79:59:87":12,"s:62:22:62:Infinity":29,"s:65:18:74:Infinity":30,"b:69:10:69:12:69:16:69:25":13,"f:74:11:74:12":2,"s:74:17:74:21":31,"s:76:19:83:Infinity":32,"b:77:6:82:Infinity:83:6:83:Infinity":14,"s:85:2:94:Infinity":33,"f:97:22:97:31":3,"s:98:2:98:Infinity":34,"f:101:16:101:27":4,"b:101:52:101:79":15,"s:102:2:111:Infinity":35,"s:103:20:103:Infinity":36,"b:104:4:106:Infinity:undefined:undefined:undefined:undefined":16,"s:104:4:106:Infinity":37,"s:105:6:105:Infinity":38,"s:107:4:107:Infinity":39,"b:109:4:109:Infinity:undefined:undefined:undefined:undefined":17,"s:109:4:109:Infinity":40,"s:109:42:109:Infinity":41,"s:110:4:110:Infinity":42,"f:114:9:114:27":5,"s:115:16:121:Infinity":43,"s:122:2:122:Infinity":44,"b:122:9:122:20:122:24:122:Infinity":18,"f:125:9:125:20":6,"s:126:15:126:Infinity":45,"s:127:14:127:Infinity":46,"b:128:2:128:Infinity:undefined:undefined:undefined:undefined":19,"s:128:2:128:Infinity":47,"s:128:20:128:Infinity":48,"b:129:2:129:Infinity:undefined:undefined:undefined:undefined":20,"s:129:2:129:Infinity":49,"s:129:20:129:Infinity":50,"b:130:2:130:Infinity:undefined:undefined:undefined:undefined":21,"s:130:2:130:Infinity":51,"s:130:20:130:Infinity":52,"s:131:2:131:Infinity":53},"fnNames":{}}}
,"D:\\meter\\backend\\src\\services\\billing-engine.js": {"path":"D:\\meter\\backend\\src\\services\\billing-engine.js","statementMap":{"0":{"start":{"line":4,"column":19},"end":{"line":7,"column":null}},"1":{"start":{"line":8,"column":19},"end":{"line":8,"column":null}},"2":{"start":{"line":8,"column":45},"end":{"line":8,"column":56}},"3":{"start":{"line":9,"column":17},"end":{"line":9,"column":null}},"4":{"start":{"line":10,"column":15},"end":{"line":10,"column":null}},"5":{"start":{"line":11,"column":17},"end":{"line":11,"column":null}},"6":{"start":{"line":13,"column":18},"end":{"line":22,"column":null}},"7":{"start":{"line":23,"column":2},"end":{"line":23,"column":null}}},"fnMap":{"0":{"name":"generateInvoice","decl":{"start":{"line":3,"column":22},"end":{"line":3,"column":37}},"loc":{"start":{"line":3,"column":74},"end":{"line":24,"column":1}},"line":3},"1":{"name":"(anonymous_1)","decl":{"start":{"line":8,"column":35},"end":{"line":8,"column":36}},"loc":{"start":{"line":8,"column":45},"end":{"line":8,"column":56}},"line":8}},"branchMap":{"0":{"loc":{"start":{"line":10,"column":15},"end":{"line":10,"column":null}},"type":"binary-expr","locations":[{"start":{"line":10,"column":15},"end":{"line":10,"column":39}},{"start":{"line":10,"column":43},"end":{"line":10,"column":null}}],"line":10}},"s":{"0":1,"1":1,"2":2,"3":1,"4":1,"5":1,"6":1,"7":1},"f":{"0":1,"1":2},"b":{"0":[1,1]},"meta":{"lastBranch":1,"lastFunction":2,"lastStatement":8,"seen":{"f:3:22:3:37":0,"s:4:19:7:Infinity":0,"s:8:19:8:Infinity":1,"f:8:35:8:36":1,"s:8:45:8:56":2,"s:9:17:9:Infinity":3,"s:10:15:10:Infinity":4,"b:10:15:10:39:10:43:10:Infinity":0,"s:11:17:11:Infinity":5,"s:13:18:22:Infinity":6,"s:23:2:23:Infinity":7},"fnNames":{}}}
,"D:\\meter\\backend\\src\\services\\business-engine.js": {"path":"D:\\meter\\backend\\src\\services\\business-engine.js","statementMap":{"0":{"start":{"line":10,"column":18},"end":{"line":10,"column":null}},"1":{"start":{"line":11,"column":2},"end":{"line":11,"column":null}},"2":{"start":{"line":11,"column":16},"end":{"line":11,"column":null}},"3":{"start":{"line":13,"column":16},"end":{"line":13,"column":null}},"4":{"start":{"line":14,"column":18},"end":{"line":14,"column":null}},"5":{"start":{"line":15,"column":2},"end":{"line":34,"column":null}},"6":{"start":{"line":16,"column":4},"end":{"line":33,"column":null}},"7":{"start":{"line":17,"column":24},"end":{"line":17,"column":null}},"8":{"start":{"line":18,"column":19},"end":{"line":18,"column":null}},"9":{"start":{"line":19,"column":6},"end":{"line":19,"column":null}},"10":{"start":{"line":19,"column":68},"end":{"line":19,"column":null}},"11":{"start":{"line":20,"column":6},"end":{"line":20,"column":null}},"12":{"start":{"line":20,"column":68},"end":{"line":20,"column":null}},"13":{"start":{"line":21,"column":6},"end":{"line":27,"column":null}},"14":{"start":{"line":22,"column":28},"end":{"line":25,"column":null}},"15":{"start":{"line":26,"column":8},"end":{"line":26,"column":null}},"16":{"start":{"line":26,"column":94},"end":{"line":26,"column":null}},"17":{"start":{"line":28,"column":21},"end":{"line":28,"column":null}},"18":{"start":{"line":29,"column":21},"end":{"line":31,"column":null}},"19":{"start":{"line":32,"column":6},"end":{"line":32,"column":null}},"20":{"start":{"line":35,"column":22},"end":{"line":35,"column":null}},"21":{"start":{"line":35,"column":40},"end":{"line":35,"column":61}},"22":{"start":{"line":35,"column":96},"end":{"line":35,"column":118}},"23":{"start":{"line":36,"column":2},"end":{"line":36,"column":null}},"24":{"start":{"line":37,"column":2},"end":{"line":37,"column":null}},"25":{"start":{"line":43,"column":19},"end":{"line":46,"column":null}},"26":{"start":{"line":47,"column":2},"end":{"line":47,"column":null}},"27":{"start":{"line":47,"column":27},"end":{"line":47,"column":null}},"28":{"start":{"line":48,"column":16},"end":{"line":48,"column":null}},"29":{"start":{"line":49,"column":15},"end":{"line":49,"column":null}},"30":{"start":{"line":50,"column":22},"end":{"line":50,"column":null}},"31":{"start":{"line":51,"column":2},"end":{"line":51,"column":null}},"32":{"start":{"line":57,"column":17},"end":{"line":57,"column":null}},"33":{"start":{"line":58,"column":2},"end":{"line":58,"column":null}},"34":{"start":{"line":58,"column":15},"end":{"line":58,"column":null}},"35":{"start":{"line":60,"column":20},"end":{"line":60,"column":null}},"36":{"start":{"line":61,"column":25},"end":{"line":61,"column":null}},"37":{"start":{"line":64,"column":22},"end":{"line":64,"column":null}},"38":{"start":{"line":64,"column":50},"end":{"line":64,"column":73}},"39":{"start":{"line":65,"column":29},"end":{"line":65,"column":null}},"40":{"start":{"line":66,"column":2},"end":{"line":76,"column":null}},"41":{"start":{"line":67,"column":20},"end":{"line":67,"column":null}},"42":{"start":{"line":68,"column":20},"end":{"line":68,"column":null}},"43":{"start":{"line":69,"column":28},"end":{"line":69,"column":null}},"44":{"start":{"line":70,"column":4},"end":{"line":70,"column":null}},"45":{"start":{"line":70,"column":30},"end":{"line":70,"column":null}},"46":{"start":{"line":71,"column":19},"end":{"line":71,"column":null}},"47":{"start":{"line":72,"column":4},"end":{"line":72,"column":null}},"48":{"start":{"line":73,"column":4},"end":{"line":73,"column":null}},"49":{"start":{"line":74,"column":4},"end":{"line":74,"column":null}},"50":{"start":{"line":75,"column":4},"end":{"line":75,"column":null}},"51":{"start":{"line":75,"column":35},"end":{"line":75,"column":null}},"52":{"start":{"line":79,"column":2},"end":{"line":83,"column":null}},"53":{"start":{"line":80,"column":19},"end":{"line":80,"column":null}},"54":{"start":{"line":81,"column":4},"end":{"line":81,"column":null}},"55":{"start":{"line":82,"column":4},"end":{"line":82,"column":null}},"56":{"start":{"line":85,"column":2},"end":{"line":85,"column":null}},"57":{"start":{"line":91,"column":22},"end":{"line":91,"column":null}},"58":{"start":{"line":92,"column":18},"end":{"line":92,"column":null}},"59":{"start":{"line":93,"column":2},"end":{"line":106,"column":null}},"60":{"start":{"line":94,"column":17},"end":{"line":94,"column":null}},"61":{"start":{"line":95,"column":4},"end":{"line":99,"column":null}},"62":{"start":{"line":96,"column":6},"end":{"line":96,"column":null}},"63":{"start":{"line":97,"column":11},"end":{"line":99,"column":null}},"64":{"start":{"line":98,"column":6},"end":{"line":98,"column":null}},"65":{"start":{"line":100,"column":4},"end":{"line":105,"column":null}},"66":{"start":{"line":101,"column":19},"end":{"line":103,"column":null}},"67":{"start":{"line":104,"column":6},"end":{"line":104,"column":null}},"68":{"start":{"line":107,"column":2},"end":{"line":107,"column":null}},"69":{"start":{"line":113,"column":19},"end":{"line":113,"column":null}},"70":{"start":{"line":114,"column":23},"end":{"line":114,"column":null}},"71":{"start":{"line":115,"column":24},"end":{"line":115,"column":null}},"72":{"start":{"line":117,"column":19},"end":{"line":117,"column":null}},"73":{"start":{"line":117,"column":44},"end":{"line":117,"column":55}},"74":{"start":{"line":118,"column":18},"end":{"line":118,"column":null}},"75":{"start":{"line":119,"column":20},"end":{"line":119,"column":null}},"76":{"start":{"line":120,"column":16},"end":{"line":120,"column":null}},"77":{"start":{"line":122,"column":18},"end":{"line":127,"column":null}},"78":{"start":{"line":130,"column":2},"end":{"line":134,"column":null}},"79":{"start":{"line":131,"column":4},"end":{"line":133,"column":null}},"80":{"start":{"line":136,"column":2},"end":{"line":136,"column":null}},"81":{"start":{"line":143,"column":16},"end":{"line":149,"column":null}},"82":{"start":{"line":150,"column":2},"end":{"line":150,"column":null}},"83":{"start":{"line":156,"column":16},"end":{"line":156,"column":null}},"84":{"start":{"line":157,"column":17},"end":{"line":157,"column":null}},"85":{"start":{"line":160,"column":2},"end":{"line":204,"column":null}},"86":{"start":{"line":161,"column":24},"end":{"line":161,"column":null}},"87":{"start":{"line":162,"column":4},"end":{"line":162,"column":null}},"88":{"start":{"line":163,"column":4},"end":{"line":163,"column":null}},"89":{"start":{"line":163,"column":29},"end":{"line":163,"column":60}},"90":{"start":{"line":163,"column":61},"end":{"line":163,"column":101}},"91":{"start":{"line":166,"column":25},"end":{"line":166,"column":null}},"92":{"start":{"line":167,"column":4},"end":{"line":167,"column":null}},"93":{"start":{"line":170,"column":20},"end":{"line":170,"column":null}},"94":{"start":{"line":171,"column":18},"end":{"line":171,"column":null}},"95":{"start":{"line":172,"column":4},"end":{"line":176,"column":null}},"96":{"start":{"line":173,"column":6},"end":{"line":175,"column":null}},"97":{"start":{"line":179,"column":20},"end":{"line":184,"column":null}},"98":{"start":{"line":185,"column":20},"end":{"line":185,"column":null}},"99":{"start":{"line":186,"column":4},"end":{"line":186,"column":null}},"100":{"start":{"line":189,"column":19},"end":{"line":189,"column":null}},"101":{"start":{"line":190,"column":4},"end":{"line":190,"column":null}},"102":{"start":{"line":193,"column":4},"end":{"line":198,"column":null}},"103":{"start":{"line":194,"column":6},"end":{"line":197,"column":null}},"104":{"start":{"line":200,"column":4},"end":{"line":200,"column":null}},"105":{"start":{"line":202,"column":4},"end":{"line":202,"column":null}},"106":{"start":{"line":203,"column":4},"end":{"line":203,"column":null}}},"fnMap":{"0":{"name":"validateReading","decl":{"start":{"line":9,"column":22},"end":{"line":9,"column":37}},"loc":{"start":{"line":9,"column":49},"end":{"line":38,"column":null}},"line":9},"1":{"name":"(anonymous_1)","decl":{"start":{"line":35,"column":35},"end":{"line":35,"column":36}},"loc":{"start":{"line":35,"column":40},"end":{"line":35,"column":61}},"line":35},"2":{"name":"(anonymous_2)","decl":{"start":{"line":35,"column":91},"end":{"line":35,"column":92}},"loc":{"start":{"line":35,"column":96},"end":{"line":35,"column":118}},"line":35},"3":{"name":"calculateConsumption","decl":{"start":{"line":42,"column":22},"end":{"line":42,"column":42}},"loc":{"start":{"line":42,"column":72},"end":{"line":52,"column":null}},"line":42},"4":{"name":"applyTariff","decl":{"start":{"line":56,"column":22},"end":{"line":56,"column":33}},"loc":{"start":{"line":56,"column":81},"end":{"line":86,"column":null}},"line":56},"5":{"name":"(anonymous_5)","decl":{"start":{"line":64,"column":40},"end":{"line":64,"column":41}},"loc":{"start":{"line":64,"column":50},"end":{"line":64,"column":73}},"line":64},"6":{"name":"generateCharges","decl":{"start":{"line":90,"column":22},"end":{"line":90,"column":37}},"loc":{"start":{"line":90,"column":98},"end":{"line":108,"column":null}},"line":90},"7":{"name":"assembleInvoice","decl":{"start":{"line":112,"column":22},"end":{"line":112,"column":37}},"loc":{"start":{"line":112,"column":100},"end":{"line":137,"column":null}},"line":112},"8":{"name":"(anonymous_8)","decl":{"start":{"line":117,"column":34},"end":{"line":117,"column":35}},"loc":{"start":{"line":117,"column":44},"end":{"line":117,"column":55}},"line":117},"9":{"name":"postToLedger","decl":{"start":{"line":141,"column":22},"end":{"line":141,"column":34}},"loc":{"start":{"line":141,"column":54},"end":{"line":151,"column":null}},"line":141},"10":{"name":"executePipeline","decl":{"start":{"line":155,"column":22},"end":{"line":155,"column":37}},"loc":{"start":{"line":155,"column":93},"end":{"line":205,"column":null}},"line":155}},"branchMap":{"0":{"loc":{"start":{"line":11,"column":2},"end":{"line":11,"column":null}},"type":"if","locations":[{"start":{"line":11,"column":2},"end":{"line":11,"column":null}},{"start":{},"end":{}}],"line":11},"1":{"loc":{"start":{"line":19,"column":6},"end":{"line":19,"column":null}},"type":"if","locations":[{"start":{"line":19,"column":6},"end":{"line":19,"column":null}},{"start":{},"end":{}}],"line":19},"2":{"loc":{"start":{"line":19,"column":10},"end":{"line":19,"column":66}},"type":"binary-expr","locations":[{"start":{"line":19,"column":10},"end":{"line":19,"column":28}},{"start":{"line":19,"column":32},"end":{"line":19,"column":66}}],"line":19},"3":{"loc":{"start":{"line":20,"column":6},"end":{"line":20,"column":null}},"type":"if","locations":[{"start":{"line":20,"column":6},"end":{"line":20,"column":null}},{"start":{},"end":{}}],"line":20},"4":{"loc":{"start":{"line":20,"column":10},"end":{"line":20,"column":66}},"type":"binary-expr","locations":[{"start":{"line":20,"column":10},"end":{"line":20,"column":28}},{"start":{"line":20,"column":32},"end":{"line":20,"column":66}}],"line":20},"5":{"loc":{"start":{"line":21,"column":6},"end":{"line":27,"column":null}},"type":"if","locations":[{"start":{"line":21,"column":6},"end":{"line":27,"column":null}},{"start":{},"end":{}}],"line":21},"6":{"loc":{"start":{"line":21,"column":10},"end":{"line":21,"column":46}},"type":"binary-expr","locations":[{"start":{"line":21,"column":10},"end":{"line":21,"column":29}},{"start":{"line":21,"column":33},"end":{"line":21,"column":46}}],"line":21},"7":{"loc":{"start":{"line":26,"column":8},"end":{"line":26,"column":null}},"type":"if","locations":[{"start":{"line":26,"column":8},"end":{"line":26,"column":null}},{"start":{},"end":{}}],"line":26},"8":{"loc":{"start":{"line":26,"column":12},"end":{"line":26,"column":92}},"type":"binary-expr","locations":[{"start":{"line":26,"column":12},"end":{"line":26,"column":23}},{"start":{"line":26,"column":27},"end":{"line":26,"column":92}}],"line":26},"9":{"loc":{"start":{"line":28,"column":21},"end":{"line":28,"column":null}},"type":"cond-expr","locations":[{"start":{"line":28,"column":30},"end":{"line":28,"column":38}},{"start":{"line":28,"column":42},"end":{"line":28,"column":89}}],"line":28},"10":{"loc":{"start":{"line":28,"column":42},"end":{"line":28,"column":89}},"type":"cond-expr","locations":[{"start":{"line":28,"column":69},"end":{"line":28,"column":77}},{"start":{"line":28,"column":80},"end":{"line":28,"column":89}}],"line":28},"11":{"loc":{"start":{"line":30,"column":104},"end":{"line":30,"column":142}},"type":"cond-expr","locations":[{"start":{"line":30,"column":113},"end":{"line":30,"column":117}},{"start":{"line":30,"column":120},"end":{"line":30,"column":142}}],"line":30},"12":{"loc":{"start":{"line":35,"column":22},"end":{"line":35,"column":null}},"type":"cond-expr","locations":[{"start":{"line":35,"column":65},"end":{"line":35,"column":75}},{"start":{"line":35,"column":78},"end":{"line":35,"column":null}}],"line":35},"13":{"loc":{"start":{"line":35,"column":78},"end":{"line":35,"column":null}},"type":"cond-expr","locations":[{"start":{"line":35,"column":122},"end":{"line":35,"column":131}},{"start":{"line":35,"column":134},"end":{"line":35,"column":null}}],"line":35},"14":{"loc":{"start":{"line":47,"column":2},"end":{"line":47,"column":null}},"type":"if","locations":[{"start":{"line":47,"column":2},"end":{"line":47,"column":null}},{"start":{},"end":{}}],"line":47},"15":{"loc":{"start":{"line":58,"column":2},"end":{"line":58,"column":null}},"type":"if","locations":[{"start":{"line":58,"column":2},"end":{"line":58,"column":null}},{"start":{},"end":{}}],"line":58},"16":{"loc":{"start":{"line":67,"column":20},"end":{"line":67,"column":null}},"type":"binary-expr","locations":[{"start":{"line":67,"column":20},"end":{"line":67,"column":33}},{"start":{"line":67,"column":37},"end":{"line":67,"column":null}}],"line":67},"17":{"loc":{"start":{"line":68,"column":20},"end":{"line":68,"column":null}},"type":"binary-expr","locations":[{"start":{"line":68,"column":20},"end":{"line":68,"column":33}},{"start":{"line":68,"column":37},"end":{"line":68,"column":null}}],"line":68},"18":{"loc":{"start":{"line":70,"column":4},"end":{"line":70,"column":null}},"type":"if","locations":[{"start":{"line":70,"column":4},"end":{"line":70,"column":null}},{"start":{},"end":{}}],"line":70},"19":{"loc":{"start":{"line":75,"column":4},"end":{"line":75,"column":null}},"type":"if","locations":[{"start":{"line":75,"column":4},"end":{"line":75,"column":null}},{"start":{},"end":{}}],"line":75},"20":{"loc":{"start":{"line":95,"column":4},"end":{"line":99,"column":null}},"type":"if","locations":[{"start":{"line":95,"column":4},"end":{"line":99,"column":null}},{"start":{"line":97,"column":11},"end":{"line":99,"column":null}}],"line":95},"21":{"loc":{"start":{"line":96,"column":26},"end":{"line":96,"column":45}},"type":"binary-expr","locations":[{"start":{"line":96,"column":26},"end":{"line":96,"column":38}},{"start":{"line":96,"column":42},"end":{"line":96,"column":45}}],"line":96},"22":{"loc":{"start":{"line":97,"column":11},"end":{"line":99,"column":null}},"type":"if","locations":[{"start":{"line":97,"column":11},"end":{"line":99,"column":null}},{"start":{},"end":{}}],"line":97},"23":{"loc":{"start":{"line":98,"column":40},"end":{"line":98,"column":59}},"type":"binary-expr","locations":[{"start":{"line":98,"column":40},"end":{"line":98,"column":52}},{"start":{"line":98,"column":56},"end":{"line":98,"column":59}}],"line":98},"24":{"loc":{"start":{"line":100,"column":4},"end":{"line":105,"column":null}},"type":"if","locations":[{"start":{"line":100,"column":4},"end":{"line":105,"column":null}},{"start":{},"end":{}}],"line":100},"25":{"loc":{"start":{"line":130,"column":2},"end":{"line":134,"column":null}},"type":"if","locations":[{"start":{"line":130,"column":2},"end":{"line":134,"column":null}},{"start":{},"end":{}}],"line":130},"26":{"loc":{"start":{"line":163,"column":4},"end":{"line":163,"column":null}},"type":"if","locations":[{"start":{"line":163,"column":4},"end":{"line":163,"column":null}},{"start":{},"end":{}}],"line":163},"27":{"loc":{"start":{"line":172,"column":4},"end":{"line":176,"column":null}},"type":"if","locations":[{"start":{"line":172,"column":4},"end":{"line":176,"column":null}},{"start":{},"end":{}}],"line":172},"28":{"loc":{"start":{"line":193,"column":4},"end":{"line":198,"column":null}},"type":"if","locations":[{"start":{"line":193,"column":4},"end":{"line":198,"column":null}},{"start":{},"end":{}}],"line":193}},"s":{"0":3,"1":3,"2":1,"3":2,"4":2,"5":2,"6":2,"7":2,"8":2,"9":2,"10":1,"11":2,"12":0,"13":2,"14":0,"15":0,"16":0,"17":2,"18":2,"19":2,"20":2,"21":2,"22":1,"23":3,"24":2,"25":5,"26":5,"27":2,"28":3,"29":3,"30":3,"31":3,"32":4,"33":4,"34":1,"35":3,"36":3,"37":3,"38":1,"39":3,"40":3,"41":2,"42":2,"43":2,"44":2,"45":0,"46":2,"47":2,"48":2,"49":2,"50":2,"51":0,"52":3,"53":2,"54":2,"55":2,"56":3,"57":1,"58":1,"59":1,"60":0,"61":0,"62":0,"63":0,"64":0,"65":0,"66":0,"67":0,"68":1,"69":1,"70":1,"71":1,"72":1,"73":2,"74":1,"75":1,"76":1,"77":1,"78":1,"79":0,"80":1,"81":2,"82":2,"83":2,"84":2,"85":2,"86":2,"87":2,"88":2,"89":1,"90":1,"91":1,"92":1,"93":1,"94":1,"95":1,"96":1,"97":1,"98":1,"99":1,"100":1,"101":1,"102":1,"103":1,"104":1,"105":0,"106":0},"f":{"0":3,"1":2,"2":1,"3":5,"4":4,"5":1,"6":1,"7":1,"8":2,"9":2,"10":2},"b":{"0":[1,2],"1":[1,1],"2":[2,2],"3":[0,2],"4":[2,0],"5":[0,2],"6":[2,0],"7":[0,0],"8":[0,0],"9":[1,1],"10":[1,0],"11":[1,1],"12":[1,1],"13":[0,1],"14":[2,3],"15":[1,3],"16":[2,1],"17":[2,0],"18":[0,2],"19":[0,2],"20":[0,0],"21":[0,0],"22":[0,0],"23":[0,0],"24":[0,0],"25":[0,1],"26":[1,1],"27":[1,0],"28":[1,0]},"meta":{"lastBranch":29,"lastFunction":11,"lastStatement":107,"seen":{"f:9:22:9:37":0,"s:10:18:10:Infinity":0,"b:11:2:11:Infinity:undefined:undefined:undefined:undefined":0,"s:11:2:11:Infinity":1,"s:11:16:11:Infinity":2,"s:13:16:13:Infinity":3,"s:14:18:14:Infinity":4,"s:15:2:34:Infinity":5,"s:16:4:33:Infinity":6,"s:17:24:17:Infinity":7,"s:18:19:18:Infinity":8,"b:19:6:19:Infinity:undefined:undefined:undefined:undefined":1,"s:19:6:19:Infinity":9,"b:19:10:19:28:19:32:19:66":2,"s:19:68:19:Infinity":10,"b:20:6:20:Infinity:undefined:undefined:undefined:undefined":3,"s:20:6:20:Infinity":11,"b:20:10:20:28:20:32:20:66":4,"s:20:68:20:Infinity":12,"b:21:6:27:Infinity:undefined:undefined:undefined:undefined":5,"s:21:6:27:Infinity":13,"b:21:10:21:29:21:33:21:46":6,"s:22:28:25:Infinity":14,"b:26:8:26:Infinity:undefined:undefined:undefined:undefined":7,"s:26:8:26:Infinity":15,"b:26:12:26:23:26:27:26:92":8,"s:26:94:26:Infinity":16,"s:28:21:28:Infinity":17,"b:28:30:28:38:28:42:28:89":9,"b:28:69:28:77:28:80:28:89":10,"s:29:21:31:Infinity":18,"b:30:113:30:117:30:120:30:142":11,"s:32:6:32:Infinity":19,"s:35:22:35:Infinity":20,"b:35:65:35:75:35:78:35:Infinity":12,"f:35:35:35:36":1,"s:35:40:35:61":21,"b:35:122:35:131:35:134:35:Infinity":13,"f:35:91:35:92":2,"s:35:96:35:118":22,"s:36:2:36:Infinity":23,"s:37:2:37:Infinity":24,"f:42:22:42:42":3,"s:43:19:46:Infinity":25,"b:47:2:47:Infinity:undefined:undefined:undefined:undefined":14,"s:47:2:47:Infinity":26,"s:47:27:47:Infinity":27,"s:48:16:48:Infinity":28,"s:49:15:49:Infinity":29,"s:50:22:50:Infinity":30,"s:51:2:51:Infinity":31,"f:56:22:56:33":4,"s:57:17:57:Infinity":32,"b:58:2:58:Infinity:undefined:undefined:undefined:undefined":15,"s:58:2:58:Infinity":33,"s:58:15:58:Infinity":34,"s:60:20:60:Infinity":35,"s:61:25:61:Infinity":36,"s:64:22:64:Infinity":37,"f:64:40:64:41":5,"s:64:50:64:73":38,"s:65:29:65:Infinity":39,"s:66:2:76:Infinity":40,"s:67:20:67:Infinity":41,"b:67:20:67:33:67:37:67:Infinity":16,"s:68:20:68:Infinity":42,"b:68:20:68:33:68:37:68:Infinity":17,"s:69:28:69:Infinity":43,"b:70:4:70:Infinity:undefined:undefined:undefined:undefined":18,"s:70:4:70:Infinity":44,"s:70:30:70:Infinity":45,"s:71:19:71:Infinity":46,"s:72:4:72:Infinity":47,"s:73:4:73:Infinity":48,"s:74:4:74:Infinity":49,"b:75:4:75:Infinity:undefined:undefined:undefined:undefined":19,"s:75:4:75:Infinity":50,"s:75:35:75:Infinity":51,"s:79:2:83:Infinity":52,"s:80:19:80:Infinity":53,"s:81:4:81:Infinity":54,"s:82:4:82:Infinity":55,"s:85:2:85:Infinity":56,"f:90:22:90:37":6,"s:91:22:91:Infinity":57,"s:92:18:92:Infinity":58,"s:93:2:106:Infinity":59,"s:94:17:94:Infinity":60,"b:95:4:99:Infinity:97:11:99:Infinity":20,"s:95:4:99:Infinity":61,"s:96:6:96:Infinity":62,"b:96:26:96:38:96:42:96:45":21,"b:97:11:99:Infinity:undefined:undefined:undefined:undefined":22,"s:97:11:99:Infinity":63,"s:98:6:98:Infinity":64,"b:98:40:98:52:98:56:98:59":23,"b:100:4:105:Infinity:undefined:undefined:undefined:undefined":24,"s:100:4:105:Infinity":65,"s:101:19:103:Infinity":66,"s:104:6:104:Infinity":67,"s:107:2:107:Infinity":68,"f:112:22:112:37":7,"s:113:19:113:Infinity":69,"s:114:23:114:Infinity":70,"s:115:24:115:Infinity":71,"s:117:19:117:Infinity":72,"f:117:34:117:35":8,"s:117:44:117:55":73,"s:118:18:118:Infinity":74,"s:119:20:119:Infinity":75,"s:120:16:120:Infinity":76,"s:122:18:127:Infinity":77,"b:130:2:134:Infinity:undefined:undefined:undefined:undefined":25,"s:130:2:134:Infinity":78,"s:131:4:133:Infinity":79,"s:136:2:136:Infinity":80,"f:141:22:141:34":9,"s:143:16:149:Infinity":81,"s:150:2:150:Infinity":82,"f:155:22:155:37":10,"s:156:16:156:Infinity":83,"s:157:17:157:Infinity":84,"s:160:2:204:Infinity":85,"s:161:24:161:Infinity":86,"s:162:4:162:Infinity":87,"b:163:4:163:Infinity:undefined:undefined:undefined:undefined":26,"s:163:4:163:Infinity":88,"s:163:29:163:60":89,"s:163:61:163:101":90,"s:166:25:166:Infinity":91,"s:167:4:167:Infinity":92,"s:170:20:170:Infinity":93,"s:171:18:171:Infinity":94,"b:172:4:176:Infinity:undefined:undefined:undefined:undefined":27,"s:172:4:176:Infinity":95,"s:173:6:175:Infinity":96,"s:179:20:184:Infinity":97,"s:185:20:185:Infinity":98,"s:186:4:186:Infinity":99,"s:189:19:189:Infinity":100,"s:190:4:190:Infinity":101,"b:193:4:198:Infinity:undefined:undefined:undefined:undefined":28,"s:193:4:198:Infinity":102,"s:194:6:197:Infinity":103,"s:200:4:200:Infinity":104,"s:202:4:202:Infinity":105,"s:203:4:203:Infinity":106},"fnNames":{}}}
,"D:\\meter\\backend\\src\\services\\crud-service.js": {"path":"D:\\meter\\backend\\src\\services\\crud-service.js","statementMap":{"0":{"start":{"line":12,"column":16},"end":{"line":12,"column":null}},"1":{"start":{"line":13,"column":2},"end":{"line":13,"column":null}},"2":{"start":{"line":13,"column":14},"end":{"line":13,"column":null}},"3":{"start":{"line":14,"column":15},"end":{"line":17,"column":null}},"4":{"start":{"line":18,"column":2},"end":{"line":18,"column":null}},"5":{"start":{"line":19,"column":2},"end":{"line":19,"column":null}},"6":{"start":{"line":25,"column":16},"end":{"line":25,"column":null}},"7":{"start":{"line":26,"column":2},"end":{"line":26,"column":null}},"8":{"start":{"line":26,"column":14},"end":{"line":26,"column":null}},"9":{"start":{"line":27,"column":18},"end":{"line":27,"column":null}},"10":{"start":{"line":28,"column":2},"end":{"line":35,"column":null}},"11":{"start":{"line":29,"column":4},"end":{"line":34,"column":null}},"12":{"start":{"line":30,"column":19},"end":{"line":30,"column":null}},"13":{"start":{"line":31,"column":6},"end":{"line":31,"column":null}},"14":{"start":{"line":33,"column":6},"end":{"line":33,"column":null}},"15":{"start":{"line":36,"column":2},"end":{"line":36,"column":null}},"16":{"start":{"line":37,"column":2},"end":{"line":37,"column":null}},"17":{"start":{"line":37,"column":70},"end":{"line":37,"column":79}},"18":{"start":{"line":37,"column":117},"end":{"line":37,"column":127}},"19":{"start":{"line":41,"column":18},"end":{"line":41,"column":null}},"20":{"start":{"line":42,"column":2},"end":{"line":45,"column":null}},"21":{"start":{"line":43,"column":4},"end":{"line":44,"column":null}},"22":{"start":{"line":43,"column":10},"end":{"line":43,"column":50}},"23":{"start":{"line":43,"column":51},"end":{"line":43,"column":86}},"24":{"start":{"line":44,"column":16},"end":{"line":44,"column":70}},"25":{"start":{"line":46,"column":2},"end":{"line":46,"column":null}},"26":{"start":{"line":46,"column":70},"end":{"line":46,"column":79}},"27":{"start":{"line":52,"column":16},"end":{"line":52,"column":null}},"28":{"start":{"line":53,"column":2},"end":{"line":53,"column":null}},"29":{"start":{"line":53,"column":14},"end":{"line":53,"column":null}},"30":{"start":{"line":55,"column":18},"end":{"line":55,"column":null}},"31":{"start":{"line":56,"column":2},"end":{"line":63,"column":null}},"32":{"start":{"line":57,"column":4},"end":{"line":62,"column":null}},"33":{"start":{"line":58,"column":19},"end":{"line":58,"column":null}},"34":{"start":{"line":59,"column":6},"end":{"line":59,"column":null}},"35":{"start":{"line":61,"column":6},"end":{"line":61,"column":null}},"36":{"start":{"line":64,"column":21},"end":{"line":64,"column":null}},"37":{"start":{"line":64,"column":41},"end":{"line":64,"column":50}},"38":{"start":{"line":65,"column":17},"end":{"line":65,"column":null}},"39":{"start":{"line":65,"column":37},"end":{"line":65,"column":47}},"40":{"start":{"line":66,"column":2},"end":{"line":66,"column":null}},"41":{"start":{"line":67,"column":2},"end":{"line":67,"co
[...]
t":{"line":119,"column":2},"end":{"line":119,"column":null}},"type":"if","locations":[{"start":{"line":119,"column":2},"end":{"line":119,"column":null}},{"start":{},"end":{}}],"line":119},"19":{"loc":{"start":{"line":127,"column":2},"end":{"line":127,"column":null}},"type":"if","locations":[{"start":{"line":127,"column":2},"end":{"line":127,"column":null}},{"start":{},"end":{}}],"line":127},"20":{"loc":{"start":{"line":143,"column":13},"end":{"line":143,"column":53}},"type":"cond-expr","locations":[{"start":{"line":143,"column":25},"end":{"line":143,"column":46}},{"start":{"line":143,"column":49},"end":{"line":143,"column":53}}],"line":143}},"s":{"0":3,"1":3,"2":1,"3":2,"4":2,"5":2,"6":1,"7":1,"8":0,"9":1,"10":1,"11":2,"12":2,"13":2,"14":0,"15":1,"16":1,"17":2,"18":2,"19":1,"20":1,"21":1,"22":1,"23":1,"24":0,"25":1,"26":1,"27":2,"28":2,"29":0,"30":2,"31":2,"32":3,"33":3,"34":2,"35":1,"36":2,"37":3,"38":2,"39":3,"40":2,"41":2,"42":3,"43":3,"44":0,"45":3,"46":3,"47":2,"48":1,"49":1,"50":2,"51":1,"52":1,"53":2,"54":1,"55":1,"56":2,"57":2,"58":1,"59":1,"60":1,"61":2,"62":2,"63":0,"64":2,"65":2,"66":0,"67":2,"68":2,"69":2,"70":2,"71":1,"72":1,"73":0,"74":1,"75":1,"76":1,"77":1,"78":1,"79":0,"80":1,"81":1,"82":1,"83":1,"84":1,"85":0,"86":1,"87":1,"88":1,"89":1,"90":1,"91":1},"f":{"0":3,"1":1,"2":2,"3":2,"4":1,"5":1,"6":2,"7":3,"8":3,"9":3,"10":2,"11":1,"12":2,"13":2,"14":2,"15":1,"16":1,"17":1,"18":1,"19":1},"b":{"0":[1,2],"1":[0,1],"2":[0,2],"3":[1,1],"4":[3],"5":[3],"6":[0,3],"7":[2,1],"8":[1,1],"9":[2,0],"10":[1,1],"11":[0,2],"12":[0,2],"13":[1,1],"14":[1,1],"15":[1,1],"16":[1,1],"17":[0,1],"18":[0,1],"19":[0,1],"20":[1,0]},"meta":{"lastBranch":21,"lastFunction":20,"lastStatement":92,"seen":{"f:11:22:11:32":0,"s:12:16:12:Infinity":0,"b:13:2:13:Infinity:undefined:undefined:undefined:undefined":0,"s:13:2:13:Infinity":1,"s:13:14:13:Infinity":2,"s:14:15:17:Infinity":3,"s:18:2:18:Infinity":4,"s:19:2:19:Infinity":5,"f:24:22:24:32":1,"s:25:16:25:Infinity":6,"b:26:2:26:Infinity:undefined:undefined:undefined:undefined":1,"s:26:2:26:Infinity":7,"s:26:14:26:Infinity":8,"s:27:18:27:Infinity":9,"s:28:2:35:Infinity":10,"s:29:4:34:Infinity":11,"s:30:19:30:Infinity":12,"s:31:6:31:Infinity":13,"s:33:6:33:Infinity":14,"s:36:2:36:Infinity":15,"s:37:2:37:Infinity":16,"f:37:65:37:66":2,"s:37:70:37:79":17,"f:37:112:37:113":3,"s:37:117:37:127":18,"f:40:22:40:32":4,"s:41:18:41:Infinity":19,"s:42:2:45:Infinity":20,"s:43:4:44:Infinity":21,"s:43:10:43:50":22,"s:43:51:43:86":23,"s:44:16:44:70":24,"s:46:2:46:Infinity":25,"f:46:65:46:66":5,"s:46:70:46:79":26,"f:51:22:51:32":6,"s:52:16:52:Infinity":27,"b:53:2:53:Infinity:undefined:undefined:undefined:undefined":2,"s:53:2:53:Infinity":28,"s:53:14:53:Infinity":29,"s:55:18:55:Infinity":30,"s:56:2:63:Infinity":31,"s:57:4:62:Infinity":32,"s:58:19:58:Infinity":33,"s:59:6:59:Infinity":34,"s:61:6:61:Infinity":35,"s:64:21:64:Infinity":36,"f:64:36:64:37":7,"s:64:41:64:50":37,"s:65:17:65:Infinity":38,"f:65:32:65:33":8,"s:65:37:65:47":39,"s:66:2:66:Infinity":40,"b:66:205:66:214:66:217:66:226":3,"s:67:2:67:Infinity":41,"f:72:22:72:32":9,"b:72:54:72:56":4,"b:72:67:72:73":5,"s:73:16:73:Infinity":42,"b:74:2:74:Infinity:undefined:undefined:undefined:undefined":6,"s:74:2:74:Infinity":43,"s:74:14:74:Infinity":44,"s:75:16:75:Infinity":45,"b:76:2:81:Infinity:undefined:undefined:undefined:undefined":7,"s:76:2:81:Infinity":46,"b:77:4:77:Infinity:undefined:undefined:undefined:undefined":8,"s:77:4:77:Infinity":47,"s:77:28:77:Infinity":48,"s:78:20:78:Infinity":49,"f:78:49:78:50":10,"s:78:54:78:77":50,"s:79:16:79:Infinity":51,"f:79:49:79:52":11,"s:79:56:79:112":52,"f:79:68:79:69":12,"s:79:73:79:101":53,"b:79:88:79:94:79:98:79:100":9,"s:80:4:80:Infinity":54,"s:82:2:82:Infinity":55,"f:87:22:87:32":13,"s:88:16:88:Infinity":56,"b:89:2:89:Infinity:undefined:undefined:undefined:undefined":10,"s:89:2:89:Infinity":57,"s:89:14:89:Infinity":58,"s:90:2:90:Infinity":59,"s:91:2:91:Infinity":60,"f:96:22:96:35":14,"s:97:16:97:Infinity":61,"b:98:2:98:Infinity:undefined:undefined:undefined:undefined":11,"s:98:2:98:Infinity":62,"s:98:14:98:Infinity":63,"s:99:15:99:Infinity":64,"b:100:2:100:Infinity:undefined:undefined:undefined:undefined":12,"s:100:2:100:Infinity":65,"s:100:13:100:Infinity":66,"s:101:21:101:Infinity":67,"s:102:18:102:Infinity":68,"b:102:87:102:91:102:94:102:104":13,"b:102:131:102:135:102:138:102:144":14,"b:102:167:102:175:102:178:102:188":15,"s:103:2:103:Infinity":69,"b:103:80:103:91:103:94:103:103":16,"s:104:2:104:Infinity":70,"f:109:22:109:39":15,"s:110:16:110:Infinity":71,"b:111:2:111:Infinity:undefined:undefined:undefined:undefined":17,"s:111:2:111:Infinity":72,"s:111:14:111:Infinity":73,"s:112:15:112:Infinity":74,"s:113:2:113:Infinity":75,"s:114:2:114:Infinity":76,"f:117:22:117:29":16,"s:118:16:118:Infinity":77,"b:119:2:119:Infinity:undefined:undefined:undefined:undefined":18,"s:119:2:119:Infinity":78,"s:119:14:119:Infinity":79,"s:120:15:120:Infinity":80,"s:121:2:121:Infinity":81,"s:122:2:122:Infinity":82,"f:125:22:125:28":17,"s:126:16:126:Infinity":83,"b:127:2:127:Infinity:undefined:undefined:undefined:undefined":19,"s:127:2:127:Infinity":84,"s:127:14:127:Infinity":85,"s:128:15:128:Infinity":86,"s:129:2:129:Infinity":87,"s:130:2:130:Infinity":88,"f:135:22:135:39":18,"s:136:18:140:Infinity":89,"s:141:2:144:Infinity":90,"f:141:21:141:22":19,"s:141:27:144:3":91,"b:143:25:143:46:143:49:143:53":20},"fnNames":{}}}
,"D:\\meter\\backend\\src\\services\\email-engine.js": {"path":"D:\\meter\\backend\\src\\services\\email-engine.js","statementMap":{"0":{"start":{"line":4,"column":20},"end":{"line":8,"column":null}},"1":{"start":{"line":11,"column":2},"end":{"line":18,"column":null}},"2":{"start":{"line":12,"column":17},"end":{"line":12,"column":null}},"3":{"start":{"line":13,"column":4},"end":{"line":13,"column":null}},"4":{"start":{"line":14,"column":4},"end":{"line":14,"column":null}},"5":{"start":{"line":16,"column":4},"end":{"line":16,"column":null}},"6":{"start":{"line":17,"column":4},"end":{"line":17,"column":null}}},"fnMap":{"0":{"name":"sendEmail","decl":{"start":{"line":10,"column":22},"end":{"line":10,"column":31}},"loc":{"start":{"line":10,"column":51},"end":{"line":19,"column":1}},"line":10}},"branchMap":{"0":{"loc":{"start":{"line":5,"column":8},"end":{"line":5,"column":51}},"type":"binary-expr","locations":[{"start":{"line":5,"column":8},"end":{"line":5,"column":29}},{"start":{"line":5,"column":33},"end":{"line":5,"column":51}}],"line":5},"1":{"loc":{"start":{"line":6,"column":17},"end":{"line":6,"column":47}},"type":"binary-expr","locations":[{"start":{"line":6,"column":17},"end":{"line":6,"column":38}},{"start":{"line":6,"column":42},"end":{"line":6,"column":47}}],"line":6},"2":{"loc":{"start":{"line":7,"column":16},"end":{"line":7,"column":43}},"type":"binary-expr","locations":[{"start":{"line":7,"column":16},"end":{"line":7,"column":37}},{"start":{"line":7,"column":41},"end":{"line":7,"column":43}}],"line":7},"3":{"loc":{"start":{"line":7,"column":51},"end":{"line":7,"column":78}},"type":"binary-expr","locations":[{"start":{"line":7,"column":51},"end":{"line":7,"column":72}},{"start":{"line":7,"column":76},"end":{"line":7,"column":78}}],"line":7},"4":{"loc":{"start":{"line":12,"column":52},"end":{"line":12,"column":101}},"type":"binary-expr","locations":[{"start":{"line":12,"column":52},"end":{"line":12,"column":73}},{"start":{"line":12,"column":77},"end":{"line":12,"column":101}}],"line":12},"5":{"loc":{"start":{"line":13,"column":53},"end":{"line":13,"column":102}},"type":"binary-expr","locations":[{"start":{"line":13,"column":53},"end":{"line":13,"column":74}},{"start":{"line":13,"column":78},"end":{"line":13,"column":102}}],"line":13},"6":{"loc":{"start":{"line":16,"column":53},"end":{"line":16,"column":102}},"type":"binary-expr","locations":[{"start":{"line":16,"column":53},"end":{"line":16,"column":74}},{"start":{"line":16,"column":78},"end":{"line":16,"column":102}}],"line":16}},"s":{"0":1,"1":1,"2":1,"3":1,"4":1,"5":1,"6":1},"f":{"0":1},"b":{"0":[1,1],"1":[1,1],"2":[1,1],"3":[1,1],"4":[1,1],"5":[1,1],"6":[1,1]},"meta":{"lastBranch":7,"lastFunction":1,"lastStatement":7,"seen":{"s:4:20:8:Infinity":0,"b:5:8:5:29:5:33:5:51":0,"b:6:17:6:38:6:42:6:47":1,"b:7:16:7:37:7:41:7:43":2,"b:7:51:7:72:7:76:7:78":3,"f:10:22:10:31":0,"s:11:2:18:Infinity":1,"s:12:17:12:Infinity":2,"b:12:52:12:73:12:77:12:101":4,"s:13:4:13:Infinity":3,"b:13:53:13:74:13:78:13:102":5,"s:14:4:14:Infinity":4,"s:16:4:16:Infinity":5,"b:16:53:16:74:16:78:16:102":6,"s:17:4:17:Infinity":6},"fnNames":{}}}
,"D:\\meter\\backend\\src\\services\\kpi-engine.js": {"path":"D:\\meter\\backend\\src\\services\\kpi-engine.js","statementMap":{"0":{"start":{"line":3,"column":24},"end":{"line":10,"column":null}},"1":{"start":{"line":13,"column":2},"end":{"line":19,"column":null}},"2":{"start":{"line":14,"column":4},"end":{"line":18,"column":null}},"3":{"start":{"line":23,"column":15},"end":{"line":23,"column":null}},"4":{"start":{"line":24,"column":2},"end":{"line":36,"column":null}},"5":{"start":{"line":25,"column":16},"end":{"line":25,"column":null}},"6":{"start":{"line":26,"column":4},"end":{"line":33,"column":null}},"7":{"start":{"line":27,"column":30},"end":{"line":27,"column":68}},"8":{"start":{"line":27,"column":69},"end":{"line":27,"column":null}},"9":{"start":{"line":28,"column":28},"end":{"line":28,"column":94}},"10":{"start":{"line":28,"column":95},"end":{"line":28,"column":null}},"11":{"start":{"line":29,"column":29},"end":{"line":29,"column":132}},"12":{"start":{"line":29,"column":133},"end":{"line":29,"column":null}},"13":{"start":{"line":30,"column":33},"end":{"line":30,"column":70}},"14":{"start":{"line":30,"column":71},"end":{"line":30,"column":null}},"15":{"start":{"line":31,"column":45},"end":{"line":31,"column":103}},"16":{"start":{"line":31,"column":105},"end":{"line":31,"column":132}},"17":{"start":{"line":31,"column":133},"end":{"line":31,"column":138}},"18":{"start":{"line":32,"column":32},"end":{"line":32,"column":43}},"19":{"start":{"line":32,"column":44},"end":{"line":32,"column":null}},"20":{"start":{"line":34,"column":4},"end":{"line":34,"column":null}},"21":{"start":{"line":35,"column":4},"end":{"line":35,"column":null}}},"fnMap":{"0":{"name":"seedKPIDefinitions","decl":{"start":{"line":12,"column":22},"end":{"line":12,"column":40}},"loc":{"start":{"line":12,"column":43},"end":{"line":20,"column":null}},"line":12},"1":{"name":"recordKPISnapshot","decl":{"start":{"line":22,"column":22},"end":{"line":22,"column":39}},"loc":{"start":{"line":22,"column":42},"end":{"line":37,"column":null}},"line":22}},"branchMap":{"0":{"loc":{"start":{"line":26,"column":4},"end":{"line":33,"column":null}},"type":"switch","locations":[{"start":{"line":27,"column":6},"end":{"line":27,"column":null}},{"start":{"line":28,"column":6},"end":{"line":28,"column":null}},{"start":{"line":29,"column":6},"end":{"line":29,"column":null}},{"start":{"line":30,"column":6},"end":{"line":30,"column":null}},{"start":{"line":31,"column":6},"end":{"line":31,"column":null}},{"start":{"line":32,"column":6},"end":{"line":32,"column":null}}],"line":26},"1":{"loc":{"start":{"line":31,"column":113},"end":{"line":31,"column":131}},"type":"binary-expr","locations":[{"start":{"line":31,"column":113},"end":{"line":31,"column":126}},{"start":{"line":31,"column":130},"end":{"line":31,"column":131}}],"line":31}},"s":{"0":1,"1":1,"2":6,"3":1,"4":1,"5":2,"6":2,"7":1,"8":1,"9":1,"10":1,"11":0,"12":0,"13":0,"14":0,"15":0,"16":0,"17":0,"18":0,"19":0,"20":2,"21":2},"f":{"0":1,"1":1},"b":{"0":[1,1,0,0,0,0],"1":[0,0]},"meta":{"lastBranch":2,"lastFunction":2,"lastStatement":22,"seen":{"s:3:24:10:Infinity":0,"f:12:22:12:40":0,"s:13:2:19:Infinity":1,"s:14:4:18:Infinity":2,"f:22:22:22:39":1,"s:23:15:23:Infinity":3,"s:24:2:36:Infinity":4,"s:25:16:25:Infinity":5,"b:27:6:27:Infinity:28:6:28:Infinity:29:6:29:Infinity:30:6:30:Infinity:31:6:31:Infinity:32:6:32:Infinity":0,"s:26:4:33:Infinity":6,"s:27:30:27:68":7,"s:27:69:27:Infinity":8,"s:28:28:28:94":9,"s:28:95:28:Infinity":10,"s:29:29:29:132":11,"s:29:133:29:Infinity":12,"s:30:33:30:70":13,"s:30:71:30:Infinity":14,"s:31:45:31:103":15,"s:31:105:31:132":16,"b:31:113:31:126:31:130:31:131":1,"s:31:133:31:138":17,"s:32:32:32:43":18,"s:32:44:32:Infinity":19,"s:34:4:34:Infinity":20,"s:35:4:35:Infinity":21},"fnNames":{}}}
,"D:\\meter\\backend\\src\\services\\sms-engine.js": {"path":"D:\\meter\\backend\\src\\services\\sms-engine.js","statementMap":{"0":{"start":{"line":4,"column":2},"end":{"line":11,"column":null}},"1":{"start":{"line":6,"column":4},"end":{"line":6,"column":null}},"2":{"start":{"line":7,"column":4},"end":{"line":7,"column":null}},"3":{"start":{"line":9,"column":4},"end":{"line":9,"column":null}},"4":{"start":{"line":10,"column":4},"end":{"line":10,"column":null}}},"fnMap":{"0":{"name":"sendSms","decl":{"start":{"line":3,"column":22},"end":{"line":3,"column":29}},"loc":{"start":{"line":3,"column":43},"end":{"line":12,"column":1}},"line":3}},"branchMap":{},"s":{"0":1,"1":1,"2":1,"3":0,"4":0},"f":{"0":1},"b":{},"meta":{"lastBranch":0,"lastFunction":1,"lastStatement":5,"seen":{"f:3:22:3:29":0,"s:4:2:11:Infinity":0,"s:6:4:6:Infinity":1,"s:7:4:7:Infinity":2,"s:9:4:9:Infinity":3,"s:10:4:10:Infinity":4},"fnNames":{}}}
,"D:\\meter\\backend\\src\\services\\validation-engine.js": {"path":"D:\\meter\\backend\\src\\services\\validation-engine.js","statementMap":{"0":{"start":{"line":4,"column":16},"end":{"line":4,"column":null}},"1":{"start":{"line":5,"column":18},"end":{"line":5,"column":null}},"2":{"start":{"line":6,"column":2},"end":{"line":20,"column":null}},"3":{"start":{"line":7,"column":4},"end":{"line":19,"column":null}},"4":{"start":{"line":8,"column":24},"end":{"line":8,"column":null}},"5":{"start":{"line":9,"column":21},"end":{"line":13,"column":null}},"6":{"start":{"line":10,"column":8},"end":{"line":10,"column":null}},"7":{"start":{"line":10,"column":32},"end":{"line":10,"column":null}},"8":{"start":{"line":11,"column":8},"end":{"line":11,"column":null}},"9":{"start":{"line":11,"column":32},"end":{"line":11,"column":null}},"10":{"start":{"line":12,"column":8},"end":{"line":12,"column":null}},"11":{"start":{"line":14,"column":21},"end":{"line":14,"column":null}},"12":{"start":{"line":15,"column":6},"end":{"line":17,"column":null}},"13":{"start":{"line":18,"column":6},"end":{"line":18,"column":null}},"14":{"start":{"line":21,"column":2},"end":{"line":21,"column":null}}},"fnMap":{"0":{"name":"validateReading","decl":{"start":{"line":3,"column":22},"end":{"line":3,"column":37}},"loc":{"start":{"line":3,"column":51},"end":{"line":22,"column":1}},"line":3},"1":{"name":"(anonymous_1)","decl":{"start":{"line":9,"column":53},"end":{"line":9,"column":54}},"loc":{"start":{"line":9,"column":69},"end":{"line":13,"column":7}},"line":9}},"branchMap":{"0":{"loc":{"start":{"line":10,"column":8},"end":{"line":10,"column":null}},"type":"if","locations":[{"start":{"line":10,"column":8},"end":{"line":10,"column":null}},{"start":{},"end":{}}],"line":10},"1":{"loc":{"start":{"line":11,"column":8},"end":{"line":11,"column":null}},"type":"if","locations":[{"start":{"line":11,"column":8},"end":{"line":11,"column":null}},{"start":{},"end":{}}],"line":11},"2":{"loc":{"start":{"line":14,"column":21},"end":{"line":14,"column":null}},"type":"cond-expr","locations":[{"start":{"line":14,"column":30},"end":{"line":14,"column":38}},{"start":{"line":14,"column":41},"end":{"line":14,"column":null}}],"line":14},"3":{"loc":{"start":{"line":16,"column":76},"end":{"line":16,"column":103}},"type":"binary-expr","locations":[{"start":{"line":16,"column":76},"end":{"line":16,"column":90}},{"start":{"line":16,"column":94},"end":{"line":16,"column":103}}],"line":16},"4":{"loc":{"start":{"line":16,"column":122},"end":{"line":16,"column":164}},"type":"cond-expr","locations":[{"start":{"line":16,"column":131},"end":{"line":16,"column":139}},{"start":{"line":16,"column":142},"end":{"line":16,"column":164}}],"line":16}},"s":{"0":1,"1":1,"2":1,"3":1,"4":1,"5":1,"6":1,"7":1,"8":0,"9":0,"10":0,"11":1,"12":1,"13":1,"14":1},"f":{"0":1,"1":1},"b":{"0":[1,0],"1":[0,0],"2":[1,0],"3":[1,1],"4":[1,0]},"meta":{"lastBranch":5,"lastFunction":2,"lastStatement":15,"seen":{"f:3:22:3:37":0,"s:4:16:4:Infinity":0,"s:5:18:5:Infinity":1,"s:6:2:20:Infinity":2,"s:7:4:19:Infinity":3,"s:8:24:8:Infinity":4,"s:9:21:13:Infinity":5,"f:9:53:9:54":1,"b:10:8:10:Infinity:undefined:undefined:undefined:undefined":0,"s:10:8:10:Infinity":6,"s:10:32:10:Infinity":7,"b:11:8:11:Infinity:undefined:undefined:undefined:undefined":1,"s:11:8:11:Infinity":8,"s:11:32:11:Infinity":9,"s:12:8:12:Infinity":10,"s:14:21:14:Infinity":11,"b:14:30:14:38:14:41:14:Infinity":2,"s:15:6:17:Infinity":12,"b:16:76:16:90:16:94:16:103":3,"b:16:131:16:139:16:142:16:164":4,"s:18:6:18:Infinity":13,"s:21:2:21:Infinity":14},"fnNames":{}}}
,"D:\\meter\\backend\\tests\\helpers\\mock-prisma.js": {"path":"D:\\meter\\backend\\tests\\helpers\\mock-prisma.js","statementMap":{"0":{"start":{"line":4,"column":2},"end":{"line":15,"column":null}},"1":{"start":{"line":19,"column":2},"end":{"line":28,"column":null}},"2":{"start":{"line":31,"column":22},"end":{"line":124,"column":1}},"3":{"start":{"line":119,"column":36},"end":{"line":119,"column":52}},"4":{"start":{"line":127,"column":2},"end":{"line":135,"column":null}},"5":{"start":{"line":128,"column":4},"end":{"line":134,"column":null}},"6":{"start":{"line":129,"column":6},"end":{"line":133,"column":null}},"7":{"start":{"line":130,"column":8},"end":{"line":132,"column":null}},"8":{"start":{"line":131,"column":10},"end":{"line":131,"column":null}}},"fnMap":{"0":{"name":"createMockModel","decl":{"start":{"line":3,"column":9},"end":{"line":3,"column":24}},"loc":{"start":{"line":3,"column":27},"end":{"line":16,"column":null}},"line":3},"1":{"name":"createMockDelegate","decl":{"start":{"line":18,"column":9},"end":{"line":18,"column":27}},"loc":{"start":{"line":18,"column":30},"end":{"line":29,"column":null}},"line":18},"2":{"name":"(anonymous_2)","decl":{"start":{"line":119,"column":22},"end":{"line":119,"column":23}},"loc":{"start":{"line":119,"column":36},"end":{"line":119,"column":52}},"line":119},"3":{"name":"resetPrismaMocks","decl":{"start":{"line":126,"column":16},"end":{"line":126,"column":32}},"loc":{"start":{"line":126,"column":35},"end":{"line":136,"column":null}},"line":126}},"branchMap":{"0":{"loc":{"start":{"line":128,"column":4},"end":{"line":134,"column":null}},"type":"if","locations":[{"start":{"line":128,"column":4},"end":{"line":134,"column":null}},{"start":{},"end":{}}],"line":128},"1":{"loc":{"start":{"line":128,"column":8},"end":{"line":128,"column":51}},"type":"binary-expr","locations":[{"start":{"line":128,"column":8},"end":{"line":128,"column":33}},{"start":{"line":128,"column":37},"end":{"line":128,"column":51}}],"line":128},"2":{"loc":{"start":{"line":130,"column":8},"end":{"line":132,"column":null}},"type":"if","locations":[{"start":{"line":130,"column":8},"end":{"line":132,"column":null}},{"start":{},"end":{}}],"line":130},"3":{"loc":{"start":{"line":130,"column":12},"end":{"line":130,"column":65}},"type":"binary-expr","locations":[{"start":{"line":130,"column":12},"end":{"line":130,"column":40}},{"start":{"line":130,"column":44},"end":{"line":130,"column":65}}],"line":130}},"s":{"0":870,"1":0,"2":10,"3":0,"4":71,"5":6532,"6":6177,"7":61770,"8":61770},"f":{"0":870,"1":0,"2":0,"3":71},"b":{"0":[6177,355],"1":[6532,6177],"2":[61770,0],"3":[61770,61770]},"meta":{"lastBranch":4,"lastFunction":4,"lastStatement":9,"seen":{"f:3:9:3:24":0,"s:4:2:15:Infinity":0,"f:18:9:18:27":1,"s:19:2:28:Infinity":1,"s:31:22:124:1":2,"f:119:22:119:23":2,"s:119:36:119:52":3,"f:126:16:126:32":3,"s:127:2:135:Infinity":4,"b:128:4:134:Infinity:undefined:undefined:undefined:undefined":0,"s:128:4:134:Infinity":5,"b:128:8:128:33:128:37:128:51":1,"s:129:6:133:Infinity":6,"b:130:8:132:Infinity:undefined:undefined:undefined:undefined":2,"s:130:8:132:Infinity":7,"b:130:12:130:40:130:44:130:65":3,"s:131:10:131:Infinity":8},"fnNames":{}}}
}
