{"D:\\meter\\backend\\src\\middleware\\auth.js": {"path":"D:\\meter\\backend\\src\\middleware\\auth.js","statementMap":{"0":{"start":{"line":3,"column":19},"end":{"line":3,"column":null}},"1":{"start":{"line":4,"column":0},"end":{"line":7,"column":null}},"2":{"start":{"line":5,"column":2},"end":{"line":5,"column":null}},"3":{"start":{"line":6,"column":2},"end":{"line":6,"column":null}},"4":{"start":{"line":12,"column":2},"end":{"line":15,"column":null}},"5":{"start":{"line":13,"column":4},"end":{"line":13,"column":null}},"6":{"start":{"line":14,"column":4},"end":{"line":14,"column":null}},"7":{"start":{"line":17,"column":17},"end":{"line":17,"column":null}},"8":{"start":{"line":18,"column":2},"end":{"line":20,"column":null}},"9":{"start":{"line":19,"column":4},"end":{"line":19,"column":null}},"10":{"start":{"line":22,"column":2},"end":{"line":28,"column":null}},"11":{"start":{"line":23,"column":18},"end":{"line":23,"column":null}},"12":{"start":{"line":24,"column":4},"end":{"line":24,"column":null}},"13":{"start":{"line":25,"column":4},"end":{"line":25,"column":null}},"14":{"start":{"line":27,"column":4},"end":{"line":27,"column":null}},"15":{"start":{"line":32,"column":2},"end":{"line":37,"column":null}},"16":{"start":{"line":33,"column":4},"end":{"line":35,"column":null}},"17":{"start":{"line":34,"column":6},"end":{"line":34,"column":null}},"18":{"start":{"line":36,"column":4},"end":{"line":36,"column":null}}},"fnMap":{"0":{"name":"authenticate","decl":{"start":{"line":9,"column":16},"end":{"line":9,"column":29}},"loc":{"start":{"line":9,"column":45},"end":{"line":29,"column":null}},"line":9},"1":{"name":"requireRole","decl":{"start":{"line":31,"column":16},"end":{"line":31,"column":28}},"loc":{"start":{"line":31,"column":38},"end":{"line":38,"column":null}},"line":31},"2":{"name":"(anonymous_2)","decl":{"start":{"line":32,"column":2},"end":{"line":32,"column":10}},"loc":{"start":{"line":32,"column":29},"end":{"line":37,"column":null}},"line":32}},"branchMap":{"0":{"loc":{"start":{"line":4,"column":0},"end":{"line":7,"column":null}},"type":"if","locations":[{"start":{"line":4,"column":0},"end":{"line":7,"column":null}},{"start":{},"end":{}}],"line":4},"1":{"loc":{"start":{"line":12,"column":2},"end":{"line":15,"column":null}},"type":"if","locations":[{"start":{"line":12,"column":2},"end":{"line":15,"column":null}},{"start":{},"end":{}}],"line":12},"2":{"loc":{"start":{"line":12,"column":6},"end":{"line":12,"column":111}},"type":"binary-expr","locations":[{"start":{"line":12,"column":6},"end":{"line":12,"column":71}},{"start":{"line":12,"column":36},"end":{"line":12,"column":87}},{"start":{"line":12,"column":87},"end":{"line":12,"column":111}}],"line":12},"3":{"loc":{"start":{"line":18,"column":2},"end":{"line":20,"column":null}},"type":"if","locations":[{"start":{"line":18,"column":2},"end":{"line":20,"column":null}},{"start":{},"end":{}}],"line":18},"4":{"loc":{"start":{"line":18,"column":6},"end":{"line":18,"column":48}},"type":"binary-expr","locations":[{"start":{"line":18,"column":6},"end":{"line":18,"column":17}},{"start":{"line":18,"column":17},"end":{"line":18,"column":48}}],"line":18},"5":{"loc":{"start":{"line":33,"column":4},"end":{"line":35,"column":null}},"type":"if","locations":[{"start":{"line":33,"column":4},"end":{"line":35,"column":null}},{"start":{},"end":{}}],"line":33},"6":{"loc":{"start":{"line":33,"column":8},"end":{"line":33,"column":53}},"type":"binary-expr","locations":[{"start":{"line":33,"column":8},"end":{"line":33,"column":21}},{"start":{"line":33,"column":21},"end":{"line":33,"column":53}}],"line":33}},"s":{"0":3,"1":3,"2":0,"3":0,"4":10,"5":0,"6":0,"7":10,"8":10,"9":1,"10":9,"11":9,"12":9,"13":9,"14":0,"15":0,"16":0,"17":0,"18":0},"f":{"0":10,"1":0,"2":0},"b":{"0":[0,3],"1":[0,10],"2":[10,0,0],"3":[1,9],"4":[10,9],"5":[0,0],"6":[0,0]},"meta":{"lastBranch":7,"lastFunction":3,"lastStatement":19,"seen":{"s:3:19:3:Infinity":0,"b:4:0:7:Infinity:undefined:undefined:undefined:undefined":0,"s:4:0:7:Infinity":1,"s:5:2:5:Infinity":2,"s:6:2:6:Infinity":3,"f:9:16:9:29":0,"b:12:2:15:Infinity:undefined:undefined:undefined:undefined":1,"s:12:2:15:Infinity":4,"b:12:6:12:71:12:36:12:87:12:87:12:111":2,"s:13:4:13:Infinity":5,"s:14:4:14:Infinity":6,"s:17:17:17:Infinity":7,"b:18:2:20:Infinity:undefined:undefined:undefined:undefined":3,"s:18:2:20:Infinity":8,"b:18:6:18:17:18:17:18:48":4,"s:19:4:19:Infinity":9,"s:22:2:28:Infinity":10,"s:23:18:23:Infinity":11,"s:24:4:24:Infinity":12,"s:25:4:25:Infinity":13,"s:27:4:27:Infinity":14,"f:31:16:31:28":1,"s:32:2:37:Infinity":15,"f:32:2:32:10":2,"b:33:4:35:Infinity:undefined:undefined:undefined:undefined":5,"s:33:4:35:Infinity":16,"b:33:8:33:21:33:21:33:53":6,"s:34:6:34:Infinity":17,"s:36:4:36:Infinity":18},"fnNames":{}}}
,"D:\\meter\\backend\\src\\middleware\\errorHandler.js": {"path":"D:\\meter\\backend\\src\\middleware\\errorHandler.js","statementMap":{"0":{"start":{"line":5,"column":20},"end":{"line":14,"column":1}},"1":{"start":{"line":17,"column":2},"end":{"line":17,"column":47}},"2":{"start":{"line":21,"column":2},"end":{"line":21,"column":77}},"3":{"start":{"line":22,"column":2},"end":{"line":22,"column":39}},"4":{"start":{"line":23,"column":2},"end":{"line":23,"column":54}},"5":{"start":{"line":24,"column":2},"end":{"line":24,"column":46}},"6":{"start":{"line":25,"column":2},"end":{"line":25,"column":8}},"7":{"start":{"line":29,"column":24},"end":{"line":29,"column":55}},"8":{"start":{"line":32,"column":2},"end":{"line":36,"column":3}},"9":{"start":{"line":33,"column":17},"end":{"line":33,"column":123}},"10":{"start":{"line":34,"column":4},"end":{"line":34,"column":74}},"11":{"start":{"line":35,"column":4},"end":{"line":35,"column":37}},"12":{"start":{"line":39,"column":2},"end":{"line":49,"column":3}},"13":{"start":{"line":40,"column":17},"end":{"line":40,"column":20}},"14":{"start":{"line":40,"column":32},"end":{"line":40,"column":48}},"15":{"start":{"line":40,"column":57},"end":{"line":40,"column":67}},"16":{"start":{"line":41,"column":4},"end":{"line":44,"column":105}},"17":{"start":{"line":41,"column":32},"end":{"line":41,"column":45}},"18":{"start":{"line":41,"column":46},"end":{"line":41,"column":86}},"19":{"start":{"line":41,"column":87},"end":{"line":41,"column":104}},"20":{"start":{"line":42,"column":9},"end":{"line":44,"column":105}},"21":{"start":{"line":42,"column":37},"end":{"line":42,"column":50}},"22":{"start":{"line":42,"column":51},"end":{"line":42,"column":80}},"23":{"start":{"line":42,"column":81},"end":{"line":42,"column":99}},"24":{"start":{"line":43,"column":9},"end":{"line":44,"column":105}},"25":{"start":{"line":43,"column":37},"end":{"line":43,"column":50}},"26":{"start":{"line":43,"column":51},"end":{"line":43,"column":93}},"27":{"start":{"line":43,"column":94},"end":{"line":43,"column":114}},"28":{"start":{"line":44,"column":9},"end":{"line":44,"column":105}},"29":{"start":{"line":44,"column":37},"end":{"line":44,"column":50}},"30":{"start":{"line":44,"column":51},"end":{"line":44,"column":82}},"31":{"start":{"line":44,"column":83},"end":{"line":44,"column":103}},"32":{"start":{"line":45,"column":17},"end":{"line":45,"column":78}},"33":{"start":{"line":46,"column":4},"end":{"line":47,"column":79}},"34":{"start":{"line":46,"column":23},"end":{"line":46,"column":99}},"35":{"start":{"line":47,"column":9},"end":{"line":47,"column":79}},"36":{"start":{"line":48,"column":4},"end":{"line":48,"column":40}},"37":{"start":{"line":52,"column":2},"end":{"line":56,"column":3}},"38":{"start":{"line":53,"column":17},"end":{"line":53,"column":88}},"39":{"start":{"line":54,"column":4},"end":{"line":54,"column":64}},"40":{"start":{"line":55,"column":4},"end":{"line":55,"column":37}},"41":{"start":{"line":58,"column":17},"end":{"line":58,"column":52}},"42":{"start":{"line":59,"column":15},"end":{"line":59,"column":35}},"43":{"start":{"line":60,"column":18},"end":{"line":60,"column":56}},"44":{"start":{"line":62,"column":15},"end":{"line":62,"column":81}},"45":{"start":{"line":63,"column":2},"end":{"line":63,"column":45}},"46":{"start":{"line":63,"column":19},"end":{"line":63,"column":45}},"47":{"start":{"line":64,"column":2},"end":{"line":64,"column":42}},"48":{"start":{"line":64,"column":18},"end":{"line":64,"column":42}},"49":{"start":{"line":65,"column":2},"end":{"line":65,"column":42}},"50":{"start":{"line":65,"column":21},"end":{"line":65,"column":42}},"51":{"start":{"line":67,"column":2},"end":{"line":71,"column":3}},"52":{"start":{"line":68,"column":4},"end":{"line":68,"column":90}},"53":{"start":{"line":69,"column":9},"end":{"line":71,"column":3}},"54":{"start":{"line":70,"column":4},"end":{"line":70,"column":98}},"55":{"start":{"line":73,"column":2},"end":{"line":73,"column":31}},"56":{"start":{"line":77,"column":2},"end":{"line":81,"column":4}}},"fnMap":{"0":{"name":"getErrorCode","decl":{"start":{"line":16,"column":9},"end":{"line":16,"column":21}},"loc":{"start":{"line":16,"column":30},"end":{"line":18,"column":1}},"line":16},"1":{"name":"correlationMiddleware","decl":{"start":{"line":20,"column":16},"end":{"line":20,"column":37}},"loc":{"start":{"line":20,"column":54},"end":{"line":26,"column":1}},"line":20},"2":{"name":"errorHandler","decl":{"start":{"line":28,"column":16},"end":{"line":28,"column":28}},"loc":{"start":{"line":28,"column":50},"end":{"line":74,"column":1}},"line":28},"3":{"name":"notFoundHandler","decl":{"start":{"line":76,"column":16},"end":{"line":76,"column":31}},"loc":{"start":{"line":76,"column":42},"end":{"line":82,"column":1}},"line":76}},"branchMap":{"0":{"loc":{"start":{"line":17,"column":9},"end":{"line":17,"column":47}},"type":"binary-expr","locations":[{"start":{"line":17,"column":9},"end":{"line":17,"column":28}},{"start":{"line":17,"column":32},"end":{"line":17,"column":47}}],"line":17},"1":{"loc":{"start":{"line":21,"column":22},"end":{"line":21,"column":77}},"type":"binary-expr","locations":[{"start":{"line":21,"column":22},"end":{"line":21,"column":53}},{"start":{"line":21,"column":57},"end":{"line":21,"column":77}}],"line":21},"2":{"loc":{"start":{"line":29,"column":24},"end":{"line":29,"column":55}},"type":"binary-expr","locations":[{"start":{"line":29,"column":24},"end":{"line":29,"column":42}},{"start":{"line":29,"column":46},"end":{"line":29,"column":55}}],"line":29},"3":{"loc":{"start":{"line":32,"column":2},"end":{"line":36,"column":3}},"type":"if","locations":[{"start":{"line":32,"column":2},"end":{"line":36,"column":3}},{"start":{},"end":{}}],"line":32},"4":{"loc":{"start":{"line":32,"column":6},"end":{"line":32,"column":45}},"type":"binary-expr","locations":[{"start":{"line":32,"column":6},"end":{"line":32,"column":30}},{"start":{"line":32,"column":34},"end":{"line":32,"column":45}}],"line":32},"5":{"loc":{"start":{"line":33,"column":56},"end":{"line":33,"column":80}},"type":"binary-expr","locations":[{"start":{"line":33,"column":56},"end":{"line":33,"column":66}},{"start":{"line":33,"column":70},"end":{"line":33,"column":80}}],"line":33},"6":{"loc":{"start":{"line":39,"column":2},"end":{"line":49,"column":3}},"type":"if","locations":[{"start":{"line":39,"column":2},"end":{"line":49,"column":3}},{"start":{},"end":{}}],"line":39},"7":{"loc":{"start":{"line":41,"column":4},"end":{"line":44,"column":105}},"type":"if","locations":[{"start":{"line":41,"column":4},"end":{"line":44,"column":105}},{"start":{"line":42,"column":9},"end":{"line":44,"column":105}}],"line":41},"8":{"loc":{"start":{"line":42,"column":9},"end":{"line":44,"column":105}},"type":"if","locations":[{"start":{"line":42,"column":9},"end":{"line":44,"column":105}},{"start":{"line":43,"column":9},"end":{"line":44,"column":105}}],"line":42},"9":{"loc":{"start":{"line":43,"column":9},"end":{"line":44,"column":105}},"type":"if","locations":[{"start":{"line":43,"column":9},"end":{"line":44,"column":105}},{"start":{"line":44,"column":9},"end":{"line":44,"column":105}}],"line":43},"10":{"loc":{"start":{"line":44,"column":9},"end":{"line":44,"column":105}},"type":"if","locations":[{"start":{"line":44,"column":9},"end":{"line":44,"column":105}},{"start":{},"end":{}}],"line":44},"11":{"loc":{"start":{"line":46,"column":4},"end":{"line":47,"column":79}},"type":"if","locations":[{"start":{"line":46,"column":4},"end":{"line":47,"column":79}},{"start":{"line":47,"column":9},"end":{"line":47,"column":79}}],"line":46},"12":{"loc":{"start":{"line":52,"column":2},"end":{"line":56,"column":3}},"type":"if","locations":[{"start":{"line":52,"column":2},"end":{"line":56,"column":3}},{"start":{},"end":{}}],"line":52},"13":{"loc":{"start":{"line":52,"column":6},"end":{"line":52,"column":107}},"type":"binary-expr","locations":[{"start":{"line":52,"column":6},"end":{"line":52,"column":38}},{"start":{"line":52,"column":42},"end":{"line":52,"column":74}},{"start":{"line":52,"column":78},"end":{"line":52,"column":107}}],"line":52},"14":{"loc":{"start":{"line":58,"column":17},"end":{"line":58,"column":52}},"type":"binary-expr","locations":[{"start":{"line":58,"column":17},"end":{"line":58,"column":27}},{"start":{"line":58,"column":31},"end":{"line":58,"column":45}},{"start":{"line":58,"column":49},"end":{"line":58,"column":52}}],"line":58},"15":{"loc":{"start":{"line":60,"column":18},"end":{"line":60,"column":56}},"type":"binary-expr","locations":[{"start":{"line":60,"column":18},"end":{"line":60,"column":29}},{"start":{"line":60,"column":33},"end":{"line":60,"column":56}}],"line":60},"16":{"loc":{"start":{"line":63,"column":2},"end":{"line":63,"column":45}},"type":"if","locations":[{"start":{"line":63,"column":2},"end":{"line":63,"column":45}},{"start":{},"end":{}}],"line":63},"17":{"loc":{"start":{"line":64,"column":2},"end":{"line":64,"column":42}},"type":"if","locations":[{"start":{"line":64,"column":2},"end":{"line":64,"column":42}},{"start":{},"end":{}}],"line":64},"18":{"loc":{"start":{"line":65,"column":2},"end":{"line":65,"column":42}},"type":"if","locations":[{"start":{"line":65,"column":2},"end":{"line":65,"column":42}},{"start":{},"end":{}}],"line":65},"19":{"loc":{"start":{"line":67,"column":2},"end":{"line":71,"column":3}},"type":"if","locations":[{"start":{"line":67,"column":2},"end":{"line":71,"column":3}},{"start":{"line":69,"column":9},"end":{"line":71,"column":3}}],"line":67},"20":{"loc":{"start":{"line":69,"column":9},"end":{"line":71,"column":3}},"type":"if","locations":[{"start":{"line":69,"column":9},"end":{"line":71,"column":3}},{"start":{},"end":{}}],"line":69},"21":{"loc":{"start":{"line":80,"column":19},"end":{"line":80,"column":50}},"type":"binary-expr","locations":[{"start":{"line":80,"column":19},"end":{"line":80,"column":37}},{"start":{"line":80,"column":41},"end":{"line":80,"column":50}}],"line":80}},"s":{"0":3,"1":0,"2":0,"3":0,"4":0,"5":0,"6":0,"7":0,"8":0,"9":0,"10":0,"11":0,"12":0,"13":0,"14":0,"15":0,"16":0,"17":0,"18":0,"19":0,"20":0,"21":0,"22":0,"23":0,"24":0,"25":0,"26":0,"27":0,"28":0,"29":0,"30":0,"31":0,"32":0,"33":0,"34":0,"35":0,"36":0,"37":0,"38":0,"39":0,"40":0,"41":0,"42":0,"43":0,"44":0,"45":0,"46":0,"47":0,"48":0,"49":0,"50":0,"51":0,"52":0,"53":0,"54":0,"55":0,"56":0},"f":{"0":0,"1":0,"2":0,"3":0},"b":{"0":[0,0],"1":[0,0],"2":[0,0],"3":[0,0],"4":[0,0],"5":[0,0],"6":[0,0],"7":[0,0],"8":[0,0],"9":[0,0],"10":[0,0],"11":[0,0],"12":[0,0],"13":[0,0,0],"14":[0,0,0],"15":[0,0],"16":[0,0],"17":[0,0],"18":[0,0],"19":[0,0],"20":[0,0],"21":[0,0]},"meta":{"lastBranch":22,"lastFunction":4,"lastStatement":57,"seen":{"s:5:20:14:1":0,"f:16:9:16:21":0,"s:17:2:17:47":1,"b:17:9:17:28:17:32:17:47":0,"f:20:16:20:37":1,"s:21:2:21:77":2,"b:21:22:21:53:21:57:21:77":1,"s:22:2:22:39":3,"s:23:2:23:54":4,"s:24:2:24:46":5,"s:25:2:25:8":6,"f:28:16:28:28":2,"s:29:24:29:55":7,"b:29:24:29:42:29:46:29:55":2,"b:32:2:36:3:undefined:undefined:undefined:undefined":3,"s:32:2:36:3":8,"b:32:6:32:30:32:34:32:45":4,"s:33:17:33:123":9,"b:33:56:33:66:33:70:33:80":5,"s:34:4:34:74":10,"s:35:4:35:37":11,"b:39:2:49:3:undefined:undefined:undefined:undefined":6,"s:39:2:49:3":12,"s:40:17:40:20":13,"s:40:32:40:48":14,"s:40:57:40:67":15,"b:41:4:44:105:42:9:44:105":7,"s:41:4:44:105":16,"s:41:32:41:45":17,"s:41:46:41:86":18,"s:41:87:41:104":19,"b:42:9:44:105:43:9:44:105":8,"s:42:9:44:105":20,"s:42:37:42:50":21,"s:42:51:42:80":22,"s:42:81:42:99":23,"b:43:9:44:105:44:9:44:105":9,"s:43:9:44:105":24,"s:43:37:43:50":25,"s:43:51:43:93":26,"s:43:94:43:114":27,"b:44:9:44:105:undefined:undefined:undefined:undefined":10,"s:44:9:44:105":28,"s:44:37:44:50":29,"s:44:51:44:82":30,"s:44:83:44:103":31,"s:45:17:45:78":32,"b:46:4:47:79:47:9:47:79":11,"s:46:4:47:79":33,"s:46:23:46:99":34,"s:47:9:47:79":35,"s:48:4:48:40":36,"b:52:2:56:3:undefined:undefined:undefined:undefined":12,"s:52:2:56:3":37,"b:52:6:52:38:52:42:52:74:52:78:52:107":13,"s:53:17:53:88":38,"s:54:4:54:64":39,"s:55:4:55:37":40,"s:58:17:58:52":41,"b:58:17:58:27:58:31:58:45:58:49:58:52":14,"s:59:15:59:35":42,"s:60:18:60:56":43,"b:60:18:60:29:60:33:60:56":15,"s:62:15:62:81":44,"b:63:2:63:45:undefined:undefined:undefined:undefined":16,"s:63:2:63:45":45,"s:63:19:63:45":46,"b:64:2:64:42:undefined:undefined:undefined:undefined":17,"s:64:2:64:42":47,"s:64:18:64:42":48,"b:65:2:65:42:undefined:undefined:undefined:undefined":18,"s:65:2:65:42":49,"s:65:21:65:42":50,"b:67:2:71:3:69:9:71:3":19,"s:67:2:71:3":51,"s:68:4:68:90":52,"b:69:9:71:3:undefined:undefined:undefined:undefined":20,"s:69:9:71:3":53,"s:70:4:70:98":54,"s:73:2:73:31":55,"f:76:16:76:31":3,"s:77:2:81:4":56,"b:80:19:80:37:80:41:80:50":21},"fnNames":{}}}
,"D:\\meter\\backend\\src\\middleware\\security.js": {"path":"D:\\meter\\backend\\src\\middleware\\security.js","statementMap":{"0":{"start":{"line":5,"column":19},"end":{"line":5,"column":41}},"1":{"start":{"line":6,"column":0},"end":{"line":6,"column":81}},"2":{"start":{"line":6,"column":19},"end":{"line":6,"column":63}},"3":{"start":{"line":6,"column":64},"end":{"line":6,"column":79}},"4":{"start":{"line":8,"column":19},"end":{"line":8,"column":31}},"5":{"start":{"line":9,"column":21},"end":{"line":9,"column":39}},"6":{"start":{"line":14,"column":17},"end":{"line":14,"column":42}},"7":{"start":{"line":15,"column":2},"end":{"line":17,"column":3}},"8":{"start":{"line":16,"column":4},"end":{"line":16,"column":69}},"9":{"start":{"line":19,"column":2},"end":{"line":26,"column":3}},"10":{"start":{"line":20,"column":18},"end":{"line":20,"column":38}},"11":{"start":{"line":21,"column":4},"end":{"line":21,"column":92}},"12":{"start":{"line":22,"column":4},"end":{"line":22,"column":10}},"13":{"start":{"line":24,"column":4},"end":{"line":24,"column":120}},"14":{"start":{"line":24,"column":42},"end":{"line":24,"column":120}},"15":{"start":{"line":25,"column":4},"end":{"line":25,"column":82}},"16":{"start":{"line":32,"column":2},"end":{"line":38,"column":3}},"17":{"start":{"line":33,"column":4},"end":{"line":36,"column":5}},"18":{"start":{"line":34,"column":6},"end":{"line":34,"column":90}},"19":{"start":{"line":35,"column":6},"end":{"line":35,"column":91}},"20":{"start":{"line":37,"column":4},"end":{"line":37,"column":10}},"21":{"start":{"line":41,"column":29},"end":{"line":56,"column":1}},"22":{"start":{"line":58,"column":25},"end":{"line":66,"column":1}},"23":{"start":{"line":69,"column":16},"end":{"line":69,"column":90}},"24":{"start":{"line":70,"column":2},"end":{"line":70,"column":29}},"25":{"start":{"line":73,"column":24},"end":{"line":73,"column":33}},"26":{"start":{"line":74,"column":18},"end":{"line":74,"column":23}},"27":{"start":{"line":77,"column":2},"end":{"line":117,"column":3}},"28":{"start":{"line":78,"column":4},"end":{"line":78,"column":84}},"29":{"start":{"line":78,"column":19},"end":{"line":78,"column":84}},"30":{"start":{"line":79,"column":4},"end":{"line":79,"column":54}},"31":{"start":{"line":79,"column":41},"end":{"line":79,"column":54}},"32":{"start":{"line":80,"column":4},"end":{"line":80,"column":47}},"33":{"start":{"line":80,"column":34},"end":{"line":80,"column":47}},"34":{"start":{"line":83,"column":27},"end":{"line":83,"column":58}},"35":{"start":{"line":84,"column":4},"end":{"line":89,"column":5}},"36":{"start":{"line":85,"column":27},"end":{"line":87,"column":7}},"37":{"start":{"line":86,"column":8},"end":{"line":86,"column":74}},"38":{"start":{"line":86,"column":39},"end":{"line":86,"column":73}},"39":{"start":{"line":88,"column":6},"end":{"line":88,"column":37}},"40":{"start":{"line":88,"column":24},"end":{"line":88,"column":37}},"41":{"start":{"line":92,"column":4},"end":{"line":113,"column":14}},"42":{"start":{"line":93,"column":23},"end":{"line":93,"column":66}},"43":{"start":{"line":94,"column":21},"end":{"line":94,"column":50}},"44":{"start":{"line":95,"column":6},"end":{"line":98,"column":7}},"45":{"start":{"line":96,"column":8},"end":{"line":96,"column":41}},"46":{"start":{"line":96,"column":28},"end":{"line":96,"column":41}},"47":{"start":{"line":97,"column":8},"end":{"line":97,"column":111}},"48":{"start":{"line":100,"column":19},"end":{"line":103,"column":8}},"49":{"start":{"line":105,"column":6},"end":{"line":112,"column":7}},"50":{"start":{"line":106,"column":24},"end":{"line":106,"column":68}},"51":{"start":{"line":106,"column":50},"end":{"line":106,"column":67}},"52":{"start":{"line":107,"column":22},"end":{"line":109,"column":9}},"53":{"start":{"line":108,"column":10},"end":{"line":108,"column":69}},"54":{"start":{"line":108,"column":34},"end":{"line":108,"column":68}},"55":{"start":{"line":110,"column":8},"end":{"line":110,"column":92}},"56":{"start":{"line":111,"column":8},"end":{"line":111,"column":32}},"57":{"start":{"line":111,"column":19},"end":{"line":111,"column":32}},"58":{"start":{"line":115,"column":4},"end":{"line":115,"column":100}},"59":{"start":{"line":116,"column":4},"end":{"line":116,"column":100}},"60":{"start":{"line":123,"column":2},"end":{"line":123,"column":21}},"61":{"start":{"line":123,"column":15},"end":{"line":123,"column":21}},"62":{"start":{"line":124,"column":15},"end":{"line":136,"column":3}},"63":{"start":{"line":137,"column":2},"end":{"line":137,"column":112}},"64":{"start":{"line":137,"column":50},"end":{"line":137,"column":111}},"65":{"start":{"line":138,"column":2},"end":{"line":138,"column":179}},"66":{"start":{"line":138,"column":120},"end":{"line":138,"column":178}},"67":{"start":{"line":142,"column":2},"end":{"line":149,"column":3}},"68":{"start":{"line":143,"column":25},"end":{"line":143,"column":43}},"69":{"start":{"line":144,"column":4},"end":{"line":147,"column":5}},"70":{"start":{"line":145,"column":6},"end":{"line":145,"column":79}},"71":{"start":{"line":146,"column":6},"end":{"line":146,"column":31}},"72":{"start":{"line":148,"column":4},"end":{"line":148,"column":10}},"73":{"start":{"line":154,"column":19},"end":{"line":154,"column":83}},"74":{"start":{"line":157,"column":2},"end":{"line":157,"column":82}},"75":{"start":{"line":157,"column":17},"end":{"line":157,"column":82}},"76":{"start":{"line":158,"column":2},"end":{"line":158,"column":81}},"77":{"start":{"line":158,"column":68},"end":{"line":158,"column":81}},"78":{"start":{"line":160,"column":24},"end":{"line":160,"column":76}},"79":{"start":{"line":161,"column":2},"end":{"line":161,"column":35}},"80":{"start":{"line":161,"column":22},"end":{"line":161,"column":35}},"81":{"start":{"line":163,"column":19},"end":{"line":163,"column":32}},"82":{"start":{"line":164,"column":2},"end":{"line":164,"column":100}},"83":{"start":{"line":164,"column":17},"end":{"line":164,"column":100}},"84":{"start":{"line":166,"column":2},"end":{"line":169,"column":3}},"85":{"start":{"line":167,"column":4},"end":{"line":167,"column":86}},"86":{"start":{"line":168,"column":4},"end":{"line":168,"column":89}},"87":{"start":{"line":171,"column":2},"end":{"line":171,"column":8}},"88":{"start":{"line":175,"column":2},"end":{"line":175,"column":94}},"89":{"start":{"line":175,"column":81},"end":{"line":175,"column":94}},"90":{"start":{"line":176,"column":2},"end":{"line":180,"column":3}},"91":{"start":{"line":178,"column":4},"end":{"line":178,"column":34}},"92":{"start":{"line":178,"column":20},"end":{"line":178,"column":34}},"93":{"start":{"line":179,"column":4},"end":{"line":179,"column":34}},"94":{"start":{"line":181,"column":2},"end":{"line":181,"column":8}},"95":{"start":{"line":187,"column":2},"end":{"line":187,"column":30}},"96":{"start":{"line":187,"column":17},"end":{"line":187,"column":30}},"97":{"start":{"line":188,"column":2},"end":{"line":194,"column":20}},"98":{"start":{"line":189,"column":4},"end":{"line":192,"column":6}},"99":{"start":{"line":193,"column":4},"end":{"line":193,"column":10}},"100":{"start":{"line":194,"column":12},"end":{"line":194,"column":18}},"101":{"start":{"line":200,"column":17},"end":{"line":200,"column":19}},"102":{"start":{"line":201,"column":2},"end":{"line":201,"column":71}},"103":{"start":{"line":201,"column":27},"end":{"line":201,"column":71}},"104":{"start":{"line":202,"column":2},"end":{"line":202,"column":84}},"105":{"start":{"line":202,"column":31},"end":{"line":202,"column":84}},"106":{"start":{"line":203,"column":2},"end":{"line":203,"column":84}},"107":{"start":{"line":203,"column":31},"end":{"line":203,"column":84}},"108":{"start":{"line":204,"column":2},"end":{"line":204,"column":74}},"109":{"start":{"line":204,"column":31},"end":{"line":204,"column":74}},"110":{"start":{"line":205,"column":2},"end":{"line":205,"column":92}},"111":{"start":{"line":205,"column":38},"end":{"line":205,"column":92}},"112":{"start":{"line":206,"column":2},"end":{"line":206,"column":47}}},"fnMap":{"0":{"name":"authenticate","decl":{"start":{"line":13,"column":16},"end":{"line":13,"column":28}},"loc":{"start":{"line":13,"column":45},"end":{"line":27,"column":1}},"line":13},"1":{"name":"requireRole","decl":{"start":{"line":31,"column":16},"end":{"line":31,"column":27}},"loc":{"start":{"line":31,"column":38},"end":{"line":39,"column":1}},"line":31},"2":{"name":"(anonymous_2)","decl":{"start":{"line":32,"column":9},"end":{"line":32,"column":10}},"loc":{"start":{"line":32,"column":29},"end":{"line":38,"column":3}},"line":32},"3":{"name":"matchPermission","decl":{"start":{"line":68,"column":9},"end":{"line":68,"column":24}},"loc":{"start":{"line":68,"column":44},"end":{"line":71,"column":1}},"line":68},"4":{"name":"requirePermission","decl":{"start":{"line":76,"column":16},"end":{"line":76,"column":33}},"loc":{"start":{"line":76,"column":50},"end":{"line":118,"column":1}},"line":76},"5":{"name":"(anonymous_5)","decl":{"start":{"line":77,"column":9},"end":{"line":77,"column":14}},"loc":{"start":{"line":77,"column":35},"end":{"line":117,"column":3}},"line":77},"6":{"name":"(anonymous_6)","decl":{"start":{"line":85,"column":44},"end":{"line":85,"column":52}},"loc":{"start":{"line":86,"column":8},"end":{"line":86,"column":74}},"line":86},"7":{"name":"(anonymous_7)","decl":{"start":{"line":86,"column":28},"end":{"line":86,"column":35}},"loc":{"start":{"line":86,"column":39},"end":{"line":86,"column":73}},"line":86},"8":{"name":"(anonymous_8)","decl":{"start":{"line":106,"column":45},"end":{"line":106,"column":46}},"loc":{"start":{"line":106,"column":50},"end":{"line":106,"column":67}},"line":106},"9":{"name":"(anonymous_9)","decl":{"start":{"line":107,"column":39},"end":{"line":107,"column":47}},"loc":{"start":{"line":108,"column":10},"end":{"line":108,"column":69}},"line":108},"10":{"name":"(anonymous_10)","decl":{"start":{"line":108,"column":23},"end":{"line":108,"column":30}},"loc":{"start":{"line":108,"column":34},"end":{"line":108,"column":68}},"line":108},"11":{"name":"auditLog","decl":{"start":{"line":122,"column":16},"end":{"line":122,"column":24}},"loc":{"start":{"line":122,"column":52},"end":{"line":139,"column":1}},"line":122},"12":{"name":"(anonymous_12)","decl":{"start":{"line":137,"column":43},"end":{"line":137,"column":46}},"loc":{"start":{"line":137,"column":50},"end":{"line":137,"column":111}},"line":137},"13":{"name":"(anonymous_13)","decl":{"start":{"line":138,"column":113},"end":{"line":138,"column":116}},"loc":{"start":{"line":138,"column":120},"end":{"line":138,"column":178}},"line":138},"14":{"name":"auditMiddleware","decl":{"start":{"line":141,"column":16},"end":{"line":141,"column":31}},"loc":{"start":{"line":141,"column":40},"end":{"line":150,"column":1}},"line":141},"15":{"name":"(anonymous_15)","decl":{"start":{"line":142,"column":9},"end":{"line":142,"column":10}},"loc":{"start":{"line":142,"column":29},"end":{"line":149,"column":3}},"line":142},"16":{"name":"(anonymous_16)","decl":{"start":{"line":144,"column":15},"end":{"line":144,"column":23}},"loc":{"start":{"line":144,"column":31},"end":{"line":147,"column":5}},"line":144},"17":{"name":"requireAreaAccess","decl":{"start":{"line":156,"column":16},"end":{"line":156,"column":33}},"loc":{"start":{"line":156,"column":50},"end":{"line":172,"column":1}},"line":156},"18":{"name":"filterByArea","decl":{"start":{"line":174,"column":16},"end":{"line":174,"column":28}},"loc":{"start":{"line":174,"column":45},"end":{"line":182,"column":1}},"line":174},"19":{"name":"validateSession","decl":{"start":{"line":186,"column":22},"end":{"line":186,"column":37}},"loc":{"start":{"line":186,"column":54},"end":{"line":195,"column":1}},"line":186},"20":{"name":"validatePassword","decl":{"start":{"line":199,"column":16},"end":{"line":199,"column":32}},"loc":{"start":{"line":199,"column":43},"end":{"line":207,"column":1}},"line":199}},"branchMap":{"0":{"loc":{"start":{"line":6,"column":0},"end":{"line":6,"column":81}},"type":"if","locations":[{"start":{"line":6,"column":0},"end":{"line":6,"column":81}},{"start":{},"end":{}}],"line":6},"1":{"loc":{"start":{"line":15,"column":2},"end":{"line":17,"column":3}},"type":"if","locations":[{"start":{"line":15,"column":2},"end":{"line":17,"column":3}},{"start":{},"end":{}}],"line":15},"2":{"loc":{"start":{"line":15,"column":6},"end":{"line":15,"column":46}},"type":"binary-expr","locations":[{"start":{"line":15,"column":6},"end":{"line":15,"column":13}},{"start":{"line":15,"column":17},"end":{"line":15,"column":46}}],"line":15},"3":{"loc":{"start":{"line":24,"column":4},"end":{"line":24,"column":120}},"type":"if","locations":[{"start":{"line":24,"column":4},"end":{"line":24,"column":120}},{"start":{},"end":{}}],"line":24},"4":{"loc":{"start":{"line":33,"column":4},"end":{"line":36,"column":5}},"type":"if","locations":[{"start":{"line":33,"column":4},"end":{"line":36,"column":5}},{"start":{},"end":{}}],"line":33},"5":{"loc":{"start":{"line":33,"column":8},"end":{"line":33,"column":51}},"type":"binary-expr","locations":[{"start":{"line":33,"column":8},"end":{"line":33,"column":17}},{"start":{"line":33,"column":21},"end":{"line":33,"column":51}}],"line":33},"6":{"loc":{"start":{"line":78,"column":4},"end":{"line":78,"column":84}},"type":"if","locations":[{"start":{"line":78,"column":4},"end":{"line":78,"column":84}},{"start":{},"end":{}}],"line":78},"7":{"loc":{"start":{"line":79,"column":4},"end":{"line":79,"column":54}},"type":"if","locations":[{"start":{"line":79,"column":4},"end":{"line":79,"column":54}},{"start":{},"end":{}}],"line":79},"8":{"loc":{"start":{"line":80,"column":4},"end":{"line":80,"column":47}},"type":"if","locations":[{"start":{"line":80,"column":4},"end":{"line":80,"column":47}},{"start":{},"end":{}}],"line":80},"9":{"loc":{"start":{"line":84,"column":4},"end":{"line":89,"column":5}},"type":"if","locations":[{"start":{"line":84,"column":4},"end":{"line":89,"column":5}},{"start":{},"end":{}}],"line":84},"10":{"loc":{"start":{"line":88,"column":6},"end":{"line":88,"column":37}},"type":"if","locations":[{"start":{"line":88,"column":6},"end":{"line":88,"column":37}},{"start":{},"end":{}}],"line":88},"11":{"loc":{"start":{"line":95,"column":6},"end":{"line":98,"column":7}},"type":"if","locations":[{"start":{"line":95,"column":6},"end":{"line":98,"column":7}},{"start":{},"end":{}}],"line":95},"12":{"loc":{"start":{"line":95,"column":10},"end":{"line":95,"column":49}},"type":"binary-expr","locations":[{"start":{"line":95,"column":10},"end":{"line":95,"column":16}},{"start":{"line":95,"column":20},"end":{"line":95,"column":49}}],"line":95},"13":{"loc":{"start":{"line":96,"column":8},"end":{"line":96,"column":41}},"type":"if","locations":[{"start":{"line":96,"column":8},"end":{"line":96,"column":41}},{"start":{},"end":{}}],"line":96},"14":{"loc":{"start":{"line":105,"column":6},"end":{"line":112,"column":7}},"type":"if","locations":[{"start":{"line":105,"column":6},"end":{"line":112,"column":7}},{"start":{},"end":{}}],"line":105},"15":{"loc":{"start":{"line":111,"column":8},"end":{"line":111,"column":32}},"type":"if","locations":[{"start":{"line":111,"column":8},"end":{"line":111,"column":32}},{"start":{},"end":{}}],"line":111},"16":{"loc":{"start":{"line":122,"column":38},"end":{"line":122,"column":50}},"type":"default-arg","locations":[{"start":{"line":122,"column":48},"end":{"line":122,"column":50}}],"line":122},"17":{"loc":{"start":{"line":123,"column":2},"end":{"line":123,"column":21}},"type":"if","locations":[{"start":{"line":123,"column":2},"end":{"line":123,"column":21}},{"start":{},"end":{}}],"line":123},"18":{"loc":{"start":{"line":126,"column":11},"end":{"line":126,"column":41}},"type":"binary-expr","locations":[{"start":{"line":126,"column":11},"end":{"line":126,"column":26}},{"start":{"line":126,"column":30},"end":{"line":126,"column":41}}],"line":126},"19":{"loc":{"start":{"line":131,"column":15},"end":{"line":131,"column":46}},"type":"binary-expr","locations":[{"start":{"line":131,"column":15},"end":{"line":131,"column":40}},{"start":{"line":131,"column":44},"end":{"line":131,"column":46}}],"line":131},"20":{"loc":{"start":{"line":132,"column":12},"end":{"line":132,"column":49}},"type":"cond-expr","locations":[{"start":{"line":132,"column":28},"end":{"line":132,"column":37}},{"start":{"line":132,"column":40},"end":{"line":132,"column":49}}],"line":132},"21":{"loc":{"start":{"line":133,"column":19},"end":{"line":133,"column":45}},"type":"binary-expr","locations":[{"start":{"line":133,"column":19},"end":{"line":133,"column":37}},{"start":{"line":133,"column":41},"end":{"line":133,"column":45}}],"line":133},"22":{"loc":{"start":{"line":134,"column":20},"end":{"line":134,"column":74}},"type":"cond-expr","locations":[{"start":{"line":134,"column":37},"end":{"line":134,"column":67}},{"start":{"line":134,"column":70},"end":{"line":134,"column":74}}],"line":134},"23":{"loc":{"start":{"line":135,"column":19},"end":{"line":135,"column":71}},"type":"cond-expr","locations":[{"start":{"line":135,"column":35},"end":{"line":135,"column":64}},{"start":{"line":135,"column":67},"end":{"line":135,"column":71}}],"line":135},"24":{"loc":{"start":{"line":157,"column":2},"end":{"line":157,"column":82}},"type":"if","locations":[{"start":{"line":157,"column":2},"end":{"line":157,"column":82}},{"start":{},"end":{}}],"line":157},"25":{"loc":{"start":{"line":158,"column":2},"end":{"line":158,"column":81}},"type":"if","locations":[{"start":{"line":158,"column":2},"end":{"line":158,"column":81}},{"start":{},"end":{}}],"line":158},"26":{"loc":{"start":{"line":158,"column":6},"end":{"line":158,"column":66}},"type":"binary-expr","locations":[{"start":{"line":158,"column":6},"end":{"line":158,"column":37}},{"start":{"line":158,"column":41},"end":{"line":158,"column":66}}],"line":158},"27":{"loc":{"start":{"line":160,"column":24},"end":{"line":160,"column":76}},"type":"binary-expr","locations":[{"start":{"line":160,"column":24},"end":{"line":160,"column":38}},{"start":{"line":160,"column":42},"end":{"line":160,"column":56}},{"start":{"line":160,"column":60},"end":{"line":160,"column":76}}],"line":160},"28":{"loc":{"start":{"line":161,"column":2},"end":{"line":161,"column":35}},"type":"if","locations":[{"start":{"line":161,"column":2},"end":{"line":161,"column":35}},{"start":{},"end":{}}],"line":161},"29":{"loc":{"start":{"line":164,"column":2},"end":{"line":164,"column":100}},"type":"if","locations":[{"start":{"line":164,"column":2},"end":{"line":164,"column":100}},{"start":{},"end":{}}],"line":164},"30":{"loc":{"start":{"line":166,"column":2},"end":{"line":169,"column":3}},"type":"if","locations":[{"start":{"line":166,"column":2},"end":{"line":169,"column":3}},{"start":{},"end":{}}],"line":166},"31":{"loc":{"start":{"line":166,"column":6},"end":{"line":166,"column":54}},"type":"binary-expr","locations":[{"start":{"line":166,"column":6},"end":{"line":166,"column":32}},{"start":{"line":166,"column":36},"end":{"line":166,"column":54}}],"line":166},"32":{"loc":{"start":{"line":175,"column":2},"end":{"line":175,"column":94}},"type":"if","locations":[{"start":{"line":175,"column":2},"end":{"line":175,"column":94}},{"start":{},"end":{}}],"line":175},"33":{"loc":{"start":{"line":175,"column":6},"end":{"line":175,"column":79}},"type":"binary-expr","locations":[{"start":{"line":175,"column":6},"end":{"line":175,"column":15}},{"start":{"line":175,"column":19},"end":{"line":175,"column":50}},{"start":{"line":175,"column":54},"end":{"line":175,"column":79}}],"line":175},"34":{"loc":{"start":{"line":176,"column":2},"end":{"line":180,"column":3}},"type":"if","locations":[{"start":{"line":176,"column":2},"end":{"line":180,"column":3}},{"start":{},"end":{}}],"line":176},"35":{"loc":{"start":{"line":176,"column":6},"end":{"line":176,"column":46}},"type":"binary-expr","locations":[{"start":{"line":176,"column":6},"end":{"line":176,"column":19}},{"start":{"line":176,"column":23},"end":{"line":176,"column":46}}],"line":176},"36":{"loc":{"start":{"line":178,"column":4},"end":{"line":178,"column":34}},"type":"if","locations":[{"start":{"line":178,"column":4},"end":{"line":178,"column":34}},{"start":{},"end":{}}],"line":178},"37":{"loc":{"start":{"line":187,"column":2},"end":{"line":187,"column":30}},"type":"if","locations":[{"start":{"line":187,"column":2},"end":{"line":187,"column":30}},{"start":{},"end":{}}],"line":187},"38":{"loc":{"start":{"line":201,"column":2},"end":{"line":201,"column":71}},"type":"if","locations":[{"start":{"line":201,"column":2},"end":{"line":201,"column":71}},{"start":{},"end":{}}],"line":201},"39":{"loc":{"start":{"line":202,"column":2},"end":{"line":202,"column":84}},"type":"if","locations":[{"start":{"line":202,"column":2},"end":{"line":202,"column":84}},{"start":{},"end":{}}],"line":202},"40":{"loc":{"start":{"line":203,"column":2},"end":{"line":203,"column":84}},"type":"if","locations":[{"start":{"line":203,"column":2},"end":{"line":203,"column":84}},{"start":{},"end":{}}],"line":203},"41":{"loc":{"start":{"line":204,"column":2},"end":{"line":204,"column":74}},"type":"if","locations":[{"start":{"line":204,"column":2},"end":{"line":204,"column":74}},{"start":{},"end":{}}],"line":204},"42":{"loc":{"start":{"line":205,"column":2},"end":{"line":205,"column":92}},"type":"if","locations":[{"start":{"line":205,"column":2},"end":{"line":205,"column":92}},{"start":{},"end":{}}],"line":205}},"s":{"0":3,"1":3,"2":0,"3":0,"4":3,"5":3,"6":0,"7":0,"8":0,"9":0,"10":0,"11":0,"12":0,"13":0,"14":0,"15":0,"16":0,"17":0,"18":0,"19":0,"20":0,"21":3,"22":3,"23":0,"24":0,"25":3,"26":3,"27":54,"28":9,"29":0,"30":9,"31":9,"32":0,"33":0,"34":0,"35":0,"36":0,"37":0,"38":0,"39":0,"40":0,"41":0,"42":0,"43":0,"44":0,"45":0,"46":0,"47":0,"48":0,"49":0,"50":0,"51":0,"52":0,"53":0,"54":0,"55":0,"56":0,"57":0,"58":0,"59":0,"60":0,"61":0,"62":0,"63":0,"64":0,"65":0,"66":0,"67":0,"68":0,"69":0,"70":0,"71":0,"72":0,"73":3,"74":0,"75":0,"76":0,"77":0,"78":0,"79":0,"80":0,"81":0,"82":0,"83":0,"84":0,"85":0,"86":0,"87":0,"88":0,"89":0,"90":0,"91":0,"92":0,"93":0,"94":0,"95":0,"96":0,"97":0,"98":0,"99":0,"100":0,"101":0,"102":0,"103":0,"104":0,"105":0,"106":0,"107":0,"108":0,"109":0,"110":0,"111":0,"112":0},"f":{"0":0,"1":0,"2":0,"3":0,"4":54,"5":9,"6":0,"7":0,"8":0,"9":0,"10":0,"11":0,"12":0,"13":0,"14":0,"15":0,"16":0,"17":0,"18":0,"19":0,"20":0},"b":{"0":[0,3],"1":[0,0],"2":[0,0],"3":[0,0],"4":[0,0],"5":[0,0],"6":[0,9],"7":[9,0],"8":[0,0],"9":[0,0],"10":[0,0],"11":[0,0],"12":[0,0],"13":[0,0],"14":[0,0],"15":[0,0],"16":[0],"17":[0,0],"18":[0,0],"19":[0,0],"20":[0,0],"21":[0,0],"22":[0,0],"23":[0,0],"24":[0,0],"25":[0,0],"26":[0,0],"27":[0,0,0],"28":[0,0],"29":[0,0],"30":[0,0],"31":[0,0],"32":[0,0],"33":[0,0,0],"34":[0,0],"35":[0,0],"36":[0,0],"37":[0,0],"38":[0,0],"39":[0,0],"40":[0,0],"41":[0,0],"42":[0,0]},"meta":{"lastBranch":43,"lastFunction":21,"lastStatement":113,"seen":{"s:5:19:5:41":0,"b:6:0:6:81:undefined:undefined:undefined:undefined":0,"s:6:0:6:81":1,"s:6:19:6:63":2,"s:6:64:6:79":3,"s:8:19:8:31":4,"s:9:21:9:39":5,"f:13:16:13:28":0,"s:14:17:14:42":6,"b:15:2:17:3:undefined:undefined:undefined:undefined":1,"s:15:2:17:3":7,"b:15:6:15:13:15:17:15:46":2,"s:16:4:16:69":8,"s:19:2:26:3":9,"s:20:18:20:38":10,"s:21:4:21:92":11,"s:22:4:22:10":12,"b:24:4:24:120:undefined:undefined:undefined:undefined":3,"s:24:4:24:120":13,"s:24:42:24:120":14,"s:25:4:25:82":15,"f:31:16:31:27":1,"s:32:2:38:3":16,"f:32:9:32:10":2,"b:33:4:36:5:undefined:undefined:undefined:undefined":4,"s:33:4:36:5":17,"b:33:8:33:17:33:21:33:51":5,"s:34:6:34:90":18,"s:35:6:35:91":19,"s:37:4:37:10":20,"s:41:29:56:1":21,"s:58:25:66:1":22,"f:68:9:68:24":3,"s:69:16:69:90":23,"s:70:2:70:29":24,"s:73:24:73:33":25,"s:74:18:74:23":26,"f:76:16:76:33":4,"s:77:2:117:3":27,"f:77:9:77:14":5,"b:78:4:78:84:undefined:undefined:undefined:undefined":6,"s:78:4:78:84":28,"s:78:19:78:84":29,"b:79:4:79:54:undefined:undefined:undefined:undefined":7,"s:79:4:79:54":30,"s:79:41:79:54":31,"b:80:4:80:47:undefined:undefined:undefined:undefined":8,"s:80:4:80:47":32,"s:80:34:80:47":33,"s:83:27:83:58":34,"b:84:4:89:5:undefined:undefined:undefined:undefined":9,"s:84:4:89:5":35,"s:85:27:87:7":36,"f:85:44:85:52":6,"s:86:8:86:74":37,"f:86:28:86:35":7,"s:86:39:86:73":38,"b:88:6:88:37:undefined:undefined:undefined:undefined":10,"s:88:6:88:37":39,"s:88:24:88:37":40,"s:92:4:113:14":41,"s:93:23:93:66":42,"s:94:21:94:50":43,"b:95:6:98:7:undefined:undefined:undefined:undefined":11,"s:95:6:98:7":44,"b:95:10:95:16:95:20:95:49":12,"b:96:8:96:41:undefined:undefined:undefined:undefined":13,"s:96:8:96:41":45,"s:96:28:96:41":46,"s:97:8:97:111":47,"s:100:19:103:8":48,"b:105:6:112:7:undefined:undefined:undefined:undefined":14,"s:105:6:112:7":49,"s:106:24:106:68":50,"f:106:45:106:46":8,"s:106:50:106:67":51,"s:107:22:109:9":52,"f:107:39:107:47":9,"s:108:10:108:69":53,"f:108:23:108:30":10,"s:108:34:108:68":54,"s:110:8:110:92":55,"b:111:8:111:32:undefined:undefined:undefined:undefined":15,"s:111:8:111:32":56,"s:111:19:111:32":57,"s:115:4:115:100":58,"s:116:4:116:100":59,"f:122:16:122:24":11,"b:122:48:122:50":16,"b:123:2:123:21:undefined:undefined:undefined:undefined":17,"s:123:2:123:21":60,"s:123:15:123:21":61,"s:124:15:136:3":62,"b:126:11:126:26:126:30:126:41":18,"b:131:15:131:40:131:44:131:46":19,"b:132:28:132:37:132:40:132:49":20,"b:133:19:133:37:133:41:133:45":21,"b:134:37:134:67:134:70:134:74":22,"b:135:35:135:64:135:67:135:71":23,"s:137:2:137:112":63,"f:137:43:137:46":12,"s:137:50:137:111":64,"s:138:2:138:179":65,"f:138:113:138:116":13,"s:138:120:138:178":66,"f:141:16:141:31":14,"s:142:2:149:3":67,"f:142:9:142:10":15,"s:143:25:143:43":68,"s:144:4:147:5":69,"f:144:15:144:23":16,"s:145:6:145:79":70,"s:146:6:146:31":71,"s:148:4:148:10":72,"s:154:19:154:83":73,"f:156:16:156:33":17,"b:157:2:157:82:undefined:undefined:undefined:undefined":24,"s:157:2:157:82":74,"s:157:17:157:82":75,"b:158:2:158:81:undefined:undefined:undefined:undefined":25,"s:158:2:158:81":76,"b:158:6:158:37:158:41:158:66":26,"s:158:68:158:81":77,"s:160:24:160:76":78,"b:160:24:160:38:160:42:160:56:160:60:160:76":27,"b:161:2:161:35:undefined:undefined:undefined:undefined":28,"s:161:2:161:35":79,"s:161:22:161:35":80,"s:163:19:163:32":81,"b:164:2:164:100:undefined:undefined:undefined:undefined":29,"s:164:2:164:100":82,"s:164:17:164:100":83,"b:166:2:169:3:undefined:undefined:undefined:undefined":30,"s:166:2:169:3":84,"b:166:6:166:32:166:36:166:54":31,"s:167:4:167:86":85,"s:168:4:168:89":86,"s:171:2:171:8":87,"f:174:16:174:28":18,"b:175:2:175:94:undefined:undefined:undefined:undefined":32,"s:175:2:175:94":88,"b:175:6:175:15:175:19:175:50:175:54:175:79":33,"s:175:81:175:94":89,"b:176:2:180:3:undefined:undefined:undefined:undefined":34,"s:176:2:180:3":90,"b:176:6:176:19:176:23:176:46":35,"b:178:4:178:34:undefined:undefined:undefined:undefined":36,"s:178:4:178:34":91,"s:178:20:178:34":92,"s:179:4:179:34":93,"s:181:2:181:8":94,"f:186:22:186:37":19,"b:187:2:187:30:undefined:undefined:undefined:undefined":37,"s:187:2:187:30":95,"s:187:17:187:30":96,"s:188:2:194:20":97,"s:189:4:192:6":98,"s:193:4:193:10":99,"s:194:12:194:18":100,"f:199:16:199:32":20,"s:200:17:200:19":101,"b:201:2:201:71:undefined:undefined:undefined:undefined":38,"s:201:2:201:71":102,"s:201:27:201:71":103,"b:202:2:202:84:undefined:undefined:undefined:undefined":39,"s:202:2:202:84":104,"s:202:31:202:84":105,"b:203:2:203:84:undefined:undefined:undefined:undefined":40,"s:203:2:203:84":106,"s:203:31:203:84":107,"b:204:2:204:74:undefined:undefined:undefined:undefined":41,"s:204:2:204:74":108,"s:204:31:204:74":109,"b:205:2:205:92:undefined:undefined:undefined:undefined":42,"s:205:2:205:92":110,"s:205:38:205:92":111,"s:206:2:206:47":112},"fnNames":{}}}
,"D:\\meter\\backend\\src\\routes\\customers.js": {"path":"D:\\meter\\backend\\src\\routes\\customers.js","statementMap":{"0":{"start":{"line":7,"column":15},"end":{"line":7,"column":23}},"1":{"start":{"line":8,"column":0},"end":{"line":8,"column":24}},"2":{"start":{"line":10,"column":21},"end":{"line":16,"column":2}},"3":{"start":{"line":18,"column":0},"end":{"line":30,"column":2}},"4":{"start":{"line":19,"column":2},"end":{"line":29,"column":29}},"5":{"start":{"line":20,"column":17},"end":{"line":20,"column":57}},"6":{"start":{"line":21,"column":18},"end":{"line":21,"column":75}},"7":{"start":{"line":22,"column":19},"end":{"line":22,"column":35}},"8":{"start":{"line":23,"column":18},"end":{"line":23,"column":132}},"9":{"start":{"line":24,"column":31},"end":{"line":27,"column":6}},"10":{"start":{"line":28,"column":4},"end":{"line":28,"column":47}},"11":{"start":{"line":29,"column":18},"end":{"line":29,"column":27}},"12":{"start":{"line":32,"column":0},"end":{"line":42,"column":2}},"13":{"start":{"line":33,"column":2},"end":{"line":41,"column":29}},"14":{"start":{"line":34,"column":22},"end":{"line":34,"column":117}},"15":{"start":{"line":35,"column":19},"end":{"line":35,"column":62}},"16":{"start":{"line":36,"column":17},"end":{"line":36,"column":166}},"17":{"start":{"line":36,"column":36},"end":{"line":36,"column":165}},"18":{"start":{"line":37,"column":4},"end":{"line":37,"column":45}},"19":{"start":{"line":38,"column":4},"end":{"line":38,"column":78}},"20":{"start":{"line":39,"column":4},"end":{"line":39,"column":42}},"21":{"start":{"line":40,"column":4},"end":{"line":40,"column":65}},"22":{"start":{"line":41,"column":18},"end":{"line":41,"column":27}},"23":{"start":{"line":44,"column":0},"end":{"line":55,"column":2}},"24":{"start":{"line":45,"column":2},"end":{"line":54,"column":29}},"25":{"start":{"line":46,"column":63},"end":{"line":52,"column":6}},"26":{"start":{"line":53,"column":4},"end":{"line":53,"column":77}},"27":{"start":{"line":54,"column":18},"end":{"line":54,"column":27}},"28":{"start":{"line":57,"column":0},"end":{"line":64,"column":2}},"29":{"start":{"line":58,"column":2},"end":{"line":63,"column":29}},"30":{"start":{"line":59,"column":21},"end":{"line":59,"column":147}},"31":{"start":{"line":60,"column":4},"end":{"line":60,"column":79}},"32":{"start":{"line":60,"column":19},"end":{"line":60,"column":79}},"33":{"start":{"line":61,"column":4},"end":{"line":61,"column":67}},"34":{"start":{"line":62,"column":4},"end":{"line":62,"column":26}},"35":{"start":{"line":63,"column":18},"end":{"line":63,"column":27}},"36":{"start":{"line":66,"column":0},"end":{"line":77,"column":2}},"37":{"start":{"line":67,"column":2},"end":{"line":76,"column":3}},"38":{"start":{"line":68,"column":17},"end":{"line":68,"column":45}},"39":{"start":{"line":69,"column":21},"end":{"line":69,"column":59}},"40":{"start":{"line":70,"column":4},"end":{"line":70,"column":66}},"41":{"start":{"line":71,"column":4},"end":{"line":71,"column":261}},"42":{"start":{"line":71,"column":199},"end":{"line":71,"column":260}},"43":{"start":{"line":72,"column":4},"end":{"line":72,"column":38}},"44":{"start":{"line":74,"column":4},"end":{"line":74,"column":115}},"45":{"start":{"line":74,"column":35},"end":{"line":74,"column":115}},"46":{"start":{"line":75,"column":4},"end":{"line":75,"column":13}},"47":{"start":{"line":79,"column":0},"end":{"line":89,"column":2}},"48":{"start":{"line":80,"column":2},"end":{"line":88,"column":3}},"49":{"start":{"line":81,"column":17},"end":{"line":81,"column":55}},"50":{"start":{"line":82,"column":21},"end":{"line":82,"column":89}},"51":{"start":{"line":83,"column":4},"end":{"line":83,"column":26}},"52":{"start":{"line":84,"column":4},"end":{"line":84,"column":68}},"53":{"start":{"line":86,"column":4},"end":{"line":86,"column":115}},"54":{"start":{"line":86,"column":35},"end":{"line":86,"column":115}},"55":{"start":{"line":87,"column":4},"end":{"line":87,"column":13}},"56":{"start":{"line":91,"column":0},"end":{"line":101,"column":2}},"57":{"start":{"line":92,"column":2},"end":{"line":100,"column":29}},"58":{"start":{"line":93,"column":30},"end":{"line":93,"column":124}},"59":{"start":{"line":94,"column":4},"end":{"line":94,"column":126}},"60":{"start":{"line":94,"column":31},"end":{"line":94,"column":126}},"61":{"start":{"line":95,"column":27},"end":{"line":95,"column":132}},"62":{"start":{"line":96,"column":4},"end":{"line":96,"column":114}},"63":{"start":{"line":96,"column":28},"end":{"line":96,"column":114}},"64":{"start":{"line":97,"column":4},"end":{"line":97,"column":100}},"65":{"start":{"line":98,"column":4},"end":{"line":98,"column":69}},"66":{"start":{"line":99,"column":4},"end":{"line":99,"column":31}},"67":{"start":{"line":100,"column":18},"end":{"line":100,"column":27}},"68":{"start":{"line":103,"column":0},"end":{"line":113,"column":2}},"69":{"start":{"line":104,"column":2},"end":{"line":112,"column":29}},"70":{"start":{"line":105,"column":22},"end":{"line":105,"column":117}},"71":{"start":{"line":106,"column":19},"end":{"line":106,"column":62}},"72":{"start":{"line":107,"column":17},"end":{"line":107,"column":166}},"73":{"start":{"line":107,"column":36},"end":{"line":107,"column":165}},"74":{"start":{"line":108,"column":4},"end":{"line":108,"column":45}},"75":{"start":{"line":109,"column":4},"end":{"line":109,"column":78}},"76":{"start":{"line":110,"column":4},"end":{"line":110,"column":42}},"77":{"start":{"line":111,"column":4},"end":{"line":111,"column":65}},"78":{"start":{"line":112,"column":18},"end":{"line":112,"column":27}},"79":{"start":{"line":115,"column":0},"end":{"line":126,"column":2}},"80":{"start":{"line":116,"column":2},"end":{"line":125,"column":29}},"81":{"start":{"line":117,"column":63},"end":{"line":123,"column":6}},"82":{"start":{"line":124,"column":4},"end":{"line":124,"column":77}},"83":{"start":{"line":125,"column":18},"end":{"line":125,"column":27}},"84":{"start":{"line":130,"column":0},"end":{"line":139,"column":2}},"85":{"start":{"line":131,"column":2},"end":{"line":138,"column":29}},"86":{"start":{"line":132,"column":21},"end":{"line":132,"column":87}},"87":{"start":{"line":133,"column":4},"end":{"line":133,"column":79}},"88":{"start":{"line":133,"column":19},"end":{"line":133,"column":79}},"89":{"start":{"line":134,"column":4},"end":{"line":134,"column":96}},"90":{"start":{"line":134,"column":30},"end":{"line":134,"column":96}},"91":{"start":{"line":135,"column":21},"end":{"line":135,"column":129}},"92":{"start":{"line":136,"column":4},"end":{"line":136,"column":67}},"93":{"start":{"line":137,"column":4},"end":{"line":137,"column":36}},"94":{"start":{"line":138,"column":18},"end":{"line":138,"column":27}}},"fnMap":{"0":{"name":"(anonymous_0)","decl":{"start":{"line":18,"column":53},"end":{"line":18,"column":58}},"loc":{"start":{"line":18,"column":79},"end":{"line":30,"column":1}},"line":18},"1":{"name":"(anonymous_1)","decl":{"start":{"line":32,"column":61},"end":{"line":32,"column":66}},"loc":{"start":{"line":32,"column":87},"end":{"line":42,"column":1}},"line":32},"2":{"name":"(anonymous_2)","decl":{"start":{"line":36,"column":31},"end":{"line":36,"column":32}},"loc":{"start":{"line":36,"column":36},"end":{"line":36,"column":165}},"line":36},"3":{"name":"(anonymous_3)","decl":{"start":{"line":44,"column":58},"end":{"line":44,"column":63}},"loc":{"start":{"line":44,"column":84},"end":{"line":55,"column":1}},"line":44},"4":{"name":"(anonymous_4)","decl":{"start":{"line":57,"column":56},"end":{"line":57,"column":61}},"loc":{"start":{"line":57,"column":82},"end":{"line":64,"column":1}},"line":57},"5":{"name":"(anonymous_5)","decl":{"start":{"line":66,"column":56},"end":{"line":66,"column":61}},"loc":{"start":{"line":66,"column":82},"end":{"line":77,"column":1}},"line":66},"6":{"name":"(anonymous_6)","decl":{"start":{"line":71,"column":192},"end":{"line":71,"column":195}},"loc":{"start":{"line":71,"column":199},"end":{"line":71,"column":260}},"line":71},"7":{"name":"(anonymous_7)","decl":{"start":{"line":79,"column":58},"end":{"line":79,"column":63}},"loc":{"start":{"line":79,"column":84},"end":{"line":89,"column":1}},"line":79},"8":{"name":"(anonymous_8)","decl":{"start":{"line":91,"column":61},"end":{"line":91,"column":66}},"loc":{"start":{"line":91,"column":87},"end":{"line":101,"column":1}},"line":91},"9":{"name":"(anonymous_9)","decl":{"start":{"line":103,"column":61},"end":{"line":103,"column":66}},"loc":{"start":{"line":103,"column":87},"end":{"line":113,"column":1}},"line":103},"10":{"name":"(anonymous_10)","decl":{"start":{"line":107,"column":31},"end":{"line":107,"column":32}},"loc":{"start":{"line":107,"column":36},"end":{"line":107,"column":165}},"line":107},"11":{"name":"(anonymous_11)","decl":{"start":{"line":115,"column":58},"end":{"line":115,"column":63}},"loc":{"start":{"line":115,"column":84},"end":{"line":126,"column":1}},"line":115},"12":{"name":"(anonymous_12)","decl":{"start":{"line":130,"column":67},"end":{"line":130,"column":72}},"loc":{"start":{"line":130,"column":93},"end":{"line":139,"column":1}},"line":130}},"branchMap":{"0":{"loc":{"start":{"line":20,"column":29},"end":{"line":20,"column":56}},"type":"binary-expr","locations":[{"start":{"line":20,"column":29},"end":{"line":20,"column":51}},{"start":{"line":20,"column":55},"end":{"line":20,"column":56}}],"line":20},"1":{"loc":{"start":{"line":21,"column":44},"end":{"line":21,"column":73}},"type":"binary-expr","locations":[{"start":{"line":21,"column":44},"end":{"line":21,"column":67}},{"start":{"line":21,"column":71},"end":{"line":21,"column":73}}],"line":21},"2":{"loc":{"start":{"line":23,"column":42},"end":{"line":23,"column":129}},"type":"cond-expr","locations":[{"start":{"line":23,"column":51},"end":{"line":23,"column":124}},{"start":{"line":23,"column":127},"end":{"line":23,"column":129}}],"line":23},"3":{"loc":{"start":{"line":36,"column":47},"end":{"line":36,"column":59}},"type":"binary-expr","locations":[{"start":{"line":36,"column":47},"end":{"line":36,"column":53}},{"start":{"line":36,"column":57},"end":{"line":36,"column":59}}],"line":36},"4":{"loc":{"start":{"line":36,"column":63},"end":{"line":36,"column":76}},"type":"binary-expr","locations":[{"start":{"line":36,"column":63},"end":{"line":36,"column":70}},{"start":{"line":36,"column":74},"end":{"line":36,"column":76}}],"line":36},"5":{"loc":{"start":{"line":36,"column":80},"end":{"line":36,"column":93}},"type":"binary-expr","locations":[{"start":{"line":36,"column":80},"end":{"line":36,"column":87}},{"start":{"line":36,"column":91},"end":{"line":36,"column":93}}],"line":36},"6":{"loc":{"start":{"line":36,"column":97},"end":{"line":36,"column":111}},"type":"binary-expr","locations":[{"start":{"line":36,"column":97},"end":{"line":36,"column":105}},{"start":{"line":36,"column":109},"end":{"line":36,"column":111}}],"line":36},"7":{"loc":{"start":{"line":36,"column":115},"end":{"line":36,"column":127}},"type":"binary-expr","locations":[{"start":{"line":36,"column":115},"end":{"line":36,"column":121}},{"start":{"line":36,"column":125},"end":{"line":36,"column":127}}],"line":36},"8":{"loc":{"start":{"line":36,"column":131},"end":{"line":36,"column":163}},"type":"binary-expr","locations":[{"start":{"line":36,"column":131},"end":{"line":36,"column":157}},{"start":{"line":36,"column":161},"end":{"line":36,"column":163}}],"line":36},"9":{"loc":{"start":{"line":60,"column":4},"end":{"line":60,"column":79}},"type":"if","locations":[{"start":{"line":60,"column":4},"end":{"line":60,"column":79}},{"start":{},"end":{}}],"line":60},"10":{"loc":{"start":{"line":71,"column":153},"end":{"line":71,"column":180}},"type":"binary-expr","locations":[{"start":{"line":71,"column":153},"end":{"line":71,"column":167}},{"start":{"line":71,"column":171},"end":{"line":71,"column":180}}],"line":71},"11":{"loc":{"start":{"line":74,"column":4},"end":{"line":74,"column":115}},"type":"if","locations":[{"start":{"line":74,"column":4},"end":{"line":74,"column":115}},{"start":{},"end":{}}],"line":74},"12":{"loc":{"start":{"line":86,"column":4},"end":{"line":86,"column":115}},"type":"if","locations":[{"start":{"line":86,"column":4},"end":{"line":86,"column":115}},{"start":{},"end":{}}],"line":86},"13":{"loc":{"start":{"line":94,"column":4},"end":{"line":94,"column":126}},"type":"if","locations":[{"start":{"line":94,"column":4},"end":{"line":94,"column":126}},{"start":{},"end":{}}],"line":94},"14":{"loc":{"start":{"line":96,"column":4},"end":{"line":96,"column":114}},"type":"if","locations":[{"start":{"line":96,"column":4},"end":{"line":96,"column":114}},{"start":{},"end":{}}],"line":96},"15":{"loc":{"start":{"line":107,"column":47},"end":{"line":107,"column":59}},"type":"binary-expr","locations":[{"start":{"line":107,"column":47},"end":{"line":107,"column":53}},{"start":{"line":107,"column":57},"end":{"line":107,"column":59}}],"line":107},"16":{"loc":{"start":{"line":107,"column":63},"end":{"line":107,"column":76}},"type":"binary-expr","locations":[{"start":{"line":107,"column":63},"end":{"line":107,"column":70}},{"start":{"line":107,"column":74},"end":{"line":107,"column":76}}],"line":107},"17":{"loc":{"start":{"line":107,"column":80},"end":{"line":107,"column":93}},"type":"binary-expr","locations":[{"start":{"line":107,"column":80},"end":{"line":107,"column":87}},{"start":{"line":107,"column":91},"end":{"line":107,"column":93}}],"line":107},"18":{"loc":{"start":{"line":107,"column":97},"end":{"line":107,"column":111}},"type":"binary-expr","locations":[{"start":{"line":107,"column":97},"end":{"line":107,"column":105}},{"start":{"line":107,"column":109},"end":{"line":107,"column":111}}],"line":107},"19":{"loc":{"start":{"line":107,"column":115},"end":{"line":107,"column":127}},"type":"binary-expr","locations":[{"start":{"line":107,"column":115},"end":{"line":107,"column":121}},{"start":{"line":107,"column":125},"end":{"line":107,"column":127}}],"line":107},"20":{"loc":{"start":{"line":107,"column":131},"end":{"line":107,"column":163}},"type":"binary-expr","locations":[{"start":{"line":107,"column":131},"end":{"line":107,"column":157}},{"start":{"line":107,"column":161},"end":{"line":107,"column":163}}],"line":107},"21":{"loc":{"start":{"line":133,"column":4},"end":{"line":133,"column":79}},"type":"if","locations":[{"start":{"line":133,"column":4},"end":{"line":133,"column":79}},{"start":{},"end":{}}],"line":133},"22":{"loc":{"start":{"line":134,"column":4},"end":{"line":134,"column":96}},"type":"if","locations":[{"start":{"line":134,"column":4},"end":{"line":134,"column":96}},{"start":{},"end":{}}],"line":134}},"s":{"0":2,"1":2,"2":2,"3":2,"4":2,"5":2,"6":2,"7":2,"8":2,"9":2,"10":2,"11":0,"12":2,"13":0,"14":0,"15":0,"16":0,"17":0,"18":0,"19":0,"20":0,"21":0,"22":0,"23":2,"24":0,"25":0,"26":0,"27":0,"28":2,"29":2,"30":2,"31":2,"32":2,"33":0,"34":0,"35":0,"36":2,"37":0,"38":0,"39":0,"40":0,"41":0,"42":0,"43":0,"44":0,"45":0,"46":0,"47":2,"48":0,"49":0,"50":0,"51":0,"52":0,"53":0,"54":0,"55":0,"56":2,"57":0,"58":0,"59":0,"60":0,"61":0,"62":0,"63":0,"64":0,"65":0,"66":0,"67":0,"68":2,"69":0,"70":0,"71":0,"72":0,"73":0,"74":0,"75":0,"76":0,"77":0,"78":0,"79":2,"80":0,"81":0,"82":0,"83":0,"84":2,"85":0,"86":0,"87":0,"88":0,"89":0,"90":0,"91":0,"92":0,"93":0,"94":0},"f":{"0":2,"1":0,"2":0,"3":0,"4":2,"5":0,"6":0,"7":0,"8":0,"9":0,"10":0,"11":0,"12":0},"b":{"0":[2,2],"1":[2,2],"2":[0,2],"3":[0,0],"4":[0,0],"5":[0,0],"6":[0,0],"7":[0,0],"8":[0,0],"9":[2,0],"10":[0,0],"11":[0,0],"12":[0,0],"13":[0,0],"14":[0,0],"15":[0,0],"16":[0,0],"17":[0,0],"18":[0,0],"19":[0,0],"20":[0,0],"21":[0,0],"22":[0,0]},"meta":{"lastBranch":23,"lastFunction":13,"lastStatement":95,"seen":{"s:7:15:7:23":0,"s:8:0:8:24":1,"s:10:21:16:2":2,"s:18:0:30:2":3,"f:18:53:18:58":0,"s:19:2:29:29":4,"s:20:17:20:57":5,"b:20:29:20:51:20:55:20:56":0,"s:21:18:21:75":6,"b:21:44:21:67:21:71:21:73":1,"s:22:19:22:35":7,"s:23:18:23:132":8,"b:23:51:23:124:23:127:23:129":2,"s:24:31:27:6":9,"s:28:4:28:47":10,"s:29:18:29:27":11,"s:32:0:42:2":12,"f:32:61:32:66":1,"s:33:2:41:29":13,"s:34:22:34:117":14,"s:35:19:35:62":15,"s:36:17:36:166":16,"f:36:31:36:32":2,"s:36:36:36:165":17,"b:36:47:36:53:36:57:36:59":3,"b:36:63:36:70:36:74:36:76":4,"b:36:80:36:87:36:91:36:93":5,"b:36:97:36:105:36:109:36:111":6,"b:36:115:36:121:36:125:36:127":7,"b:36:131:36:157:36:161:36:163":8,"s:37:4:37:45":18,"s:38:4:38:78":19,"s:39:4:39:42":20,"s:40:4:40:65":21,"s:41:18:41:27":22,"s:44:0:55:2":23,"f:44:58:44:63":3,"s:45:2:54:29":24,"s:46:63:52:6":25,"s:53:4:53:77":26,"s:54:18:54:27":27,"s:57:0:64:2":28,"f:57:56:57:61":4,"s:58:2:63:29":29,"s:59:21:59:147":30,"b:60:4:60:79:undefined:undefined:undefined:undefined":9,"s:60:4:60:79":31,"s:60:19:60:79":32,"s:61:4:61:67":33,"s:62:4:62:26":34,"s:63:18:63:27":35,"s:66:0:77:2":36,"f:66:56:66:61":5,"s:67:2:76:3":37,"s:68:17:68:45":38,"s:69:21:69:59":39,"s:70:4:70:66":40,"s:71:4:71:261":41,"b:71:153:71:167:71:171:71:180":10,"f:71:192:71:195":6,"s:71:199:71:260":42,"s:72:4:72:38":43,"b:74:4:74:115:undefined:undefined:undefined:undefined":11,"s:74:4:74:115":44,"s:74:35:74:115":45,"s:75:4:75:13":46,"s:79:0:89:2":47,"f:79:58:79:63":7,"s:80:2:88:3":48,"s:81:17:81:55":49,"s:82:21:82:89":50,"s:83:4:83:26":51,"s:84:4:84:68":52,"b:86:4:86:115:undefined:undefined:undefined:undefined":12,"s:86:4:86:115":53,"s:86:35:86:115":54,"s:87:4:87:13":55,"s:91:0:101:2":56,"f:91:61:91:66":8,"s:92:2:100:29":57,"s:93:30:93:124":58,"b:94:4:94:126:undefined:undefined:undefined:undefined":13,"s:94:4:94:126":59,"s:94:31:94:126":60,"s:95:27:95:132":61,"b:96:4:96:114:undefined:undefined:undefined:undefined":14,"s:96:4:96:114":62,"s:96:28:96:114":63,"s:97:4:97:100":64,"s:98:4:98:69":65,"s:99:4:99:31":66,"s:100:18:100:27":67,"s:103:0:113:2":68,"f:103:61:103:66":9,"s:104:2:112:29":69,"s:105:22:105:117":70,"s:106:19:106:62":71,"s:107:17:107:166":72,"f:107:31:107:32":10,"s:107:36:107:165":73,"b:107:47:107:53:107:57:107:59":15,"b:107:63:107:70:107:74:107:76":16,"b:107:80:107:87:107:91:107:93":17,"b:107:97:107:105:107:109:107:111":18,"b:107:115:107:121:107:125:107:127":19,"b:107:131:107:157:107:161:107:163":20,"s:108:4:108:45":74,"s:109:4:109:78":75,"s:110:4:110:42":76,"s:111:4:111:65":77,"s:112:18:112:27":78,"s:115:0:126:2":79,"f:115:58:115:63":11,"s:116:2:125:29":80,"s:117:63:123:6":81,"s:124:4:124:77":82,"s:125:18:125:27":83,"s:130:0:139:2":84,"f:130:67:130:72":12,"s:131:2:138:29":85,"s:132:21:132:87":86,"b:133:4:133:79:undefined:undefined:undefined:undefined":21,"s:133:4:133:79":87,"s:133:19:133:79":88,"b:134:4:134:96:undefined:undefined:undefined:undefined":22,"s:134:4:134:96":89,"s:134:30:134:96":90,"s:135:21:135:129":91,"s:136:4:136:67":92,"s:137:4:137:36":93,"s:138:18:138:27":94},"fnNames":{}}}
,"D:\\meter\\backend\\src\\routes\\invoices.js": {"path":"D:\\meter\\backend\\src\\routes\\invoices.js","statementMap":{"0":{"start":{"line":7,"column":23},"end":{"line":7,"column":128}},"1":{"start":{"line":8,"column":15},"end":{"line":8,"column":23}},"2":{"start":{"line":9,"column":0},"end":{"line":9,"column":24}},"3":{"start":{"line":11,"column":21},"end":{"line":17,"column":2}},"4":{"start":{"line":19,"column":0},"end":{"line":30,"column":2}},"5":{"start":{"line":20,"column":2},"end":{"line":29,"column":29}},"6":{"start":{"line":21,"column":45},"end":{"line":21,"column":54}},"7":{"start":{"line":22,"column":18},"end":{"line":22,"column":38}},"8":{"start":{"line":23,"column":4},"end":{"line":23,"column":37}},"9":{"start":{"line":23,"column":16},"end":{"line":23,"column":37}},"10":{"start":{"line":24,"column":30},"end":{"line":27,"column":6}},"11":{"start":{"line":28,"column":4},"end":{"line":28,"column":75}},"12":{"start":{"line":29,"column":18},"end":{"line":29,"column":27}},"13":{"start":{"line":33,"column":0},"end":{"line":43,"column":2}},"14":{"start":{"line":34,"column":2},"end":{"line":42,"column":29}},"15":{"start":{"line":35,"column":18},"end":{"line":35,"column":112}},"16":{"start":{"line":36,"column":19},"end":{"line":36,"column":86}},"17":{"start":{"line":37,"column":17},"end":{"line":37,"column":133}},"18":{"start":{"line":37,"column":32},"end":{"line":37,"column":132}},"19":{"start":{"line":38,"column":4},"end":{"line":38,"column":45}},"20":{"start":{"line":39,"column":4},"end":{"line":39,"column":77}},"21":{"start":{"line":40,"column":4},"end":{"line":40,"column":42}},"22":{"start":{"line":41,"column":4},"end":{"line":41,"column":60}},"23":{"start":{"line":42,"column":18},"end":{"line":42,"column":27}},"24":{"start":{"line":45,"column":0},"end":{"line":52,"column":2}},"25":{"start":{"line":46,"column":2},"end":{"line":51,"column":29}},"26":{"start":{"line":47,"column":20},"end":{"line":47,"column":147}},"27":{"start":{"line":48,"column":4},"end":{"line":48,"column":77}},"28":{"start":{"line":48,"column":18},"end":{"line":48,"column":77}},"29":{"start":{"line":49,"column":4},"end":{"line":49,"column":65}},"30":{"start":{"line":50,"column":4},"end":{"line":50,"column":25}},"31":{"start":{"line":51,"column":18},"end":{"line":51,"column":27}},"32":{"start":{"line":54,"column":0},"end":{"line":64,"column":2}},"33":{"start":{"line":55,"column":2},"end":{"line":63,"column":3}},"34":{"start":{"line":56,"column":17},"end":{"line":56,"column":45}},"35":{"start":{"line":57,"column":20},"end":{"line":57,"column":57}},"36":{"start":{"line":58,"column":4},"end":{"line":58,"column":63}},"37":{"start":{"line":59,"column":4},"end":{"line":59,"column":37}},"38":{"start":{"line":61,"column":4},"end":{"line":61,"column":115}},"39":{"start":{"line":61,"column":35},"end":{"line":61,"column":115}},"40":{"start":{"line":62,"column":4},"end":{"line":62,"column":13}},"41":{"start":{"line":67,"column":0},"end":{"line":76,"column":2}},"42":{"start":{"line":68,"column":2},"end":{"line":75,"column":29}},"43":{"start":{"line":69,"column":16},"end":{"line":69,"column":81}},"44":{"start":{"line":70,"column":4},"end":{"line":70,"column":73}},"45":{"start":{"line":70,"column":14},"end":{"line":70,"column":73}},"46":{"start":{"line":71,"column":4},"end":{"line":71,"column":128}},"47":{"start":{"line":71,"column":31},"end":{"line":71,"column":128}},"48":{"start":{"line":72,"column":4},"end":{"line":72,"column":99}},"49":{"start":{"line":73,"column":4},"end":{"line":73,"column":67}},"50":{"start":{"line":74,"column":4},"end":{"line":74,"column":31}},"51":{"start":{"line":75,"column":18},"end":{"line":75,"column":27}},"52":{"start":{"line":78,"column":0},"end":{"line":140,"column":2}},"53":{"start":{"line":79,"column":2},"end":{"line":139,"column":3}},"54":{"start":{"line":80,"column":51},"end":{"line":80,"column":81}},"55":{"start":{"line":83,"column":21},"end":{"line":83,"column":101}},"56":{"start":{"line":84,"column":4},"end":{"line":84,"column":106}},"57":{"start":{"line":84,"column":19},"end":{"line":84,"column":106}},"58":{"start":{"line":87,"column":24},"end":{"line":87,"column":198}},"59":{"start":{"line":88,"column":23},"end":{"line":88,"column":163}},"60":{"start":{"line":89,"column":22},"end":{"line":92,"column":5}},"61":{"start":{"line":90,"column":30},"end":{"line":90,"column":37}},"62":{"start":{"line":91,"column":33},"end":{"line":91,"column":76}},"63":{"start":{"line":91,"column":56},"end":{"line":91,"column":75}},"64":{"start":{"line":93,"column":4},"end":{"line":93,"column":103}},"65":{"start":{"line":93,"column":32},"end":{"line":93,"column":103}},"66":{"start":{"line":96,"column":19},"end":{"line":96,"column":107}},"67":{"start":{"line":97,"column":4},"end":{"line":97,"column":81}},"68":{"start":{"line":97,"column":17},"end":{"line":97,"column":81}},"69":{"start":{"line":100,"column":20},"end":{"line":100,"column":102}},"70":{"start":{"line":101,"column":29},"end":{"line":101,"column":60}},"71":{"start":{"line":102,"column":20},"end":{"line":102,"column":70}},"72":{"start":{"line":103,"column":26},"end":{"line":103,"column":71}},"73":{"start":{"line":106,"column":26},"end":{"line":106,"column":45}},"74":{"start":{"line":107,"column":22},"end":{"line":107,"column":23}},"75":{"start":{"line":108,"column":18},"end":{"line":108,"column":20}},"76":{"start":{"line":110,"column":4},"end":{"line":125,"column":5}},"77":{"start":{"line":111,"column":23},"end":{"line":111,"column":37}},"78":{"start":{"line":112,"column":6},"end":{"line":124,"column":7}},"79":{"start":{"line":113,"column":28},"end":{"line":113,"column":65}},"80":{"start":{"line":114,"column":23},"end":{"line":114,"column":77}},"81":{"start":{"line":117,"column":24},"end":{"line":117,"column":61}},"82":{"start":{"line":118,"column":8},"end":{"line":123,"column":9}},"83":{"start":{"line":119,"column":10},"end":{"line":119,"column":218}},"84":{"start":{"line":121,"column":10},"end":{"line":121,"column":31}},"85":{"start":{"line":122,"column":10},"end":{"line":122,"column":229}},"86":{"start":{"line":127,"column":20},"end":{"line":127,"column":145}},"87":{"start":{"line":129,"column":4},"end":{"line":131,"column":5}},"88":{"start":{"line":130,"column":6},"end":{"line":130,"column":102}},"89":{"start":{"line":130,"column":66},"end":{"line":130,"column":97}},"90":{"start":{"line":133,"column":4},"end":{"line":133,"column":98}},"91":{"start":{"line":134,"column":4},"end":{"line":134,"column":267}},"92":{"start":{"line":134,"column":206},"end":{"line":134,"column":266}},"93":{"start":{"line":135,"column":4},"end":{"line":135,"column":44}},"94":{"start":{"line":137,"column":4},"end":{"line":137,"column":115}},"95":{"start":{"line":137,"column":35},"end":{"line":137,"column":115}},"96":{"start":{"line":138,"column":4},"end":{"line":138,"column":13}},"97":{"start":{"line":144,"column":0},"end":{"line":156,"column":2}},"98":{"start":{"line":145,"column":2},"end":{"line":155,"column":29}},"99":{"start":{"line":146,"column":20},"end":{"line":146,"column":85}},"100":{"start":{"line":147,"column":4},"end":{"line":147,"column":77}},"101":{"start":{"line":147,"column":18},"end":{"line":147,"column":77}},"102":{"start":{"line":148,"column":4},"end":{"line":148,"column":93}},"103":{"start":{"line":148,"column":29},"end":{"line":148,"column":93}},"104":{"start":{"line":149,"column":19},"end":{"line":152,"column":6}},"105":{"start":{"line":153,"column":4},"end":{"line":153,"column":86}},"106":{"start":{"line":154,"column":4},"end":{"line":154,"column":33}},"107":{"start":{"line":155,"column":18},"end":{"line":155,"column":27}},"108":{"start":{"line":160,"column":0},"end":{"line":173,"column":2}},"109":{"start":{"line":161,"column":2},"end":{"line":172,"column":3}},"110":{"start":{"line":162,"column":20},"end":{"line":162,"column":85}},"111":{"start":{"line":163,"column":4},"end":{"line":163,"column":77}},"112":{"start":{"line":163,"column":18},"end":{"line":163,"column":77}},"113":{"start":{"line":164,"column":4},"end":{"line":164,"column":102}},"114":{"start":{"line":164,"column":29},"end":{"line":164,"column":102}},"115":{"start":{"line":165,"column":17},"end":{"line":165,"column":108}},"116":{"start":{"line":166,"column":20},"end":{"line":166,"column":162}},"117":{"start":{"line":167,"column":4},"end":{"line":167,"column":91}},"118":{"start":{"line":168,"column":4},"end":{"line":168,"column":34}},"119":{"start":{"line":170,"column":4},"end":{"line":170,"column":115}},"120":{"start":{"line":170,"column":35},"end":{"line":170,"column":115}},"121":{"start":{"line":171,"column":4},"end":{"line":171,"column":13}},"122":{"start":{"line":177,"column":0},"end":{"line":204,"column":2}},"123":{"start":{"line":178,"column":2},"end":{"line":203,"column":3}},"124":{"start":{"line":179,"column":20},"end":{"line":179,"column":85}},"125":{"start":{"line":180,"column":4},"end":{"line":180,"column":77}},"126":{"start":{"line":180,"column":18},"end":{"line":180,"column":77}},"127":{"start":{"line":181,"column":4},"end":{"line":181,"column":102}},"128":{"start":{"line":181,"column":29},"end":{"line":181,"column":102}},"129":{"start":{"line":183,"column":17},"end":{"line":187,"column":22}},"130":{"start":{"line":189,"column":17},"end":{"line":191,"column":6}},"131":{"start":{"line":193,"column":20},"end":{"line":196,"column":6}},"132":{"start":{"line":198,"column":4},"end":{"line":198,"column":118}},"133":{"start":{"line":199,"column":4},"end":{"line":199,"column":64}},"134":{"start":{"line":201,"column":4},"end":{"line":201,"column":115}},"135":{"start":{"line":201,"column":35},"end":{"line":201,"column":115}},"136":{"start":{"line":202,"column":4},"end":{"line":202,"column":13}},"137":{"start":{"line":208,"column":0},"end":{"line":228,"column":2}},"138":{"start":{"line":209,"column":2},"end":{"line":227,"column":29}},"139":{"start":{"line":210,"column":20},"end":{"line":210,"column":85}},"140":{"start":{"line":211,"column":4},"end":{"line":211,"column":77}},"141":{"start":{"line":211,"column":18},"end":{"line":211,"column":77}},"142":{"start":{"line":212,"column":4},"end":{"line":212,"column":109}},"143":{"start":{"line":212,"column":35},"end":{"line":212,"column":109}},"144":{"start":{"line":213,"column":4},"end":{"line":213,"column":132}},"145":{"start":{"line":213,"column":63},"end":{"line":213,"column":132}},"146":{"start":{"line":216,"column":4},"end":{"line":216,"column":93}},"147":{"start":{"line":219,"column":19},"end":{"line":222,"column":6}},"148":{"start":{"line":223,"column":23},"end":{"line":223,"column":42}},"149":{"start":{"line":225,"column":4},"end":{"line":225,"column":139}},"150":{"start":{"line":226,"column":4},"end":{"line":226,"column":80}},"151":{"start":{"line":227,"column":18},"end":{"line":227,"column":27}}},"fnMap":{"0":{"name":"(anonymous_0)","decl":{"start":{"line":19,"column":52},"end":{"line":19,"column":57}},"loc":{"start":{"line":19,"column":78},"end":{"line":30,"column":1}},"line":19},"1":{"name":"(anonymous_1)","decl":{"start":{"line":33,"column":60},"end":{"line":33,"column":65}},"loc":{"start":{"line":33,"column":86},"end":{"line":43,"column":1}},"line":33},"2":{"name":"(anonymous_2)","decl":{"start":{"line":37,"column":27},"end":{"line":37,"column":28}},"loc":{"start":{"line":37,"column":32},"end":{"line":37,"column":132}},"line":37},"3":{"name":"(anonymous_3)","decl":{"start":{"line":45,"column":55},"end":{"line":45,"column":60}},"loc":{"start":{"line":45,"column":81},"end":{"line":52,"column":1}},"line":45},"4":{"name":"(anonymous_4)","decl":{"start":{"line":54,"column":55},"end":{"line":54,"column":60}},"loc":{"start":{"line":54,"column":81},"end":{"line":64,"column":1}},"line":54},"5":{"name":"(anonymous_5)","decl":{"start":{"line":67,"column":60},"end":{"line":67,"column":65}},"loc":{"start":{"line":67,"column":86},"end":{"line":76,"column":1}},"line":67},"6":{"name":"(anonymous_6)","decl":{"start":{"line":78,"column":63},"end":{"line":78,"column":68}},"loc":{"start":{"line":78,"column":89},"end":{"line":140,"column":1}},"line":78},"7":{"name":"(anonymous_7)","decl":{"start":{"line":90,"column":25},"end":{"line":90,"column":26}},"loc":{"start":{"line":90,"column":30},"end":{"line":90,"column":37}},"line":90},"8":{"name":"(anonymous_8)","decl":{"start":{"line":91,"column":27},"end":{"line":91,"column":29}},"loc":{"start":{"line":91,"column":33},"end":{"line":91,"column":76}},"line":91},"9":{"name":"(anonymous_9)","decl":{"start":{"line":91,"column":51},"end":{"line":91,"column":52}},"loc":{"start":{"line":91,"column":56},"end":{"line":91,"column":75}},"line":91},"10":{"name":"(anonymous_10)","decl":{"start":{"line":130,"column":60},"end":{"line":130,"column":61}},"loc":{"start":{"line":130,"column":66},"end":{"line":130,"column":97}},"line":130},"11":{"name":"(anonymous_11)","decl":{"start":{"line":134,"column":199},"end":{"line":134,"column":202}},"loc":{"start":{"line":134,"column":206},"end":{"line":134,"column":266}},"line":134},"12":{"name":"(anonymous_12)","decl":{"start":{"line":144,"column":64},"end":{"line":144,"column":69}},"loc":{"start":{"line":144,"column":90},"end":{"line":156,"column":1}},"line":144},"13":{"name":"(anonymous_13)","decl":{"start":{"line":160,"column":55},"end":{"line":160,"column":60}},"loc":{"start":{"line":160,"column":81},"end":{"line":173,"column":1}},"line":160},"14":{"name":"(anonymous_14)","decl":{"start":{"line":177,"column":68},"end":{"line":177,"column":73}},"loc":{"start":{"line":177,"column":94},"end":{"line":204,"column":1}},"line":177},"15":{"name":"(anonymous_15)","decl":{"start":{"line":208,"column":69},"end":{"line":208,"column":74}},"loc":{"start":{"line":208,"column":95},"end":{"line":228,"column":1}},"line":208}},"branchMap":{"0":{"loc":{"start":{"line":21,"column":12},"end":{"line":21,"column":20}},"type":"default-arg","locations":[{"start":{"line":21,"column":19},"end":{"line":21,"column":20}}],"line":21},"1":{"loc":{"start":{"line":21,"column":22},"end":{"line":21,"column":32}},"type":"default-arg","locations":[{"start":{"line":21,"column":30},"end":{"line":21,"column":32}}],"line":21},"2":{"loc":{"start":{"line":23,"column":4},"end":{"line":23,"column":37}},"type":"if","locations":[{"start":{"line":23,"column":4},"end":{"line":23,"column":37}},{"start":{},"end":{}}],"line":23},"3":{"loc":{"start":{"line":48,"column":4},"end":{"line":48,"column":77}},"type":"if","locations":[{"start":{"line":48,"column":4},"end":{"line":48,"column":77}},{"start":{},"end":{}}],"line":48},"4":{"loc":{"start":{"line":61,"column":4},"end":{"line":61,"column":115}},"type":"if","locations":[{"start":{"line":61,"column":4},"end":{"line":61,"column":115}},{"start":{},"end":{}}],"line":61},"5":{"loc":{"start":{"line":70,"column":4},"end":{"line":70,"column":73}},"type":"if","locations":[{"start":{"line":70,"column":4},"end":{"line":70,"column":73}},{"start":{},"end":{}}],"line":70},"6":{"loc":{"start":{"line":71,"column":4},"end":{"line":71,"column":128}},"type":"if","locations":[{"start":{"line":71,"column":4},"end":{"line":71,"column":128}},{"start":{},"end":{}}],"line":71},"7":{"loc":{"start":{"line":84,"column":4},"end":{"line":84,"column":106}},"type":"if","locations":[{"start":{"line":84,"column":4},"end":{"line":84,"column":106}},{"start":{},"end":{}}],"line":84},"8":{"loc":{"start":{"line":93,"column":4},"end":{"line":93,"column":103}},"type":"if","locations":[{"start":{"line":93,"column":4},"end":{"line":93,"column":103}},{"start":{},"end":{}}],"line":93},"9":{"loc":{"start":{"line":97,"column":4},"end":{"line":97,"column":81}},"type":"if","locations":[{"start":{"line":97,"column":4},"end":{"line":97,"column":81}},{"start":{},"end":{}}],"line":97},"10":{"loc":{"start":{"line":100,"column":78},"end":{"line":100,"column":97}},"type":"binary-expr","locations":[{"start":{"line":100,"column":78},"end":{"line":100,"column":91}},{"start":{"line":100,"column":95},"end":{"line":100,"column":97}}],"line":100},"11":{"loc":{"start":{"line":101,"column":29},"end":{"line":101,"column":60}},"type":"binary-expr","locations":[{"start":{"line":101,"column":29},"end":{"line":101,"column":54}},{"start":{"line":101,"column":58},"end":{"line":101,"column":60}}],"line":101},"12":{"loc":{"start":{"line":103,"column":26},"end":{"line":103,"column":71}},"type":"binary-expr","locations":[{"start":{"line":103,"column":26},"end":{"line":103,"column":54}},{"start":{"line"
[...]
:150":4,"s:19:2:19:13":5,"f:24:22:24:32":1,"s:25:16:25:33":6,"b:26:2:26:61:undefined:undefined:undefined:undefined":1,"s:26:2:26:61":7,"s:26:14:26:61":8,"s:27:18:27:20":9,"s:28:2:35:3":10,"s:29:4:34:5":11,"s:30:19:30:62":12,"s:31:6:31:41":13,"s:33:6:33:60":14,"s:36:2:36:188":15,"s:37:2:37:137":16,"f:37:65:37:66":2,"s:37:70:37:79":17,"f:37:112:37:113":3,"s:37:117:37:127":18,"f:40:22:40:32":4,"s:41:18:41:20":19,"s:42:2:45:3":20,"s:43:4:44:72":21,"s:43:10:43:50":22,"s:43:51:43:86":23,"s:44:16:44:70":24,"s:46:2:46:89":25,"f:46:65:46:66":5,"s:46:70:46:79":26,"f:51:22:51:32":6,"s:52:16:52:33":27,"b:53:2:53:61:undefined:undefined:undefined:undefined":2,"s:53:2:53:61":28,"s:53:14:53:61":29,"s:55:18:55:20":30,"s:56:2:63:3":31,"s:57:4:62:5":32,"s:58:19:58:55":33,"s:59:6:59:50":34,"s:61:6:61:56":35,"s:64:21:64:58":36,"f:64:36:64:37":7,"s:64:41:64:50":37,"s:65:17:65:55":38,"f:65:32:65:33":8,"s:65:37:65:47":39,"s:66:2:66:231":40,"b:66:205:66:214:66:217:66:226":3,"s:67:2:67:63":41,"s:72:24:72:29":42,"f:74:22:74:32":9,"b:74:54:74:56":4,"b:74:67:74:73":5,"s:75:16:75:33":43,"b:76:2:76:61:undefined:undefined:undefined:undefined":6,"s:76:2:76:61":44,"s:76:14:76:61":45,"s:77:16:77:104":46,"s:78:16:78:28":47,"b:79:2:84:3:undefined:undefined:undefined:undefined":7,"s:79:2:84:3":48,"b:80:4:80:72:undefined:undefined:undefined:undefined":8,"s:80:4:80:72":49,"s:80:28:80:72":50,"s:81:20:81:78":51,"f:81:49:81:50":10,"s:81:54:81:77":52,"s:82:16:82:125":53,"f:82:49:82:52":11,"s:82:56:82:112":54,"f:82:68:82:69":12,"s:82:73:82:101":55,"b:82:88:82:94:82:98:82:100":9,"s:83:4:83:83":56,"s:85:2:85:84":57,"f:90:22:90:32":13,"s:91:16:91:83":58,"b:92:2:92:54:undefined:undefined:undefined:undefined":10,"s:92:2:92:54":59,"s:92:14:92:54":60,"s:93:2:93:194":61,"s:94:2:94:55":62,"f:99:22:99:35":14,"s:100:16:100:33":63,"b:101:2:101:61:undefined:undefined:undefined:undefined":11,"s:101:2:101:61":64,"s:101:14:101:61":65,"s:102:15:102:56":66,"b:103:2:103:41:undefined:undefined:undefined:undefined":12,"s:103:2:103:41":67,"s:103:13:103:41":68,"s:104:21:104:45":69,"s:105:18:105:193":70,"b:105:87:105:91:105:94:105:104":13,"b:105:131:105:135:105:138:105:144":14,"b:105:167:105:175:105:178:105:188":15,"s:106:2:106:183":71,"b:106:80:106:91:106:94:106:103":16,"s:107:2:107:16":72,"f:112:22:112:39":15,"s:113:16:113:33":73,"b:114:2:114:61:undefined:undefined:undefined:undefined":17,"s:114:2:114:61":74,"s:114:14:114:61":75,"s:115:15:115:90":76,"s:116:2:116:147":77,"s:117:2:117:13":78,"f:120:22:120:29":16,"s:121:16:121:33":79,"b:122:2:122:61:undefined:undefined:undefined:undefined":18,"s:122:2:122:61":80,"s:122:14:122:61":81,"s:123:15:123:82":82,"s:124:2:124:148":83,"s:125:2:125:13":84,"f:128:22:128:28":17,"s:129:16:129:33":85,"b:130:2:130:61:undefined:undefined:undefined:undefined":19,"s:130:2:130:61":86,"s:130:14:130:61":87,"s:131:15:131:82":88,"s:132:2:132:148":89,"s:133:2:133:13":90,"f:138:22:138:39":18,"s:139:18:143:4":91,"s:144:2:147:5":92,"f:144:21:144:22":19,"s:144:27:147:3":93,"b:146:25:146:46:146:49:146:53":20},"fnNames":{}}}
,"D:\\meter\\backend\\src\\services\\email-engine.js": {"path":"D:\\meter\\backend\\src\\services\\email-engine.js","statementMap":{"0":{"start":{"line":4,"column":20},"end":{"line":8,"column":null}},"1":{"start":{"line":11,"column":2},"end":{"line":18,"column":null}},"2":{"start":{"line":12,"column":17},"end":{"line":12,"column":null}},"3":{"start":{"line":13,"column":4},"end":{"line":13,"column":null}},"4":{"start":{"line":14,"column":4},"end":{"line":14,"column":null}},"5":{"start":{"line":16,"column":4},"end":{"line":16,"column":null}},"6":{"start":{"line":17,"column":4},"end":{"line":17,"column":null}}},"fnMap":{"0":{"name":"sendEmail","decl":{"start":{"line":10,"column":22},"end":{"line":10,"column":31}},"loc":{"start":{"line":10,"column":51},"end":{"line":19,"column":1}},"line":10}},"branchMap":{"0":{"loc":{"start":{"line":5,"column":8},"end":{"line":5,"column":51}},"type":"binary-expr","locations":[{"start":{"line":5,"column":8},"end":{"line":5,"column":29}},{"start":{"line":5,"column":33},"end":{"line":5,"column":51}}],"line":5},"1":{"loc":{"start":{"line":6,"column":17},"end":{"line":6,"column":47}},"type":"binary-expr","locations":[{"start":{"line":6,"column":17},"end":{"line":6,"column":38}},{"start":{"line":6,"column":42},"end":{"line":6,"column":47}}],"line":6},"2":{"loc":{"start":{"line":7,"column":16},"end":{"line":7,"column":43}},"type":"binary-expr","locations":[{"start":{"line":7,"column":16},"end":{"line":7,"column":37}},{"start":{"line":7,"column":41},"end":{"line":7,"column":43}}],"line":7},"3":{"loc":{"start":{"line":7,"column":51},"end":{"line":7,"column":78}},"type":"binary-expr","locations":[{"start":{"line":7,"column":51},"end":{"line":7,"column":72}},{"start":{"line":7,"column":76},"end":{"line":7,"column":78}}],"line":7},"4":{"loc":{"start":{"line":12,"column":52},"end":{"line":12,"column":101}},"type":"binary-expr","locations":[{"start":{"line":12,"column":52},"end":{"line":12,"column":73}},{"start":{"line":12,"column":77},"end":{"line":12,"column":101}}],"line":12},"5":{"loc":{"start":{"line":13,"column":53},"end":{"line":13,"column":102}},"type":"binary-expr","locations":[{"start":{"line":13,"column":53},"end":{"line":13,"column":74}},{"start":{"line":13,"column":78},"end":{"line":13,"column":102}}],"line":13},"6":{"loc":{"start":{"line":16,"column":53},"end":{"line":16,"column":102}},"type":"binary-expr","locations":[{"start":{"line":16,"column":53},"end":{"line":16,"column":74}},{"start":{"line":16,"column":78},"end":{"line":16,"column":102}}],"line":16}},"s":{"0":1,"1":1,"2":1,"3":1,"4":1,"5":1,"6":1},"f":{"0":1},"b":{"0":[1,0],"1":[1,0],"2":[1,0],"3":[1,0],"4":[1,1],"5":[1,1],"6":[1,1]},"meta":{"lastBranch":7,"lastFunction":1,"lastStatement":7,"seen":{"s:4:20:8:Infinity":0,"b:5:8:5:29:5:33:5:51":0,"b:6:17:6:38:6:42:6:47":1,"b:7:16:7:37:7:41:7:43":2,"b:7:51:7:72:7:76:7:78":3,"f:10:22:10:31":0,"s:11:2:18:Infinity":1,"s:12:17:12:Infinity":2,"b:12:52:12:73:12:77:12:101":4,"s:13:4:13:Infinity":3,"b:13:53:13:74:13:78:13:102":5,"s:14:4:14:Infinity":4,"s:16:4:16:Infinity":5,"b:16:53:16:74:16:78:16:102":6,"s:17:4:17:Infinity":6},"fnNames":{}}}
,"D:\\meter\\backend\\src\\services\\kpi-engine.js": {"path":"D:\\meter\\backend\\src\\services\\kpi-engine.js","statementMap":{"0":{"start":{"line":3,"column":24},"end":{"line":10,"column":null}},"1":{"start":{"line":13,"column":2},"end":{"line":19,"column":null}},"2":{"start":{"line":14,"column":4},"end":{"line":18,"column":null}},"3":{"start":{"line":23,"column":15},"end":{"line":23,"column":null}},"4":{"start":{"line":24,"column":2},"end":{"line":36,"column":null}},"5":{"start":{"line":25,"column":16},"end":{"line":25,"column":null}},"6":{"start":{"line":26,"column":4},"end":{"line":33,"column":null}},"7":{"start":{"line":27,"column":30},"end":{"line":27,"column":68}},"8":{"start":{"line":27,"column":69},"end":{"line":27,"column":null}},"9":{"start":{"line":28,"column":28},"end":{"line":28,"column":94}},"10":{"start":{"line":28,"column":95},"end":{"line":28,"column":null}},"11":{"start":{"line":29,"column":29},"end":{"line":29,"column":132}},"12":{"start":{"line":29,"column":133},"end":{"line":29,"column":null}},"13":{"start":{"line":30,"column":33},"end":{"line":30,"column":70}},"14":{"start":{"line":30,"column":71},"end":{"line":30,"column":null}},"15":{"start":{"line":31,"column":45},"end":{"line":31,"column":103}},"16":{"start":{"line":31,"column":105},"end":{"line":31,"column":132}},"17":{"start":{"line":31,"column":133},"end":{"line":31,"column":138}},"18":{"start":{"line":32,"column":32},"end":{"line":32,"column":43}},"19":{"start":{"line":32,"column":44},"end":{"line":32,"column":null}},"20":{"start":{"line":34,"column":4},"end":{"line":34,"column":null}},"21":{"start":{"line":35,"column":4},"end":{"line":35,"column":null}}},"fnMap":{"0":{"name":"seedKPIDefinitions","decl":{"start":{"line":12,"column":22},"end":{"line":12,"column":40}},"loc":{"start":{"line":12,"column":43},"end":{"line":20,"column":null}},"line":12},"1":{"name":"recordKPISnapshot","decl":{"start":{"line":22,"column":22},"end":{"line":22,"column":39}},"loc":{"start":{"line":22,"column":42},"end":{"line":37,"column":null}},"line":22}},"branchMap":{"0":{"loc":{"start":{"line":26,"column":4},"end":{"line":33,"column":null}},"type":"switch","locations":[{"start":{"line":27,"column":6},"end":{"line":27,"column":null}},{"start":{"line":28,"column":6},"end":{"line":28,"column":null}},{"start":{"line":29,"column":6},"end":{"line":29,"column":null}},{"start":{"line":30,"column":6},"end":{"line":30,"column":null}},{"start":{"line":31,"column":6},"end":{"line":31,"column":null}},{"start":{"line":32,"column":6},"end":{"line":32,"column":null}}],"line":26},"1":{"loc":{"start":{"line":31,"column":113},"end":{"line":31,"column":131}},"type":"binary-expr","locations":[{"start":{"line":31,"column":113},"end":{"line":31,"column":126}},{"start":{"line":31,"column":130},"end":{"line":31,"column":131}}],"line":31}},"s":{"0":1,"1":1,"2":6,"3":1,"4":1,"5":2,"6":2,"7":1,"8":1,"9":1,"10":1,"11":0,"12":0,"13":0,"14":0,"15":0,"16":0,"17":0,"18":0,"19":0,"20":2,"21":2},"f":{"0":1,"1":1},"b":{"0":[1,1,0,0,0,0],"1":[0,0]},"meta":{"lastBranch":2,"lastFunction":2,"lastStatement":22,"seen":{"s:3:24:10:Infinity":0,"f:12:22:12:40":0,"s:13:2:19:Infinity":1,"s:14:4:18:Infinity":2,"f:22:22:22:39":1,"s:23:15:23:Infinity":3,"s:24:2:36:Infinity":4,"s:25:16:25:Infinity":5,"b:27:6:27:Infinity:28:6:28:Infinity:29:6:29:Infinity:30:6:30:Infinity:31:6:31:Infinity:32:6:32:Infinity":0,"s:26:4:33:Infinity":6,"s:27:30:27:68":7,"s:27:69:27:Infinity":8,"s:28:28:28:94":9,"s:28:95:28:Infinity":10,"s:29:29:29:132":11,"s:29:133:29:Infinity":12,"s:30:33:30:70":13,"s:30:71:30:Infinity":14,"s:31:45:31:103":15,"s:31:105:31:132":16,"b:31:113:31:126:31:130:31:131":1,"s:31:133:31:138":17,"s:32:32:32:43":18,"s:32:44:32:Infinity":19,"s:34:4:34:Infinity":20,"s:35:4:35:Infinity":21},"fnNames":{}}}
,"D:\\meter\\backend\\src\\services\\logger.js": {"path":"D:\\meter\\backend\\src\\services\\logger.js","statementMap":{"0":{"start":{"line":4,"column":6},"end":{"line":4,"column":null}},"1":{"start":{"line":6,"column":15},"end":{"line":19,"column":null}},"2":{"start":{"line":16,"column":19},"end":{"line":16,"column":null}},"3":{"start":{"line":17,"column":19},"end":{"line":17,"column":null}}},"fnMap":{"0":{"name":"(anonymous_0)","decl":{"start":{"line":16,"column":4},"end":{"line":16,"column":10}},"loc":{"start":{"line":16,"column":19},"end":{"line":16,"column":null}},"line":16},"1":{"name":"(anonymous_1)","decl":{"start":{"line":17,"column":4},"end":{"line":17,"column":10}},"loc":{"start":{"line":17,"column":19},"end":{"line":17,"column":null}},"line":17}},"branchMap":{"0":{"loc":{"start":{"line":7,"column":9},"end":{"line":7,"column":null}},"type":"binary-expr","locations":[{"start":{"line":7,"column":9},"end":{"line":7,"column":35}},{"start":{"line":7,"column":35},"end":{"line":7,"column":null}}],"line":7},"1":{"loc":{"start":{"line":7,"column":35},"end":{"line":7,"column":null}},"type":"cond-expr","locations":[{"start":{"line":7,"column":50},"end":{"line":7,"column":59}},{"start":{"line":7,"column":59},"end":{"line":7,"column":null}}],"line":7},"2":{"loc":{"start":{"line":8,"column":13},"end":{"line":10,"column":null}},"type":"cond-expr","locations":[{"start":{"line":9,"column":6},"end":{"line":9,"column":null}},{"start":{"line":10,"column":6},"end":{"line":10,"column":null}}],"line":8},"3":{"loc":{"start":{"line":9,"column":53},"end":{"line":9,"column":95}},"type":"binary-expr","locations":[{"start":{"line":9,"column":53},"end":{"line":9,"column":77}},{"start":{"line":9,"column":77},"end":{"line":9,"column":95}}],"line":9},"4":{"loc":{"start":{"line":17,"column":50},"end":{"line":17,"column":87}},"type":"cond-expr","locations":[{"start":{"line":17,"column":65},"end":{"line":17,"column":77}},{"start":{"line":17,"column":77},"end":{"line":17,"column":87}}],"line":17}},"s":{"0":3,"1":3,"2":0,"3":0},"f":{"0":0,"1":0},"b":{"0":[3,3],"1":[0,3],"2":[0,3],"3":[0,0],"4":[0,0]},"meta":{"lastBranch":5,"lastFunction":2,"lastStatement":4,"seen":{"s:4:6:4:Infinity":0,"s:6:15:19:Infinity":1,"b:7:9:7:35:7:35:7:Infinity":0,"b:7:50:7:59:7:59:7:Infinity":1,"b:9:6:9:Infinity:10:6:10:Infinity":2,"b:9:53:9:77:9:77:9:95":3,"f:16:4:16:10":0,"s:16:19:16:Infinity":2,"f:17:4:17:10":1,"s:17:19:17:Infinity":3,"b:17:65:17:77:17:77:17:87":4},"fnNames":{}}}
,"D:\\meter\\backend\\src\\services\\sms-engine.js": {"path":"D:\\meter\\backend\\src\\services\\sms-engine.js","statementMap":{"0":{"start":{"line":4,"column":2},"end":{"line":11,"column":null}},"1":{"start":{"line":6,"column":4},"end":{"line":6,"column":null}},"2":{"start":{"line":7,"column":4},"end":{"line":7,"column":null}},"3":{"start":{"line":9,"column":4},"end":{"line":9,"column":null}},"4":{"start":{"line":10,"column":4},"end":{"line":10,"column":null}}},"fnMap":{"0":{"name":"sendSms","decl":{"start":{"line":3,"column":22},"end":{"line":3,"column":29}},"loc":{"start":{"line":3,"column":43},"end":{"line":12,"column":1}},"line":3}},"branchMap":{},"s":{"0":1,"1":1,"2":1,"3":0,"4":0},"f":{"0":1},"b":{},"meta":{"lastBranch":0,"lastFunction":1,"lastStatement":5,"seen":{"f:3:22:3:29":0,"s:4:2:11:Infinity":0,"s:6:4:6:Infinity":1,"s:7:4:7:Infinity":2,"s:9:4:9:Infinity":3,"s:10:4:10:Infinity":4},"fnNames":{}}}
,"D:\\meter\\backend\\src\\services\\validation-engine.js": {"path":"D:\\meter\\backend\\src\\services\\validation-engine.js","statementMap":{"0":{"start":{"line":4,"column":16},"end":{"line":4,"column":null}},"1":{"start":{"line":5,"column":18},"end":{"line":5,"column":null}},"2":{"start":{"line":6,"column":2},"end":{"line":20,"column":null}},"3":{"start":{"line":7,"column":4},"end":{"line":19,"column":null}},"4":{"start":{"line":8,"column":24},"end":{"line":8,"column":null}},"5":{"start":{"line":9,"column":21},"end":{"line":13,"column":null}},"6":{"start":{"line":10,"column":8},"end":{"line":10,"column":null}},"7":{"start":{"line":10,"column":32},"end":{"line":10,"column":null}},"8":{"start":{"line":11,"column":8},"end":{"line":11,"column":null}},"9":{"start":{"line":11,"column":32},"end":{"line":11,"column":null}},"10":{"start":{"line":12,"column":8},"end":{"line":12,"column":null}},"11":{"start":{"line":14,"column":21},"end":{"line":14,"column":null}},"12":{"start":{"line":15,"column":6},"end":{"line":17,"column":null}},"13":{"start":{"line":18,"column":6},"end":{"line":18,"column":null}},"14":{"start":{"line":21,"column":2},"end":{"line":21,"column":null}}},"fnMap":{"0":{"name":"validateReading","decl":{"start":{"line":3,"column":22},"end":{"line":3,"column":37}},"loc":{"start":{"line":3,"column":51},"end":{"line":22,"column":1}},"line":3},"1":{"name":"(anonymous_1)","decl":{"start":{"line":9,"column":53},"end":{"line":9,"column":54}},"loc":{"start":{"line":9,"column":69},"end":{"line":13,"column":7}},"line":9}},"branchMap":{"0":{"loc":{"start":{"line":10,"column":8},"end":{"line":10,"column":null}},"type":"if","locations":[{"start":{"line":10,"column":8},"end":{"line":10,"column":null}},{"start":{},"end":{}}],"line":10},"1":{"loc":{"start":{"line":11,"column":8},"end":{"line":11,"column":null}},"type":"if","locations":[{"start":{"line":11,"column":8},"end":{"line":11,"column":null}},{"start":{},"end":{}}],"line":11},"2":{"loc":{"start":{"line":14,"column":21},"end":{"line":14,"column":null}},"type":"cond-expr","locations":[{"start":{"line":14,"column":30},"end":{"line":14,"column":38}},{"start":{"line":14,"column":41},"end":{"line":14,"column":null}}],"line":14},"3":{"loc":{"start":{"line":16,"column":76},"end":{"line":16,"column":103}},"type":"binary-expr","locations":[{"start":{"line":16,"column":76},"end":{"line":16,"column":90}},{"start":{"line":16,"column":94},"end":{"line":16,"column":103}}],"line":16},"4":{"loc":{"start":{"line":16,"column":122},"end":{"line":16,"column":164}},"type":"cond-expr","locations":[{"start":{"line":16,"column":131},"end":{"line":16,"column":139}},{"start":{"line":16,"column":142},"end":{"line":16,"column":164}}],"line":16}},"s":{"0":1,"1":1,"2":1,"3":1,"4":1,"5":1,"6":1,"7":1,"8":0,"9":0,"10":0,"11":1,"12":1,"13":1,"14":1},"f":{"0":1,"1":1},"b":{"0":[1,0],"1":[0,0],"2":[1,0],"3":[1,1],"4":[1,0]},"meta":{"lastBranch":5,"lastFunction":2,"lastStatement":15,"seen":{"f:3:22:3:37":0,"s:4:16:4:Infinity":0,"s:5:18:5:Infinity":1,"s:6:2:20:Infinity":2,"s:7:4:19:Infinity":3,"s:8:24:8:Infinity":4,"s:9:21:13:Infinity":5,"f:9:53:9:54":1,"b:10:8:10:Infinity:undefined:undefined:undefined:undefined":0,"s:10:8:10:Infinity":6,"s:10:32:10:Infinity":7,"b:11:8:11:Infinity:undefined:undefined:undefined:undefined":1,"s:11:8:11:Infinity":8,"s:11:32:11:Infinity":9,"s:12:8:12:Infinity":10,"s:14:21:14:Infinity":11,"b:14:30:14:38:14:41:14:Infinity":2,"s:15:6:17:Infinity":12,"b:16:76:16:90:16:94:16:103":3,"b:16:131:16:139:16:142:16:164":4,"s:18:6:18:Infinity":13,"s:21:2:21:Infinity":14},"fnNames":{}}}
,"D:\\meter\\backend\\tests\\helpers\\mock-prisma.js": {"path":"D:\\meter\\backend\\tests\\helpers\\mock-prisma.js","statementMap":{"0":{"start":{"line":4,"column":2},"end":{"line":15,"column":4}},"1":{"start":{"line":19,"column":2},"end":{"line":28,"column":4}},"2":{"start":{"line":31,"column":22},"end":{"line":132,"column":1}},"3":{"start":{"line":127,"column":36},"end":{"line":127,"column":52}},"4":{"start":{"line":135,"column":2},"end":{"line":143,"column":3}},"5":{"start":{"line":136,"column":4},"end":{"line":142,"column":5}},"6":{"start":{"line":137,"column":6},"end":{"line":141,"column":7}},"7":{"start":{"line":138,"column":8},"end":{"line":140,"column":9}},"8":{"start":{"line":139,"column":10},"end":{"line":139,"column":29}}},"fnMap":{"0":{"name":"createMockModel","decl":{"start":{"line":3,"column":9},"end":{"line":3,"column":24}},"loc":{"start":{"line":3,"column":27},"end":{"line":16,"column":1}},"line":3},"1":{"name":"createMockDelegate","decl":{"start":{"line":18,"column":9},"end":{"line":18,"column":27}},"loc":{"start":{"line":18,"column":30},"end":{"line":29,"column":1}},"line":18},"2":{"name":"(anonymous_2)","decl":{"start":{"line":127,"column":22},"end":{"line":127,"column":23}},"loc":{"start":{"line":127,"column":36},"end":{"line":127,"column":52}},"line":127},"3":{"name":"resetPrismaMocks","decl":{"start":{"line":134,"column":16},"end":{"line":134,"column":32}},"loc":{"start":{"line":134,"column":35},"end":{"line":144,"column":1}},"line":134}},"branchMap":{"0":{"loc":{"start":{"line":136,"column":4},"end":{"line":142,"column":5}},"type":"if","locations":[{"start":{"line":136,"column":4},"end":{"line":142,"column":5}},{"start":{},"end":{}}],"line":136},"1":{"loc":{"start":{"line":136,"column":8},"end":{"line":136,"column":51}},"type":"binary-expr","locations":[{"start":{"line":136,"column":8},"end":{"line":136,"column":33}},{"start":{"line":136,"column":37},"end":{"line":136,"column":51}}],"line":136},"2":{"loc":{"start":{"line":138,"column":8},"end":{"line":140,"column":9}},"type":"if","locations":[{"start":{"line":138,"column":8},"end":{"line":140,"column":9}},{"start":{},"end":{}}],"line":138},"3":{"loc":{"start":{"line":138,"column":12},"end":{"line":138,"column":65}},"type":"binary-expr","locations":[{"start":{"line":138,"column":12},"end":{"line":138,"column":40}},{"start":{"line":138,"column":44},"end":{"line":138,"column":65}}],"line":138}},"s":{"0":1045,"1":0,"2":11,"3":0,"4":71,"5":7100,"6":6745,"7":67450,"8":67450},"f":{"0":1045,"1":0,"2":0,"3":71},"b":{"0":[6745,355],"1":[7100,6745],"2":[67450,0],"3":[67450,67450]},"meta":{"lastBranch":4,"lastFunction":4,"lastStatement":9,"seen":{"f:3:9:3:24":0,"s:4:2:15:4":0,"f:18:9:18:27":1,"s:19:2:28:4":1,"s:31:22:132:1":2,"f:127:22:127:23":2,"s:127:36:127:52":3,"f:134:16:134:32":3,"s:135:2:143:3":4,"b:136:4:142:5:undefined:undefined:undefined:undefined":0,"s:136:4:142:5":5,"b:136:8:136:33:136:37:136:51":1,"s:137:6:141:7":6,"b:138:8:140:9:undefined:undefined:undefined:undefined":2,"s:138:8:140:9":7,"b:138:12:138:40:138:44:138:65":3,"s:139:10:139:29":8},"fnNames":{}}}
}
